2016-|る-18 11:01:14   task (4.fund3): executed (C:\Users\ivan6\OneDrive\data\newexecv3F\exeC\bin\Debug\exeC.exe)
2016-|る-19 09:50:28   task (2.fund1): executed (C:\Users\ivan6\OneDrive\data\newexecv3F\exeC\bin\Debug\exeC.exe)
2016-|る-19 09:50:44   task (2.fund1): executed (C:\Users\ivan6\OneDrive\data\newexecv3F\exeC\bin\Debug\exeC.exe)
2016-|る-19 10:11:27   task (2.fund1): executed (C:\Users\ivan6\OneDrive\data\newexecv3F\exeC\bin\Debug\exeC.exe)
2016-|る-19 10:14:56   task (3.fund2): executed (C:\Users\ivan6\OneDrive\data\newexecv3F\exeC\bin\Debug\exeC.exe)
2016-|る-19 10:15:39   task (4.fund3): executed (C:\Users\ivan6\OneDrive\data\newexecv3F\exeC\bin\Debug\exeC.exe)
2016-|る-19 10:17:37   task (5.getpic): executed (C:\Users\ivan6\OneDrive\data\getpic\getpic\bin\Debug\getpic.exe)
2016-|る-19 10:19:16   task (5.getpic): executed (C:\Users\ivan6\OneDrive\data\getpic\getpic\bin\Debug\getpic.exe)
2016-|る-19 10:28:56   task (5.getpic): executed (C:\Users\ivan6\OneDrive\data\getpic\getpic\bin\Debug\getpic.exe)
2016-|る-20 09:42:28   task (1.dawnSs): executed (C:\Users\ivan6\OneDrive\data\GoogleFinanceDownloader_demo\GoogleFinanceDownloaderTest\GoogleFinanceDownloaderTest\bin\Debug\GoogleFinanceDownloaderTest.exe)
2016-|る-20 10:09:52   task (2.fund1): executed (C:\Users\ivan6\OneDrive\data\newexecv3F\exeC\bin\Debug\exeC.exe)
2016-|る-20 10:10:30   task (3.fund2): executed (C:\Users\ivan6\OneDrive\data\newexecv3F\exeC\bin\Debug\exeC.exe)
2016-|る-20 10:11:05   task (4.fund3): executed (C:\Users\ivan6\OneDrive\data\newexecv3F\exeC\bin\Debug\exeC.exe)
2016-|る-20 10:11:58   task (5.getpic): executed (C:\Users\ivan6\OneDrive\data\getpic\getpic\bin\Debug\getpic.exe)
2016-|る-20 10:25:07   task (5.getpic): executed (C:\Users\ivan6\OneDrive\data\getpic\getpic\bin\Debug\getpic.exe)
2016-|る-21 09:04:06   task (2.fund1): executed (C:\Users\ivan6\OneDrive\data\newexecv3F\exeC\bin\Debug\exeC.exe)
2016-|る-21 09:47:51   task (3.fund2): executed (C:\Users\ivan6\OneDrive\data\newexecv3F\exeC\bin\Debug\exeC.exe)
2016-|る-21 09:49:39   task (4.fund3): executed (C:\Users\ivan6\OneDrive\data\newexecv3F\exeC\bin\Debug\exeC.exe)
2016-|る-21 09:53:42   task (5.getpic): executed (C:\Users\ivan6\OneDrive\data\getpic\getpic\bin\Debug\getpic.exe)
2016-|る-22 08:50:17   task (1.dawnSs): executed (C:\Users\ivan6\OneDrive\data\GoogleFinanceDownloader_demo\GoogleFinanceDownloaderTest\GoogleFinanceDownloaderTest\bin\Debug\GoogleFinanceDownloaderTest.exe)
2016-|る-22 09:10:05   task (2.fund1): executed (C:\Users\ivan6\OneDrive\data\newexecv3F\exeC\bin\Debug\exeC.exe)
2016-|る-22 10:21:35   task (4.fund3): executed (C:\Users\ivan6\OneDrive\data\newexecv3F\exeC\bin\Debug\exeC.exe)
2016-|る-22 10:22:01   task (5.getpic): executed (C:\Users\ivan6\OneDrive\data\getpic\getpic\bin\Debug\getpic.exe)
2016-|る-26 10:34:36   task (test): executed (C:\Users\ivan6\OneDrive\data\newexecv3F\exeC\bin\Debug\exeC.exe)
2016-|る-26 11:33:20   task (5.getpic): executed (C:\Users\ivan6\OneDrive\data\getpic\getpic\bin\Debug\getpic.exe)
2016-|る-26 11:33:45   task (5.getpic): executed (C:\Users\ivan6\OneDrive\data\getpic\getpic\bin\Debug\getpic.exe)
2016-|る-26 11:34:32   task (5.getpic): executed (C:\Users\ivan6\OneDrive\data\getpic\getpic\bin\Debug\getpic.exe)
2016-|る-26 11:44:47   task (5.getpic): executed (C:\Users\ivan6\OneDrive\data\getpic\getpic\bin\Debug\getpic.exe)
2016-4月-27 09:34:21   task (1.dawnSs): executed (C:\Users\ivan6\OneDrive\data\GoogleFinanceDownloader_demo\GoogleFinanceDownloaderTest\GoogleFinanceDownloaderTest\bin\Debug\GoogleFinanceDownloaderTest.exe)
2016-4月-27 09:36:15   task (test): executed (C:\Users\ivan6\OneDrive\data\newexecv3F\exeC\bin\Debug\exeC.exe)
2016-4月-27 09:44:18   task (3.fund2): executed (C:\Users\ivan6\OneDrive\data\newexecv3F\exeC\bin\Debug\exeC.exe)
2016-4月-27 09:48:36   task (4.fund3): executed (C:\Users\ivan6\OneDrive\data\newexecv3F\exeC\bin\Debug\exeC.exe)
2016-4月-27 09:53:19   task (5.getpic): executed (C:\Users\ivan6\OneDrive\data\getpic\getpic\bin\Debug\getpic.exe)
2016-4月-27 10:24:26   task (2.fund1): executed (C:\Users\ivan6\OneDrive\data\newexecv3F\exeC\bin\Debug\exeC.exe)
2016-|る-27 10:30:57   task (2.fund1): executed (C:\Users\ivan6\OneDrive\data\newexecv3F\exeC\bin\Debug\exeC.exe)
2016-|る-27 10:36:14   task (3.fund2): executed (C:\Users\ivan6\OneDrive\data\newexecv3F\exeC\bin\Debug\exeC.exe)
2016-|る-27 10:36:47   task (4.fund3): executed (C:\Users\ivan6\OneDrive\data\newexecv3F\exeC\bin\Debug\exeC.exe)
2016-|る-27 10:38:12   task (5.getpic): executed (C:\Users\ivan6\OneDrive\data\getpic\getpic\bin\Debug\getpic.exe)
2016-|る-27 10:45:38   task (5.getpic): executed (C:\Users\ivan6\OneDrive\data\getpic\getpic\bin\Debug\getpic.exe)
2016-|る-28 09:29:52   task (test): executed (C:\Users\ivan6\OneDrive\data\newexecv3F\exeC\bin\Debug\exeC.exe)
2016-|る-28 09:50:51   task (3.fund2): executed (C:\Users\ivan6\OneDrive\data\newexecv3F\exeC\bin\Debug\exeC.exe)
2016-|る-28 09:51:42   task (4.fund3): executed (C:\Users\ivan6\OneDrive\data\newexecv3F\exeC\bin\Debug\exeC.exe)
2016-|る-28 09:53:11   task (5.getpic): executed (C:\Users\ivan6\OneDrive\data\getpic\getpic\bin\Debug\getpic.exe)
2016-|る-28 09:53:56   task (5.getpic): executed (C:\Users\ivan6\OneDrive\data\getpic\getpic\bin\Debug\getpic.exe)
2016-|る-29 09:12:32   task (test): executed (C:\Users\ivan6\OneDrive\data\newexecv3F\exeC\bin\Debug\exeC.exe)
2016-|る-29 09:14:06   task (test): executed (C:\Users\ivan6\OneDrive\data\newexecv3F\exeC\bin\Debug\exeC.exe)
2016-|る-29 09:45:56   task (3.fund2): executed (C:\Users\ivan6\OneDrive\data\newexecv3F\exeC\bin\Debug\exeC.exe)
2016-|る-29 09:46:26   task (4.fund3): executed (C:\Users\ivan6\OneDrive\data\newexecv3F\exeC\bin\Debug\exeC.exe)
2016-|る-29 09:51:27   task (5.getpic): executed (C:\Users\ivan6\OneDrive\data\getpic\getpic\bin\Debug\getpic.exe)
2016-きる-03 09:45:44   task (1.dawnSs): executed (C:\Users\ivan6\OneDrive\data\GoogleFinanceDownloader_demo\GoogleFinanceDownloaderTest\GoogleFinanceDownloaderTest\bin\Debug\GoogleFinanceDownloaderTest.exe)
2016-きる-03 09:49:34   task (2.fund1): executed (C:\Users\ivan6\OneDrive\data\newexecv3F\exeC\bin\Debug\exeC.exe)
2016-きる-03 09:51:09   task (2.fund1): executed (C:\Users\ivan6\OneDrive\data\newexecv3F\exeC\bin\Debug\exeC.exe)
2016-きる-03 10:35:58   task (4.fund3): executed (C:\Users\ivan6\OneDrive\data\newexecv3F\exeC\bin\Debug\exeC.exe)
2016-きる-03 11:11:13   task (5.getpic): executed (C:\Users\ivan6\OneDrive\data\getpic\getpic\bin\Debug\getpic.exe)
2016-きる-03 11:20:35   task (5.getpic): executed (C:\Users\ivan6\OneDrive\data\getpic\getpic\bin\Debug\getpic.exe)
2016-きる-04 09:47:12   task (test): executed (C:\Users\ivan6\OneDrive\data\newexecv3F\exeC\bin\Debug\exeC.exe)
2016-きる-04 10:34:38   task (5.getpic): executed (C:\Users\ivan6\OneDrive\data\getpic\getpic\bin\Debug\getpic.exe)
2016-きる-04 10:51:12   task (5.getpic): executed (C:\Users\ivan6\OneDrive\data\getpic\getpic\bin\Debug\getpic.exe)
2016-きる-04 10:52:57   task (5.getpic): executed (C:\Users\ivan6\OneDrive\data\getpic\getpic\bin\Debug\getpic.exe)
2016-きる-05 09:29:09   task (2.fund1): executed (C:\Users\ivan6\OneDrive\data\newexecv3F\exeC\bin\Debug\exeC.exe)
2016-きる-05 09:36:05   task (1.dawnSs): executed (C:\Users\ivan6\OneDrive\data\GoogleFinanceDownloader_demo\GoogleFinanceDownloaderTest\GoogleFinanceDownloaderTest\bin\Debug\GoogleFinanceDownloaderTest.exe)
2016-きる-05 09:58:00   task (txt): executed (C:\Users\ivan6\OneDrive\data\newexecv3F\exeC\bin\Debug\exeC.exe)
2016-きる-05 10:04:45   task (3.fund2): executed (C:\Users\ivan6\OneDrive\data\newexecv3F\exeC\bin\Debug\exeC.exe)
2016-きる-05 10:05:27   task (4.fund3): executed (C:\Users\ivan6\OneDrive\data\newexecv3F\exeC\bin\Debug\exeC.exe)
2016-きる-05 10:09:15   task (5.getpic): executed (C:\Users\ivan6\OneDrive\data\getpic\getpic\bin\Debug\getpic.exe)
2016-きる-05 10:14:52   task (5.getpic): executed (C:\Users\ivan6\OneDrive\data\getpic\getpic\bin\Debug\getpic.exe)
2016-きる-06 10:10:05   task (1.dawnSs): executed (C:\Users\ivan\OneDrive\data\GoogleFinanceDownloader_demo\GoogleFinanceDownloaderTest\GoogleFinanceDownloaderTest\bin\Debug\GoogleFinanceDownloaderTest.exe)
2016-きる-06 10:20:09   task (1.dawnSs): executed (C:\Users\ivan6\OneDrive\data\GoogleFinanceDownloader_demo\GoogleFinanceDownloaderTest\GoogleFinanceDownloaderTest\bin\Debug\GoogleFinanceDownloaderTest.exe)
2016-きる-06 10:22:16   task (2.fund1): executed (C:\Users\ivan6\OneDrive\data\newexecv3F\exeC\bin\Debug\exeC.exe)
2016-きる-06 10:22:47   task (3.fund2): executed (C:\Users\ivan6\OneDrive\data\newexecv3F\exeC\bin\Debug\exeC.exe)
2016-きる-06 10:23:28   task (4.fund3): executed (C:\Users\ivan6\OneDrive\data\newexecv3F\exeC\bin\Debug\exeC.exe)
2016-きる-06 10:24:27   task (5.getpic): executed (C:\Users\ivan6\OneDrive\data\getpic\getpic\bin\Debug\getpic.exe)
2016-きる-06 10:31:25   task (2.fund1): executed (C:\Users\ivan6\OneDrive\data\newexecv3F\exeC\bin\Debug\exeC.exe)
2016-きる-06 10:44:28   task (3.fund2): executed (C:\Users\ivan6\OneDrive\data\newexecv3F\exeC\bin\Debug\exeC.exe)
2016-きる-06 10:45:20   task (4.fund3): executed (C:\Users\ivan6\OneDrive\data\newexecv3F\exeC\bin\Debug\exeC.exe)
2016-きる-06 10:50:54   task (4.fund3): executed (C:\Users\ivan6\OneDrive\data\newexecv3F\exeC\bin\Debug\exeC.exe)
2016-きる-06 10:51:29   task (5.getpic): executed (C:\Users\ivan6\OneDrive\data\getpic\getpic\bin\Debug\getpic.exe)
2016-きる-09 09:53:41   task (1.dawnSs): executed (C:\Users\ivan6\OneDrive\data\GoogleFinanceDownloader_demo\GoogleFinanceDownloaderTest\GoogleFinanceDownloaderTest\bin\Debug\GoogleFinanceDownloaderTest.exe)
2016-きる-09 09:54:16   task (2.fund1): executed (C:\Users\ivan6\OneDrive\data\newexecv3F\exeC\bin\Debug\exeC.exe)
2016-きる-09 09:54:40   task (3.fund2): executed (C:\Users\ivan6\OneDrive\data\newexecv3F\exeC\bin\Debug\exeC.exe)
2016-きる-09 09:55:12   task (4.fund3): executed (C:\Users\ivan6\OneDrive\data\newexecv3F\exeC\bin\Debug\exeC.exe)
2016-きる-09 09:56:59   task (5.getpic): executed (C:\Users\ivan6\OneDrive\data\getpic\getpic\bin\Debug\getpic.exe)
2016-きる-09 09:57:27   task (5.getpic): executed (C:\Users\ivan6\OneDrive\data\getpic\getpic\bin\Debug\getpic.exe)
2016-きる-09 09:59:07   task (5.getpic): executed (C:\Users\ivan6\OneDrive\data\getpic\getpic\bin\Debug\getpic.exe)
2016-きる-09 10:00:42   task (5.getpic): executed (C:\Users\ivan6\OneDrive\data\getpic\getpic\bin\Debug\getpic.exe)
2016-きる-09 10:51:49   task (5.getpic): executed (C:\Users\ivan6\OneDrive\data\getpic\getpic\bin\Debug\getpic.exe)
2016-きる-09 11:04:24   task (5.getpic): executed (C:\Users\ivan6\OneDrive\data\getpic\getpic\bin\Debug\getpic.exe)
2016-きる-09 21:56:14   task (2.fund1): executed (C:\Users\ivan\OneDrive\data\newexecv3F\exeC\bin\Debug\exeC.exe)
2016-きる-09 22:04:06   task (2.fund1): executed (C:\Users\ivan\OneDrive\data\newexecv3F\exeC\bin\Debug\exeC.exe)
2016-きる-09 22:05:14   task (2.fund1): executed (C:\Users\ivan\OneDrive\data\newexecv3F\exeC\bin\Debug\exeC.exe)
2016-きる-10 10:01:13   task (1.dawnSs): executed (C:\Users\ivan6\OneDrive\data\GoogleFinanceDownloader_demo\GoogleFinanceDownloaderTest\GoogleFinanceDownloaderTest\bin\Debug\GoogleFinanceDownloaderTest.exe)
2016-きる-10 10:11:52   task (1.dawnSs): file not found (C:\Users\ivan6\OneDrive\data\GoogleFinanceDownloader_demo\GoogleFinanceDownloaderTest\GoogleFinanceDownloaderTest\bin\Debug\GoogleFinanceDownloaderTest.exe)
2016-きる-10 10:12:46   task (1.dawnSs): file not found (C:\Users\ivan6\OneDrive\data\GoogleFinanceDownloader_demo\GoogleFinanceDownloaderTest\GoogleFinanceDownloaderTest\bin\Debug\GoogleFinanceDownloaderTest.exe)
2016-きる-10 10:13:51   task (1.dawnSs): file not found (C:\Users\ivan6\OneDrive\data\GoogleFinanceDownloader_demo\GoogleFinanceDownloaderTest\GoogleFinanceDownloaderTest\bin\Debug\GoogleFinanceDownloaderTest.exe)
2016-きる-10 10:14:32   task (1.dawnSs): file not found (C:\Users\ivan6\OneDrive\data\GoogleFinanceDownloader_demo\GoogleFinanceDownloaderTest\GoogleFinanceDownloaderTest\bin\Debug\GoogleFinanceDownloaderTest.exe)
2016-きる-10 10:15:09   task (2.fund1): file not found (C:\Users\ivan6\OneDrive\data\newexecv3F\exeC\bin\Debug\exeC.exe)
2016-きる-10 10:18:15   task (2.fund1): file not found (C:\Users\ivan6\OneDrive\data\newexecv3F\exeC\bin\Debug\exeC.exe)
2016-きる-10 10:21:11   task (2.fund1): file not found (C:\Users\ivan6\OneDrive\data\newexecv3F\exeC\bin\Debug\exeC.exe)
2016-きる-10 10:27:36   task (2.fund1): file not found (C:\Users\ivan6\OneDrive\data\newexecv3F\exeC\bin\Debug\exeC.exe)
2016-きる-10 10:33:27   task (3.fund2): file not found (C:\Users\ivan6\OneDrive\data\newexecv3F\exeC\bin\Debug\exeC.exe)
2016-きる-10 10:38:35   task (5.picdelete): executed (C:\auto\ConsoleDeleteFile\ConsoleDeleteFile\bin\Debug\ConsoleDeleteFile.exe)
2016-きる-10 10:40:18   task (3.fund2): file not found (C:\Users\ivan6\OneDrive\data\newexecv3F\exeC\bin\Debug\exeC.exe)
2016-きる-10 10:44:21   task (6.getpic): file not found (C:\Users\ivan6\OneDrive\data\getpic\getpic\bin\Debug\getpic.exe)
2016-きる-11 08:25:01   task (1.dawnSs): executed (C:\Users\ivan\OneDrive\data\GoogleFinanceDownloader_demo\GoogleFinanceDownloaderTest\GoogleFinanceDownloaderTest\bin\Debug\GoogleFinanceDownloaderTest.exe)
2016-きる-11 09:00:01   task (2.fund1): executed (C:\Users\ivan\OneDrive\data\newexecv3F\exeC\bin\Debug\exeC.exe)
2016-きる-11 20:07:42   task (2.fund1): executed (C:\Users\ivan\OneDrive\data\newexecv3F\exeC\bin\Debug\exeC.exe)
2016-きる-11 20:09:57   task (2.fund1): executed (C:\Users\ivan\OneDrive\data\newexecv3F\exeC\bin\Debug\exeC.exe)
2016-きる-11 20:14:18   task (3.fund2): executed (C:\Users\ivan\OneDrive\data\newexecv3F\exeC\bin\Debug\exeC.exe)
2016-きる-11 20:21:07   task (4.fund3): executed (C:\Users\ivan\OneDrive\data\newexecv3F\exeC\bin\Debug\exeC.exe)
2016-きる-12 22:06:39   task (1.dawnSs): executed (C:\Users\ivan\OneDrive\data\GoogleFinanceDownloader_demo\GoogleFinanceDownloaderTest\GoogleFinanceDownloaderTest\bin\Debug\GoogleFinanceDownloaderTest.exe)
2016-きる-12 22:06:59   task (2.fund1): executed (C:\Users\ivan\OneDrive\data\newexecv3F\exeC\bin\Debug\exeC.exe)
2016-きる-12 22:09:21   task (2.fund1): executed (C:\Users\ivan\OneDrive\data\newexecv3F\exeC\bin\Debug\exeC.exe)
2016-きる-13 10:07:47   task (1.dawnSs): executed (C:\Users\ivan\OneDrive\data\GoogleFinanceDownloader_demo\GoogleFinanceDownloaderTest\GoogleFinanceDownloaderTest\bin\Debug\GoogleFinanceDownloaderTest.exe)
2016-きる-13 10:08:45   task (2.fund1): executed (C:\Users\ivan\OneDrive\data\newexecv3F\exeC\bin\Debug\exeC.exe)
2016-きる-13 10:14:17   task (3.fund2): executed (C:\Users\ivan\OneDrive\data\newexecv3F\exeC\bin\Debug\exeC.exe)
2016-きる-13 10:15:37   task (4.fund3): executed (C:\Users\ivan\OneDrive\data\newexecv3F\exeC\bin\Debug\exeC.exe)
2016-きる-13 10:15:54   task (5.picdelete): executed (C:\auto\ConsoleDeleteFile\ConsoleDeleteFile\bin\Debug\ConsoleDeleteFile.exe)
2016-きる-13 10:16:18   task (6.getpic): executed (C:\Users\ivan\OneDrive\data\getpic\getpic\bin\Debug\getpic.exe)
2016-きる-13 10:18:06   task (6.getpic): executed (C:\Users\ivan\OneDrive\data\getpic\getpic\bin\Debug\getpic.exe)
2016-きる-16 09:28:38   task (1.dawnSs): executed (C:\Users\ivan\OneDrive\data\GoogleFinanceDownloader_demo\GoogleFinanceDownloaderTest\GoogleFinanceDownloaderTest\bin\Debug\GoogleFinanceDownloaderTest.exe)
2016-きる-16 09:29:01   task (2.fund1): executed (C:\Users\ivan\OneDrive\data\newexecv3F\exeC\bin\Debug\exeC.exe)
2016-きる-16 09:55:39   task (1.dawnSs): executed (C:\Users\ivan\OneDrive\data\GoogleFinanceDownloader_demo\GoogleFinanceDownloaderTest\GoogleFinanceDownloaderTest\bin\Debug\GoogleFinanceDownloaderTest.exe)
2016-きる-16 09:56:00   task (2.fund1): executed (C:\Users\ivan\OneDrive\data\newexecv3F\exeC\bin\Debug\exeC.exe)
2016-きる-16 09:56:51   task (2.fund1): executed (C:\Users\ivan\OneDrive\data\newexecv3F\exeC\bin\Debug\exeC.exe)
2016-きる-16 10:03:41   task (2.fund1): executed (C:\Users\ivan\OneDrive\data\newexecv3F\exeC\bin\Debug\exeC.exe)
2016-きる-16 10:05:21   task (2.fund1): executed (C:\Users\ivan\OneDrive\data\newexecv3F\exeC\bin\Debug\exeC.exe)
2016-きる-16 10:47:19   task (2.fund1): executed (C:\Users\ivan\OneDrive\data\newexecv3F\exeC\bin\Debug\exeC.exe)
2016-きる-16 10:47:55   task (3.fund2): executed (C:\Users\ivan\OneDrive\data\newexecv3F\exeC\bin\Debug\exeC.exe)
2016-きる-16 10:56:37   task (4.fund3): executed (C:\Users\ivan\OneDrive\data\newexecv3F\exeC\bin\Debug\exeC.exe)
2016-きる-16 11:02:37   task (5.picdelete): executed (C:\auto\ConsoleDeleteFile\ConsoleDeleteFile\bin\Debug\ConsoleDeleteFile.exe)
2016-きる-16 11:03:44   task (6.getpic): executed (C:\Users\ivan\OneDrive\data\getpic\getpic\bin\Debug\getpic.exe)
2016-きる-16 11:07:17   task (6.getpic): executed (C:\Users\ivan\OneDrive\data\getpic\getpic\bin\Debug\getpic.exe)
2016-きる-16 11:54:26   task (6.getpic): executed (C:\Users\ivan\OneDrive\data\getpic\getpic\bin\Debug\getpic.exe)
2016-きる-16 11:59:49   task (2.fund1): executed (C:\Users\ivan\OneDrive\data\newexecv3F\exeC\bin\Debug\exeC.exe)
2016-きる-16 12:01:24   task (3.fund2): executed (C:\Users\ivan\OneDrive\data\newexecv3F\exeC\bin\Debug\exeC.exe)
2016-きる-16 12:02:39   task (4.fund3): executed (C:\Users\ivan\OneDrive\data\newexecv3F\exeC\bin\Debug\exeC.exe)
2016-きる-16 12:03:16   task (6.getpic): executed (C:\Users\ivan\OneDrive\data\getpic\getpic\bin\Debug\getpic.exe)
2016-きる-16 23:11:03   task (7.robot): executed (C:\Users\ivan\Desktop\CSharp.Chatwork.Api-master\Chatwork.Service.ConsoleApp\bin\Debug\Chatwork.Service.ConsoleApp.exe)
2016-きる-17 09:16:59   task (1.dawnSs): executed (C:\Users\ivan\OneDrive\data\GoogleFinanceDownloader_demo\GoogleFinanceDownloaderTest\GoogleFinanceDownloaderTest\bin\Debug\GoogleFinanceDownloaderTest.exe)
2016-きる-17 09:21:50   task (2.fund1): executed (C:\Users\ivan\OneDrive\data\newexecv3F\exeC\bin\Debug\exeC.exe)
2016-きる-17 09:47:31   task (3.fund2): executed (C:\Users\ivan\OneDrive\data\newexecv3F\exeC\bin\Debug\exeC.exe)
2016-きる-17 09:50:55   task (4.fund3): executed (C:\Users\ivan\OneDrive\data\newexecv3F\exeC\bin\Debug\exeC.exe)
2016-きる-17 10:00:10   task (6.getpic): executed (C:\Users\ivan\OneDrive\data\getpic\getpic\bin\Debug\getpic.exe)
2016-きる-17 10:08:12   task (7.robot): executed (C:\Users\ivan\Desktop\CSharp.Chatwork.Api-master\Chatwork.Service.ConsoleApp\bin\Debug\Chatwork.Service.ConsoleApp.exe)
2016-きる-18 08:49:41   task (1.dawnSs): executed (C:\Users\ivan\OneDrive\data\GoogleFinanceDownloader_demo\GoogleFinanceDownloaderTest\GoogleFinanceDownloaderTest\bin\Debug\GoogleFinanceDownloaderTest.exe)
2016-きる-18 08:50:13   task (2.fund1): executed (C:\Users\ivan\OneDrive\data\newexecv3F\exeC\bin\Debug\exeC.exe)
2016-きる-18 09:47:36   task (3.fund2): executed (C:\Users\ivan\OneDrive\data\newexecv3F\exeC\bin\Debug\exeC.exe)
2016-きる-18 09:51:04   task (4.fund3): executed (C:\Users\ivan\OneDrive\data\newexecv3F\exeC\bin\Debug\exeC.exe)
2016-きる-18 09:51:32   task (5.picdelete): executed (C:\auto\ConsoleDeleteFile\ConsoleDeleteFile\bin\Debug\ConsoleDeleteFile.exe)
2016-きる-18 09:51:44   task (6.getpic): executed (C:\Users\ivan\OneDrive\data\getpic\getpic\bin\Debug\getpic.exe)
2016-きる-18 09:56:27   task (6.getpic): executed (C:\Users\ivan\OneDrive\data\getpic\getpic\bin\Debug\getpic.exe)
2016-きる-19 10:16:40   task (1.dawnSs): executed (C:\Users\ivan\OneDrive\data\GoogleFinanceDownloader_demo\GoogleFinanceDownloaderTest\GoogleFinanceDownloaderTest\bin\Debug\GoogleFinanceDownloaderTest.exe)
2016-きる-19 10:17:35   task (2.fund1): executed (C:\Users\ivan\OneDrive\data\newexecv3F\exeC\bin\Debug\exeC.exe)
2016-きる-19 10:20:21   task (3.fund2): executed (C:\Users\ivan\OneDrive\data\newexecv3F\exeC\bin\Debug\exeC.exe)
2016-きる-19 10:25:06   task (4.fund3): executed (C:\Users\ivan\OneDrive\data\newexecv3F\exeC\bin\Debug\exeC.exe)
2016-きる-19 10:25:46   task (5.picdelete): executed (C:\auto\ConsoleDeleteFile\ConsoleDeleteFile\bin\Debug\ConsoleDeleteFile.exe)
2016-きる-19 10:26:32   task (6.getpic): executed (C:\Users\ivan\OneDrive\data\getpic\getpic\bin\Debug\getpic.exe)
2016-きる-19 10:28:25   task (6.getpic): executed (C:\Users\ivan\OneDrive\data\getpic\getpic\bin\Debug\getpic.exe)
2016-きる-20 09:26:45   task (1.dawnSs): executed (C:\Users\ivan\OneDrive\data\GoogleFinanceDownloader_demo\GoogleFinanceDownloaderTest\GoogleFinanceDownloaderTest\bin\Debug\GoogleFinanceDownloaderTest.exe)
2016-きる-20 09:27:51   task (2.fund1): executed (C:\Users\ivan\OneDrive\data\newexecv3F\exeC\bin\Debug\exeC.exe)
2016-きる-20 10:37:24   task (3.fund2): executed (C:\Users\ivan\OneDrive\data\newexecv3F\exeC\bin\Debug\exeC.exe)
2016-きる-20 10:44:51   task (5.picdelete): executed (C:\auto\ConsoleDeleteFile\ConsoleDeleteFile\bin\Debug\ConsoleDeleteFile.exe)
2016-きる-20 10:45:43   task (6.getpic): executed (C:\Users\ivan\OneDrive\data\getpic\getpic\bin\Debug\getpic.exe)
2016-きる-20 11:00:07   task (4.fund3): executed (C:\Users\ivan\OneDrive\data\newexecv3F\exeC\bin\Debug\exeC.exe)
2016-きる-20 11:01:48   task (6.getpic): executed (C:\Users\ivan\OneDrive\data\getpic\getpic\bin\Debug\getpic.exe)
2016-きる-23 10:00:07   task (1.dawnSs): executed (C:\Users\ivan\OneDrive\data\GoogleFinanceDownloader_demo\GoogleFinanceDownloaderTest\GoogleFinanceDownloaderTest\bin\Debug\GoogleFinanceDownloaderTest.exe)
2016-きる-23 10:01:59   task (3.fund2): executed (C:\Users\ivan\OneDrive\data\newexecv3F\exeC\bin\Debug\exeC.exe)
2016-きる-23 10:03:07   task (2.fund1): executed (C:\Users\ivan\OneDrive\data\newexecv3F\exeC\bin\Debug\exeC.exe)
2016-きる-23 10:03:42   task (3.fund2): executed (C:\Users\ivan\OneDrive\data\newexecv3F\exeC\bin\Debug\exeC.exe)
2016-きる-23 10:05:46   task (4.fund3): executed (C:\Users\ivan\OneDrive\data\newexecv3F\exeC\bin\Debug\exeC.exe)
2016-きる-23 10:06:23   task (5.picdelete): executed (C:\auto\ConsoleDeleteFile\ConsoleDeleteFile\bin\Debug\ConsoleDeleteFile.exe)
2016-きる-23 10:06:43   task (6.getpic): executed (C:\Users\ivan\OneDrive\data\getpic\getpic\bin\Debug\getpic.exe)
2016-きる-23 10:07:19   task (6.getpic): executed (C:\Users\ivan\OneDrive\data\getpic\getpic\bin\Debug\getpic.exe)
2016-きる-23 10:17:36   task (7.robot): executed (C:\Users\ivan\Desktop\CSharp.Chatwork.Api-master\Chatwork.Service.ConsoleApp\bin\Debug\Chatwork.Service.ConsoleApp.exe)
2016-きる-23 10:45:51   task (2.fund1): executed (C:\Users\ivan\OneDrive\data\newexecv3F\exeC\bin\Debug\exeC.exe)
2016-きる-24 09:39:50   task (1.dawnSs): executed (C:\Users\ivan\OneDrive\data\GoogleFinanceDownloader_demo\GoogleFinanceDownloaderTest\GoogleFinanceDownloaderTest\bin\Debug\GoogleFinanceDownloaderTest.exe)
2016-きる-24 09:42:09   task (2.fund1): executed (C:\Users\ivan\OneDrive\data\newexecv3F\exeC\bin\Debug\exeC.exe)
2016-きる-24 09:50:29   task (2.fund1): executed (C:\Users\ivan\OneDrive\data\newexecv3F\exeC\bin\Debug\exeC.exe)
2016-きる-24 09:52:34   task (3.fund2): executed (C:\Users\ivan\OneDrive\data\newexecv3F\exeC\bin\Debug\exeC.exe)
2016-きる-24 09:54:47   task (4.fund3): executed (C:\Users\ivan\OneDrive\data\newexecv3F\exeC\bin\Debug\exeC.exe)
2016-きる-24 09:55:06   task (5.picdelete): executed (C:\auto\ConsoleDeleteFile\ConsoleDeleteFile\bin\Debug\ConsoleDeleteFile.exe)
2016-きる-24 09:58:09   task (6.getpic): executed (C:\Users\ivan\OneDrive\data\getpic\getpic\bin\Debug\getpic.exe)
2016-きる-25 09:21:09   task (1.dawnSs): executed (C:\Users\ivan6\OneDrive\data\GoogleFinanceDownloader_demo\GoogleFinanceDownloaderTest\GoogleFinanceDownloaderTest\bin\Debug\GoogleFinanceDownloaderTest.exe)
2016-きる-25 09:30:37   task (txt): executed (C:\Users\ivan6\OneDrive\data\newexecv3F\exeC\bin\Debug\exeC.exe)
2016-きる-25 09:38:06   task (2.fund1): executed (C:\Users\ivan6\OneDrive\data\newexecv3F\exeC\bin\Debug\exeC.exe)
2016-きる-25 09:38:21   task (txt): executed (C:\Users\ivan6\OneDrive\data\newexecv3F\exeC\bin\Debug\exeC.exe)
2016-きる-25 09:49:10   task (3.fund2): executed (C:\Users\ivan6\OneDrive\data\newexecv3F\exeC\bin\Debug\exeC.exe)
2016-きる-25 09:50:10   task (4.fund3): executed (C:\Users\ivan6\OneDrive\data\newexecv3F\exeC\bin\Debug\exeC.exe)
2016-きる-25 10:02:44   task (5.getpic): executed (C:\Users\ivan6\OneDrive\data\getpic\getpic\bin\Debug\getpic.exe)
2016-きる-26 10:03:51   task (1.dawnSs): executed (C:\Users\ivan\OneDrive\data\GoogleFinanceDownloader_demo\GoogleFinanceDownloaderTest\GoogleFinanceDownloaderTest\bin\Debug\GoogleFinanceDownloaderTest.exe)
2016-きる-26 10:04:36   task (2.fund1): executed (C:\Users\ivan\OneDrive\data\newexecv3F\exeC\bin\Debug\exeC.exe)
2016-きる-26 10:06:44   task (2.fund1): executed (C:\Users\ivan\OneDrive\data\newexecv3F\exeC\bin\Debug\exeC.exe)
2016-きる-26 10:07:27   task (3.fund2): executed (C:\Users\ivan\OneDrive\data\newexecv3F\exeC\bin\Debug\exeC.exe)
2016-きる-26 10:08:43   task (4.fund3): executed (C:\Users\ivan\OneDrive\data\newexecv3F\exeC\bin\Debug\exeC.exe)
2016-きる-26 10:09:17   task (5.picdelete): executed (C:\auto\ConsoleDeleteFile\ConsoleDeleteFile\bin\Debug\ConsoleDeleteFile.exe)
2016-きる-26 10:10:29   task (6.getpic): executed (C:\Users\ivan\OneDrive\data\getpic\getpic\bin\Debug\getpic.exe)
2016-きる-26 10:34:17   task (2.fund1): executed (C:\Users\ivan\OneDrive\data\newexecv3F\exeC\bin\Debug\exeC.exe)
2016-きる-26 10:44:49   task (2.fund1): executed (C:\Users\ivan\OneDrive\data\newexecv3F\exeC\bin\Debug\exeC.exe)
2016-きる-26 10:47:11   task (3.fund2): executed (C:\Users\ivan\OneDrive\data\newexecv3F\exeC\bin\Debug\exeC.exe)
2016-きる-26 10:48:19   task (4.fund3): executed (C:\Users\ivan\OneDrive\data\newexecv3F\exeC\bin\Debug\exeC.exe)
2016-きる-26 10:48:33   task (5.picdelete): executed (C:\auto\ConsoleDeleteFile\ConsoleDeleteFile\bin\Debug\ConsoleDeleteFile.exe)
2016-きる-26 10:48:49   task (6.getpic): executed (C:\Users\ivan\OneDrive\data\getpic\getpic\bin\Debug\getpic.exe)
2016-きる-27 10:32:25   task (1.dawnSs): executed (C:\Users\ivan\OneDrive\data\GoogleFinanceDownloader_demo\GoogleFinanceDownloaderTest\GoogleFinanceDownloaderTest\bin\Debug\GoogleFinanceDownloaderTest.exe)
2016-きる-27 10:37:40   task (2.fund1): executed (C:\Users\ivan\OneDrive\data\newexecv3F\exeC\bin\Debug\exeC.exe)
2016-きる-27 10:38:23   task (3.fund2): executed (C:\Users\ivan\OneDrive\data\newexecv3F\exeC\bin\Debug\exeC.exe)
2016-きる-27 10:40:02   task (4.fund3): executed (C:\Users\ivan\OneDrive\data\newexecv3F\exeC\bin\Debug\exeC.exe)
2016-きる-27 10:40:41   task (5.picdelete): executed (C:\auto\ConsoleDeleteFile\ConsoleDeleteFile\bin\Debug\ConsoleDeleteFile.exe)
2016-きる-27 10:41:27   task (6.getpic): executed (C:\Users\ivan\OneDrive\data\getpic\getpic\bin\Debug\getpic.exe)
2016-きる-30 08:21:09   task (1.dawnSs): executed (C:\Users\ivan\OneDrive\data\GoogleFinanceDownloader_demo\GoogleFinanceDownloaderTest\GoogleFinanceDownloaderTest\bin\Debug\GoogleFinanceDownloaderTest.exe)
2016-きる-30 08:21:27   task (2.fund1): executed (C:\Users\ivan\OneDrive\data\newexecv3F\exeC\bin\Debug\exeC.exe)
2016-きる-30 08:44:39   task (2fund1): executed (C:\Users\ivan\OneDrive\data\newexecv3F\exeC\bin\Debug\exeC.exe)
2016-きる-30 09:48:07   task (3.fund2): executed (C:\Users\ivan\OneDrive\data\newexecv3F\exeC\bin\Debug\exeC.exe)
2016-きる-30 09:50:10   task (4fund_3day): executed (C:\Users\ivan\OneDrive\data\newexecv3F\exeC\bin\Debug\exeC.exe)
2016-きる-30 09:50:47   task (5.picdelete): executed (C:\auto\ConsoleDeleteFile\ConsoleDeleteFile\bin\Debug\ConsoleDeleteFile.exe)
2016-きる-30 09:51:25   task (6.getpic): executed (C:\Users\ivan\OneDrive\data\getpic\getpic\bin\Debug\getpic.exe)
2016-きる-31 08:55:07   task (1.dawnSs): executed (C:\Users\ivan\OneDrive\data\GoogleFinanceDownloader_demo\GoogleFinanceDownloaderTest\GoogleFinanceDownloaderTest\bin\Debug\GoogleFinanceDownloaderTest.exe)
2016-きる-31 08:55:46   task (2.fund6): executed (C:\Users\ivan\OneDrive\data\newexecv3F\exeC\bin\Debug\exeC.exe)
2016-きる-31 09:52:19   task (3.fund2): executed (C:\Users\ivan\OneDrive\data\newexecv3F\exeC\bin\Debug\exeC.exe)
2016-きる-31 09:55:37   task (4.fund3): executed (C:\Users\ivan\OneDrive\data\newexecv3F\exeC\bin\Debug\exeC.exe)
2016-きる-31 09:55:54   task (5.picdelete): executed (C:\auto\ConsoleDeleteFile\ConsoleDeleteFile\bin\Debug\ConsoleDeleteFile.exe)
2016-きる-31 09:57:53   task (6.getpic): executed (C:\Users\ivan\OneDrive\data\getpic\getpic\bin\Debug\getpic.exe)
2016-せる-01 09:35:20   task (1.dawnSs): executed (C:\Users\ivan\OneDrive\data\GoogleFinanceDownloader_demo\GoogleFinanceDownloaderTest\GoogleFinanceDownloaderTest\bin\Debug\GoogleFinanceDownloaderTest.exe)
2016-せる-01 09:45:25   task (2.fund6): executed (C:\Users\ivan\OneDrive\data\newexecv3F\exeC\bin\Debug\exeC.exe)
2016-せる-01 09:48:28   task (3.fund2): executed (C:\Users\ivan\OneDrive\data\newexecv3F\exeC\bin\Debug\exeC.exe)
2016-せる-01 09:50:31   task (4.fund3): executed (C:\Users\ivan\OneDrive\data\newexecv3F\exeC\bin\Debug\exeC.exe)
2016-せる-01 09:51:20   task (5.picdelete): executed (C:\auto\ConsoleDeleteFile\ConsoleDeleteFile\bin\Debug\ConsoleDeleteFile.exe)
2016-せる-01 09:51:39   task (6.getpic): executed (C:\Users\ivan\OneDrive\data\getpic\getpic\bin\Debug\getpic.exe)
2016-せる-02 09:27:35   task (1.dawnSs): executed (C:\Users\ivan\OneDrive\data\GoogleFinanceDownloader_demo\GoogleFinanceDownloaderTest\GoogleFinanceDownloaderTest\bin\Debug\GoogleFinanceDownloaderTest.exe)
2016-せる-02 09:27:55   task (2.fund1_6): executed (C:\Users\ivan\OneDrive\data\newexecv3F\exeC\bin\Debug\exeC.exe)
2016-せる-02 09:51:18   task (3.fund2): executed (C:\Users\ivan\OneDrive\data\newexecv3F\exeC\bin\Debug\exeC.exe)
2016-せる-02 09:52:33   task (4.fund3): executed (C:\Users\ivan\OneDrive\data\newexecv3F\exeC\bin\Debug\exeC.exe)
2016-せる-02 09:53:34   task (5.picdelete): executed (C:\auto\ConsoleDeleteFile\ConsoleDeleteFile\bin\Debug\ConsoleDeleteFile.exe)
2016-せる-02 09:53:49   task (6.getpic): executed (C:\Users\ivan\OneDrive\data\getpic\getpic\bin\Debug\getpic.exe)
2016-せる-02 09:55:36   task (6.getpic): executed (C:\Users\ivan\OneDrive\data\getpic\getpic\bin\Debug\getpic.exe)
2016-せる-02 10:01:32   task (6.getpic): executed (C:\Users\ivan\OneDrive\data\getpic\getpic\bin\Debug\getpic.exe)
2016-せる-03 09:19:05   task (1.dawnSs): executed (C:\Users\ivan\OneDrive\data\GoogleFinanceDownloader_demo\GoogleFinanceDownloaderTest\GoogleFinanceDownloaderTest\bin\Debug\GoogleFinanceDownloaderTest.exe)
2016-せる-03 09:19:21   task (2.fund1_6): executed (C:\Users\ivan\OneDrive\data\newexecv3F\exeC\bin\Debug\exeC.exe)
2016-せる-03 09:52:24   task (3.fund2): executed (C:\Users\ivan\OneDrive\data\newexecv3F\exeC\bin\Debug\exeC.exe)
2016-せる-03 09:53:36   task (4.fund3): executed (C:\Users\ivan\OneDrive\data\newexecv3F\exeC\bin\Debug\exeC.exe)
2016-せる-03 09:54:08   task (5.picdelete): executed (C:\auto\ConsoleDeleteFile\ConsoleDeleteFile\bin\Debug\ConsoleDeleteFile.exe)
2016-せる-03 09:54:47   task (6.getpic): executed (C:\Users\ivan\OneDrive\data\getpic\getpic\bin\Debug\getpic.exe)
2016-せる-06 09:15:45   task (1.dawnSs): executed (C:\Users\ivan6\OneDrive\data\GoogleFinanceDownloader_demo\GoogleFinanceDownloaderTest\GoogleFinanceDownloaderTest\bin\Debug\GoogleFinanceDownloaderTest.exe)
2016-せる-06 09:18:32   task (txt): executed (C:\Users\ivan6\OneDrive\data\newexecv3F\exeC\bin\Debug\exeC.exe)
2016-せる-06 09:20:45   task (txt): executed (C:\Users\ivan6\OneDrive\data\newexecv3F\exeC\bin\Debug\exeC.exe)
2016-せる-06 09:25:30   task (txt): executed (C:\Users\ivan6\OneDrive\data\newexecv3F\exeC\bin\Debug\exeC.exe)
2016-せる-06 09:35:28   task (3.fund2): executed (C:\Users\ivan6\OneDrive\data\newexecv3F\exeC\bin\Debug\exeC.exe)
2016-せる-06 09:48:02   task (3.fund2): executed (C:\Users\ivan6\OneDrive\data\newexecv3F\exeC\bin\Debug\exeC.exe)
2016-せる-06 09:54:33   task (4.fund3): executed (C:\Users\ivan6\OneDrive\data\newexecv3F\exeC\bin\Debug\exeC.exe)
2016-せる-06 09:55:56   task (5.getpic): executed (C:\Users\ivan6\OneDrive\data\getpic\getpic\bin\Debug\getpic.exe)
2016-せる-06 10:10:57   task (6.robot): file not found (C:\Users\ivan6\Desktop\CSharp.Chatwork.Api-master\Chatwork.Service.ConsoleApp\bin\Debug\Chatwork.Service.ConsoleApp.exe)
2016-せる-06 10:11:04   task (6.robot): file not found (C:\Users\ivan6\Desktop\CSharp.Chatwork.Api-master\Chatwork.Service.ConsoleApp\bin\Debug\Chatwork.Service.ConsoleApp.exe)
2016-せる-06 10:14:54   task (6.robot): executed (C:\Users\ivan6\OneDrive\data\CSharp.Chatwork.Api-master\Chatwork.Service.ConsoleApp\bin\Debug\Chatwork.Service.ConsoleApp.exe)
2016-せる-06 10:19:11   task (6.robot): executed (C:\Users\ivan6\OneDrive\data\CSharp.Chatwork.Api-master\Chatwork.Service.ConsoleApp\bin\Debug\Chatwork.Service.ConsoleApp.exe)
2016-せる-07 10:00:12   task (1.dawnSs): executed (C:\Users\ivan\OneDrive\data\GoogleFinanceDownloader_demo\GoogleFinanceDownloaderTest\GoogleFinanceDownloaderTest\bin\Debug\GoogleFinanceDownloaderTest.exe)
2016-せる-07 10:00:28   task (2fund_3day): executed (C:\Users\ivan\OneDrive\data\newexecv3F\exeC\bin\Debug\exeC.exe)
2016-せる-07 10:03:54   task (2.fund1_6): executed (C:\Users\ivan\OneDrive\data\newexecv3F\exeC\bin\Debug\exeC.exe)
2016-せる-07 10:04:27   task (3.fund2): executed (C:\Users\ivan\OneDrive\data\newexecv3F\exeC\bin\Debug\exeC.exe)
2016-せる-07 10:05:56   task (4.fund3): executed (C:\Users\ivan\OneDrive\data\newexecv3F\exeC\bin\Debug\exeC.exe)
2016-せる-07 10:06:15   task (5.picdelete): executed (C:\auto\ConsoleDeleteFile\ConsoleDeleteFile\bin\Debug\ConsoleDeleteFile.exe)
2016-せる-07 10:07:21   task (6.getpic): executed (C:\Users\ivan\OneDrive\data\getpic\getpic\bin\Debug\getpic.exe)
2016-せる-08 09:26:05   task (1.dawnSs): executed (C:\Users\ivan\OneDrive\data\GoogleFinanceDownloader_demo\GoogleFinanceDownloaderTest\GoogleFinanceDownloaderTest\bin\Debug\GoogleFinanceDownloaderTest.exe)
2016-せる-08 09:26:34   task (2.fund1_6): executed (C:\Users\ivan\OneDrive\data\newexecv3F\exeC\bin\Debug\exeC.exe)
2016-せる-08 09:49:32   task (3.fund2): executed (C:\Users\ivan\OneDrive\data\newexecv3F\exeC\bin\Debug\exeC.exe)
2016-せる-08 09:50:48   task (4.fund3): executed (C:\Users\ivan\OneDrive\data\newexecv3F\exeC\bin\Debug\exeC.exe)
2016-せる-08 09:57:01   task (5.picdelete): executed (C:\auto\ConsoleDeleteFile\ConsoleDeleteFile\bin\Debug\ConsoleDeleteFile.exe)
2016-せる-08 09:57:10   task (6.getpic): executed (C:\Users\ivan\OneDrive\data\getpic\getpic\bin\Debug\getpic.exe)
2016-せる-20 09:29:49   task (1.dawnSs): executed (C:\Users\ivan\OneDrive\data\GoogleFinanceDownloader_demo\GoogleFinanceDownloaderTest\GoogleFinanceDownloaderTest\bin\Debug\GoogleFinanceDownloaderTest.exe)
