2016-е|ды-18 11:01:14   task (4.fund3): executed (C:\Users\ivan6\OneDrive\data\newexecv3F\exeC\bin\Debug\exeC.exe)
2016-е|ды-19 09:50:28   task (2.fund1): executed (C:\Users\ivan6\OneDrive\data\newexecv3F\exeC\bin\Debug\exeC.exe)
2016-е|ды-19 09:50:44   task (2.fund1): executed (C:\Users\ivan6\OneDrive\data\newexecv3F\exeC\bin\Debug\exeC.exe)
2016-е|ды-19 10:11:27   task (2.fund1): executed (C:\Users\ivan6\OneDrive\data\newexecv3F\exeC\bin\Debug\exeC.exe)
2016-е|ды-19 10:14:56   task (3.fund2): executed (C:\Users\ivan6\OneDrive\data\newexecv3F\exeC\bin\Debug\exeC.exe)
2016-е|ды-19 10:15:39   task (4.fund3): executed (C:\Users\ivan6\OneDrive\data\newexecv3F\exeC\bin\Debug\exeC.exe)
2016-е|ды-19 10:17:37   task (5.getpic): executed (C:\Users\ivan6\OneDrive\data\getpic\getpic\bin\Debug\getpic.exe)
2016-е|ды-19 10:19:16   task (5.getpic): executed (C:\Users\ivan6\OneDrive\data\getpic\getpic\bin\Debug\getpic.exe)
2016-е|ды-19 10:28:56   task (5.getpic): executed (C:\Users\ivan6\OneDrive\data\getpic\getpic\bin\Debug\getpic.exe)
2016-е|ды-20 09:42:28   task (1.dawnSs): executed (C:\Users\ivan6\OneDrive\data\GoogleFinanceDownloader_demo\GoogleFinanceDownloaderTest\GoogleFinanceDownloaderTest\bin\Debug\GoogleFinanceDownloaderTest.exe)
2016-е|ды-20 10:09:52   task (2.fund1): executed (C:\Users\ivan6\OneDrive\data\newexecv3F\exeC\bin\Debug\exeC.exe)
2016-е|ды-20 10:10:30   task (3.fund2): executed (C:\Users\ivan6\OneDrive\data\newexecv3F\exeC\bin\Debug\exeC.exe)
2016-е|ды-20 10:11:05   task (4.fund3): executed (C:\Users\ivan6\OneDrive\data\newexecv3F\exeC\bin\Debug\exeC.exe)
2016-е|ды-20 10:11:58   task (5.getpic): executed (C:\Users\ivan6\OneDrive\data\getpic\getpic\bin\Debug\getpic.exe)
2016-е|ды-20 10:25:07   task (5.getpic): executed (C:\Users\ivan6\OneDrive\data\getpic\getpic\bin\Debug\getpic.exe)
2016-е|ды-21 09:04:06   task (2.fund1): executed (C:\Users\ivan6\OneDrive\data\newexecv3F\exeC\bin\Debug\exeC.exe)
2016-е|ды-21 09:47:51   task (3.fund2): executed (C:\Users\ivan6\OneDrive\data\newexecv3F\exeC\bin\Debug\exeC.exe)
2016-е|ды-21 09:49:39   task (4.fund3): executed (C:\Users\ivan6\OneDrive\data\newexecv3F\exeC\bin\Debug\exeC.exe)
2016-е|ды-21 09:53:42   task (5.getpic): executed (C:\Users\ivan6\OneDrive\data\getpic\getpic\bin\Debug\getpic.exe)
2016-е|ды-22 08:50:17   task (1.dawnSs): executed (C:\Users\ivan6\OneDrive\data\GoogleFinanceDownloader_demo\GoogleFinanceDownloaderTest\GoogleFinanceDownloaderTest\bin\Debug\GoogleFinanceDownloaderTest.exe)
2016-е|ды-22 09:10:05   task (2.fund1): executed (C:\Users\ivan6\OneDrive\data\newexecv3F\exeC\bin\Debug\exeC.exe)
2016-е|ды-22 10:21:35   task (4.fund3): executed (C:\Users\ivan6\OneDrive\data\newexecv3F\exeC\bin\Debug\exeC.exe)
2016-е|ды-22 10:22:01   task (5.getpic): executed (C:\Users\ivan6\OneDrive\data\getpic\getpic\bin\Debug\getpic.exe)
2016-е|ды-26 10:34:36   task (test): executed (C:\Users\ivan6\OneDrive\data\newexecv3F\exeC\bin\Debug\exeC.exe)
2016-е|ды-26 11:33:20   task (5.getpic): executed (C:\Users\ivan6\OneDrive\data\getpic\getpic\bin\Debug\getpic.exe)
2016-е|ды-26 11:33:45   task (5.getpic): executed (C:\Users\ivan6\OneDrive\data\getpic\getpic\bin\Debug\getpic.exe)
2016-е|ды-26 11:34:32   task (5.getpic): executed (C:\Users\ivan6\OneDrive\data\getpic\getpic\bin\Debug\getpic.exe)
2016-е|ды-26 11:44:47   task (5.getpic): executed (C:\Users\ivan6\OneDrive\data\getpic\getpic\bin\Debug\getpic.exe)
2016-4╘┬-27 09:34:21   task (1.dawnSs): executed (C:\Users\ivan6\OneDrive\data\GoogleFinanceDownloader_demo\GoogleFinanceDownloaderTest\GoogleFinanceDownloaderTest\bin\Debug\GoogleFinanceDownloaderTest.exe)
2016-4╘┬-27 09:36:15   task (test): executed (C:\Users\ivan6\OneDrive\data\newexecv3F\exeC\bin\Debug\exeC.exe)
2016-4╘┬-27 09:44:18   task (3.fund2): executed (C:\Users\ivan6\OneDrive\data\newexecv3F\exeC\bin\Debug\exeC.exe)
2016-4╘┬-27 09:48:36   task (4.fund3): executed (C:\Users\ivan6\OneDrive\data\newexecv3F\exeC\bin\Debug\exeC.exe)
2016-4╘┬-27 09:53:19   task (5.getpic): executed (C:\Users\ivan6\OneDrive\data\getpic\getpic\bin\Debug\getpic.exe)
2016-4╘┬-27 10:24:26   task (2.fund1): executed (C:\Users\ivan6\OneDrive\data\newexecv3F\exeC\bin\Debug\exeC.exe)
2016-е|ды-27 10:30:57   task (2.fund1): executed (C:\Users\ivan6\OneDrive\data\newexecv3F\exeC\bin\Debug\exeC.exe)
2016-е|ды-27 10:36:14   task (3.fund2): executed (C:\Users\ivan6\OneDrive\data\newexecv3F\exeC\bin\Debug\exeC.exe)
2016-е|ды-27 10:36:47   task (4.fund3): executed (C:\Users\ivan6\OneDrive\data\newexecv3F\exeC\bin\Debug\exeC.exe)
2016-е|ды-27 10:38:12   task (5.getpic): executed (C:\Users\ivan6\OneDrive\data\getpic\getpic\bin\Debug\getpic.exe)
2016-е|ды-27 10:45:38   task (5.getpic): executed (C:\Users\ivan6\OneDrive\data\getpic\getpic\bin\Debug\getpic.exe)
2016-е|ды-28 09:29:52   task (test): executed (C:\Users\ivan6\OneDrive\data\newexecv3F\exeC\bin\Debug\exeC.exe)
2016-е|ды-28 09:50:51   task (3.fund2): executed (C:\Users\ivan6\OneDrive\data\newexecv3F\exeC\bin\Debug\exeC.exe)
2016-е|ды-28 09:51:42   task (4.fund3): executed (C:\Users\ivan6\OneDrive\data\newexecv3F\exeC\bin\Debug\exeC.exe)
2016-е|ды-28 09:53:11   task (5.getpic): executed (C:\Users\ivan6\OneDrive\data\getpic\getpic\bin\Debug\getpic.exe)
2016-е|ды-28 09:53:56   task (5.getpic): executed (C:\Users\ivan6\OneDrive\data\getpic\getpic\bin\Debug\getpic.exe)
2016-е|ды-29 09:12:32   task (test): executed (C:\Users\ivan6\OneDrive\data\newexecv3F\exeC\bin\Debug\exeC.exe)
2016-е|ды-29 09:14:06   task (test): executed (C:\Users\ivan6\OneDrive\data\newexecv3F\exeC\bin\Debug\exeC.exe)
2016-е|ды-29 09:45:56   task (3.fund2): executed (C:\Users\ivan6\OneDrive\data\newexecv3F\exeC\bin\Debug\exeC.exe)
2016-е|ды-29 09:46:26   task (4.fund3): executed (C:\Users\ivan6\OneDrive\data\newexecv3F\exeC\bin\Debug\exeC.exe)
2016-е|ды-29 09:51:27   task (5.getpic): executed (C:\Users\ivan6\OneDrive\data\getpic\getpic\bin\Debug\getpic.exe)
2016-днды-03 09:45:44   task (1.dawnSs): executed (C:\Users\ivan6\OneDrive\data\GoogleFinanceDownloader_demo\GoogleFinanceDownloaderTest\GoogleFinanceDownloaderTest\bin\Debug\GoogleFinanceDownloaderTest.exe)
2016-днды-03 09:49:34   task (2.fund1): executed (C:\Users\ivan6\OneDrive\data\newexecv3F\exeC\bin\Debug\exeC.exe)
2016-днды-03 09:51:09   task (2.fund1): executed (C:\Users\ivan6\OneDrive\data\newexecv3F\exeC\bin\Debug\exeC.exe)
2016-днды-03 10:35:58   task (4.fund3): executed (C:\Users\ivan6\OneDrive\data\newexecv3F\exeC\bin\Debug\exeC.exe)
2016-днды-03 11:11:13   task (5.getpic): executed (C:\Users\ivan6\OneDrive\data\getpic\getpic\bin\Debug\getpic.exe)
2016-днды-03 11:20:35   task (5.getpic): executed (C:\Users\ivan6\OneDrive\data\getpic\getpic\bin\Debug\getpic.exe)
2016-днды-04 09:47:12   task (test): executed (C:\Users\ivan6\OneDrive\data\newexecv3F\exeC\bin\Debug\exeC.exe)
2016-днды-04 10:34:38   task (5.getpic): executed (C:\Users\ivan6\OneDrive\data\getpic\getpic\bin\Debug\getpic.exe)
2016-днды-04 10:51:12   task (5.getpic): executed (C:\Users\ivan6\OneDrive\data\getpic\getpic\bin\Debug\getpic.exe)
2016-днды-04 10:52:57   task (5.getpic): executed (C:\Users\ivan6\OneDrive\data\getpic\getpic\bin\Debug\getpic.exe)
2016-днды-05 09:29:09   task (2.fund1): executed (C:\Users\ivan6\OneDrive\data\newexecv3F\exeC\bin\Debug\exeC.exe)
2016-днды-05 09:36:05   task (1.dawnSs): executed (C:\Users\ivan6\OneDrive\data\GoogleFinanceDownloader_demo\GoogleFinanceDownloaderTest\GoogleFinanceDownloaderTest\bin\Debug\GoogleFinanceDownloaderTest.exe)
2016-днды-05 09:58:00   task (txt): executed (C:\Users\ivan6\OneDrive\data\newexecv3F\exeC\bin\Debug\exeC.exe)
2016-днды-05 10:04:45   task (3.fund2): executed (C:\Users\ivan6\OneDrive\data\newexecv3F\exeC\bin\Debug\exeC.exe)
2016-днды-05 10:05:27   task (4.fund3): executed (C:\Users\ivan6\OneDrive\data\newexecv3F\exeC\bin\Debug\exeC.exe)
2016-днды-05 10:09:15   task (5.getpic): executed (C:\Users\ivan6\OneDrive\data\getpic\getpic\bin\Debug\getpic.exe)
2016-днды-05 10:14:52   task (5.getpic): executed (C:\Users\ivan6\OneDrive\data\getpic\getpic\bin\Debug\getpic.exe)
2016-днды-06 10:10:05   task (1.dawnSs): executed (C:\Users\ivan\OneDrive\data\GoogleFinanceDownloader_demo\GoogleFinanceDownloaderTest\GoogleFinanceDownloaderTest\bin\Debug\GoogleFinanceDownloaderTest.exe)
2016-днды-06 10:20:09   task (1.dawnSs): executed (C:\Users\ivan6\OneDrive\data\GoogleFinanceDownloader_demo\GoogleFinanceDownloaderTest\GoogleFinanceDownloaderTest\bin\Debug\GoogleFinanceDownloaderTest.exe)
2016-днды-06 10:22:16   task (2.fund1): executed (C:\Users\ivan6\OneDrive\data\newexecv3F\exeC\bin\Debug\exeC.exe)
2016-днды-06 10:22:47   task (3.fund2): executed (C:\Users\ivan6\OneDrive\data\newexecv3F\exeC\bin\Debug\exeC.exe)
2016-днды-06 10:23:28   task (4.fund3): executed (C:\Users\ivan6\OneDrive\data\newexecv3F\exeC\bin\Debug\exeC.exe)
2016-днды-06 10:24:27   task (5.getpic): executed (C:\Users\ivan6\OneDrive\data\getpic\getpic\bin\Debug\getpic.exe)
2016-днды-06 10:31:25   task (2.fund1): executed (C:\Users\ivan6\OneDrive\data\newexecv3F\exeC\bin\Debug\exeC.exe)
2016-днды-06 10:44:28   task (3.fund2): executed (C:\Users\ivan6\OneDrive\data\newexecv3F\exeC\bin\Debug\exeC.exe)
2016-днды-06 10:45:20   task (4.fund3): executed (C:\Users\ivan6\OneDrive\data\newexecv3F\exeC\bin\Debug\exeC.exe)
2016-днды-06 10:50:54   task (4.fund3): executed (C:\Users\ivan6\OneDrive\data\newexecv3F\exeC\bin\Debug\exeC.exe)
2016-днды-06 10:51:29   task (5.getpic): executed (C:\Users\ivan6\OneDrive\data\getpic\getpic\bin\Debug\getpic.exe)
2016-днды-09 09:53:41   task (1.dawnSs): executed (C:\Users\ivan6\OneDrive\data\GoogleFinanceDownloader_demo\GoogleFinanceDownloaderTest\GoogleFinanceDownloaderTest\bin\Debug\GoogleFinanceDownloaderTest.exe)
2016-днды-09 09:54:16   task (2.fund1): executed (C:\Users\ivan6\OneDrive\data\newexecv3F\exeC\bin\Debug\exeC.exe)
2016-днды-09 09:54:40   task (3.fund2): executed (C:\Users\ivan6\OneDrive\data\newexecv3F\exeC\bin\Debug\exeC.exe)
2016-днды-09 09:55:12   task (4.fund3): executed (C:\Users\ivan6\OneDrive\data\newexecv3F\exeC\bin\Debug\exeC.exe)
2016-днды-09 09:56:59   task (5.getpic): executed (C:\Users\ivan6\OneDrive\data\getpic\getpic\bin\Debug\getpic.exe)
2016-днды-09 09:57:27   task (5.getpic): executed (C:\Users\ivan6\OneDrive\data\getpic\getpic\bin\Debug\getpic.exe)
2016-днды-09 09:59:07   task (5.getpic): executed (C:\Users\ivan6\OneDrive\data\getpic\getpic\bin\Debug\getpic.exe)
2016-днды-09 10:00:42   task (5.getpic): executed (C:\Users\ivan6\OneDrive\data\getpic\getpic\bin\Debug\getpic.exe)
2016-днды-09 10:51:49   task (5.getpic): executed (C:\Users\ivan6\OneDrive\data\getpic\getpic\bin\Debug\getpic.exe)
2016-днды-09 11:04:24   task (5.getpic): executed (C:\Users\ivan6\OneDrive\data\getpic\getpic\bin\Debug\getpic.exe)
2016-днды-09 21:56:14   task (2.fund1): executed (C:\Users\ivan\OneDrive\data\newexecv3F\exeC\bin\Debug\exeC.exe)
2016-днды-09 22:04:06   task (2.fund1): executed (C:\Users\ivan\OneDrive\data\newexecv3F\exeC\bin\Debug\exeC.exe)
2016-днды-09 22:05:14   task (2.fund1): executed (C:\Users\ivan\OneDrive\data\newexecv3F\exeC\bin\Debug\exeC.exe)
2016-днды-10 10:01:13   task (1.dawnSs): executed (C:\Users\ivan6\OneDrive\data\GoogleFinanceDownloader_demo\GoogleFinanceDownloaderTest\GoogleFinanceDownloaderTest\bin\Debug\GoogleFinanceDownloaderTest.exe)
2016-днды-10 10:11:52   task (1.dawnSs): file not found (C:\Users\ivan6\OneDrive\data\GoogleFinanceDownloader_demo\GoogleFinanceDownloaderTest\GoogleFinanceDownloaderTest\bin\Debug\GoogleFinanceDownloaderTest.exe)
2016-днды-10 10:12:46   task (1.dawnSs): file not found (C:\Users\ivan6\OneDrive\data\GoogleFinanceDownloader_demo\GoogleFinanceDownloaderTest\GoogleFinanceDownloaderTest\bin\Debug\GoogleFinanceDownloaderTest.exe)
2016-днды-10 10:13:51   task (1.dawnSs): file not found (C:\Users\ivan6\OneDrive\data\GoogleFinanceDownloader_demo\GoogleFinanceDownloaderTest\GoogleFinanceDownloaderTest\bin\Debug\GoogleFinanceDownloaderTest.exe)
2016-днды-10 10:14:32   task (1.dawnSs): file not found (C:\Users\ivan6\OneDrive\data\GoogleFinanceDownloader_demo\GoogleFinanceDownloaderTest\GoogleFinanceDownloaderTest\bin\Debug\GoogleFinanceDownloaderTest.exe)
2016-днды-10 10:15:09   task (2.fund1): file not found (C:\Users\ivan6\OneDrive\data\newexecv3F\exeC\bin\Debug\exeC.exe)
2016-днды-10 10:18:15   task (2.fund1): file not found (C:\Users\ivan6\OneDrive\data\newexecv3F\exeC\bin\Debug\exeC.exe)
2016-днды-10 10:21:11   task (2.fund1): file not found (C:\Users\ivan6\OneDrive\data\newexecv3F\exeC\bin\Debug\exeC.exe)
2016-днды-10 10:27:36   task (2.fund1): file not found (C:\Users\ivan6\OneDrive\data\newexecv3F\exeC\bin\Debug\exeC.exe)
2016-днды-10 10:33:27   task (3.fund2): file not found (C:\Users\ivan6\OneDrive\data\newexecv3F\exeC\bin\Debug\exeC.exe)
2016-днды-10 10:38:35   task (5.picdelete): executed (C:\auto\ConsoleDeleteFile\ConsoleDeleteFile\bin\Debug\ConsoleDeleteFile.exe)
2016-днды-10 10:40:18   task (3.fund2): file not found (C:\Users\ivan6\OneDrive\data\newexecv3F\exeC\bin\Debug\exeC.exe)
2016-днды-10 10:44:21   task (6.getpic): file not found (C:\Users\ivan6\OneDrive\data\getpic\getpic\bin\Debug\getpic.exe)
2016-днды-11 08:25:01   task (1.dawnSs): executed (C:\Users\ivan\OneDrive\data\GoogleFinanceDownloader_demo\GoogleFinanceDownloaderTest\GoogleFinanceDownloaderTest\bin\Debug\GoogleFinanceDownloaderTest.exe)
2016-днды-11 09:00:01   task (2.fund1): executed (C:\Users\ivan\OneDrive\data\newexecv3F\exeC\bin\Debug\exeC.exe)
2016-днды-11 20:07:42   task (2.fund1): executed (C:\Users\ivan\OneDrive\data\newexecv3F\exeC\bin\Debug\exeC.exe)
2016-днды-11 20:09:57   task (2.fund1): executed (C:\Users\ivan\OneDrive\data\newexecv3F\exeC\bin\Debug\exeC.exe)
2016-днды-11 20:14:18   task (3.fund2): executed (C:\Users\ivan\OneDrive\data\newexecv3F\exeC\bin\Debug\exeC.exe)
2016-днды-11 20:21:07   task (4.fund3): executed (C:\Users\ivan\OneDrive\data\newexecv3F\exeC\bin\Debug\exeC.exe)
2016-днды-12 22:06:39   task (1.dawnSs): executed (C:\Users\ivan\OneDrive\data\GoogleFinanceDownloader_demo\GoogleFinanceDownloaderTest\GoogleFinanceDownloaderTest\bin\Debug\GoogleFinanceDownloaderTest.exe)
2016-днды-12 22:06:59   task (2.fund1): executed (C:\Users\ivan\OneDrive\data\newexecv3F\exeC\bin\Debug\exeC.exe)
2016-днды-12 22:09:21   task (2.fund1): executed (C:\Users\ivan\OneDrive\data\newexecv3F\exeC\bin\Debug\exeC.exe)
2016-днды-13 10:07:47   task (1.dawnSs): executed (C:\Users\ivan\OneDrive\data\GoogleFinanceDownloader_demo\GoogleFinanceDownloaderTest\GoogleFinanceDownloaderTest\bin\Debug\GoogleFinanceDownloaderTest.exe)
2016-днды-13 10:08:45   task (2.fund1): executed (C:\Users\ivan\OneDrive\data\newexecv3F\exeC\bin\Debug\exeC.exe)
2016-днды-13 10:14:17   task (3.fund2): executed (C:\Users\ivan\OneDrive\data\newexecv3F\exeC\bin\Debug\exeC.exe)
2016-днды-13 10:15:37   task (4.fund3): executed (C:\Users\ivan\OneDrive\data\newexecv3F\exeC\bin\Debug\exeC.exe)
2016-днды-13 10:15:54   task (5.picdelete): executed (C:\auto\ConsoleDeleteFile\ConsoleDeleteFile\bin\Debug\ConsoleDeleteFile.exe)
2016-днды-13 10:16:18   task (6.getpic): executed (C:\Users\ivan\OneDrive\data\getpic\getpic\bin\Debug\getpic.exe)
2016-днды-13 10:18:06   task (6.getpic): executed (C:\Users\ivan\OneDrive\data\getpic\getpic\bin\Debug\getpic.exe)
2016-днды-16 09:28:38   task (1.dawnSs): executed (C:\Users\ivan\OneDrive\data\GoogleFinanceDownloader_demo\GoogleFinanceDownloaderTest\GoogleFinanceDownloaderTest\bin\Debug\GoogleFinanceDownloaderTest.exe)
2016-днды-16 09:29:01   task (2.fund1): executed (C:\Users\ivan\OneDrive\data\newexecv3F\exeC\bin\Debug\exeC.exe)
2016-днды-16 09:55:39   task (1.dawnSs): executed (C:\Users\ivan\OneDrive\data\GoogleFinanceDownloader_demo\GoogleFinanceDownloaderTest\GoogleFinanceDownloaderTest\bin\Debug\GoogleFinanceDownloaderTest.exe)
2016-днды-16 09:56:00   task (2.fund1): executed (C:\Users\ivan\OneDrive\data\newexecv3F\exeC\bin\Debug\exeC.exe)
2016-днды-16 09:56:51   task (2.fund1): executed (C:\Users\ivan\OneDrive\data\newexecv3F\exeC\bin\Debug\exeC.exe)
2016-днды-16 10:03:41   task (2.fund1): executed (C:\Users\ivan\OneDrive\data\newexecv3F\exeC\bin\Debug\exeC.exe)
2016-днды-16 10:05:21   task (2.fund1): executed (C:\Users\ivan\OneDrive\data\newexecv3F\exeC\bin\Debug\exeC.exe)
2016-днды-16 10:47:19   task (2.fund1): executed (C:\Users\ivan\OneDrive\data\newexecv3F\exeC\bin\Debug\exeC.exe)
2016-днды-16 10:47:55   task (3.fund2): executed (C:\Users\ivan\OneDrive\data\newexecv3F\exeC\bin\Debug\exeC.exe)
2016-днды-16 10:56:37   task (4.fund3): executed (C:\Users\ivan\OneDrive\data\newexecv3F\exeC\bin\Debug\exeC.exe)
2016-днды-16 11:02:37   task (5.picdelete): executed (C:\auto\ConsoleDeleteFile\ConsoleDeleteFile\bin\Debug\ConsoleDeleteFile.exe)
2016-днды-16 11:03:44   task (6.getpic): executed (C:\Users\ivan\OneDrive\data\getpic\getpic\bin\Debug\getpic.exe)
2016-днды-16 11:07:17   task (6.getpic): executed (C:\Users\ivan\OneDrive\data\getpic\getpic\bin\Debug\getpic.exe)
2016-днды-16 11:54:26   task (6.getpic): executed (C:\Users\ivan\OneDrive\data\getpic\getpic\bin\Debug\getpic.exe)
2016-днды-16 11:59:49   task (2.fund1): executed (C:\Users\ivan\OneDrive\data\newexecv3F\exeC\bin\Debug\exeC.exe)
2016-днды-16 12:01:24   task (3.fund2): executed (C:\Users\ivan\OneDrive\data\newexecv3F\exeC\bin\Debug\exeC.exe)
2016-днды-16 12:02:39   task (4.fund3): executed (C:\Users\ivan\OneDrive\data\newexecv3F\exeC\bin\Debug\exeC.exe)
2016-днды-16 12:03:16   task (6.getpic): executed (C:\Users\ivan\OneDrive\data\getpic\getpic\bin\Debug\getpic.exe)
2016-днды-16 23:11:03   task (7.robot): executed (C:\Users\ivan\Desktop\CSharp.Chatwork.Api-master\Chatwork.Service.ConsoleApp\bin\Debug\Chatwork.Service.ConsoleApp.exe)
2016-днды-19 10:15:52   task (1.dawnSs): file not found (C:\Users\ivan\OneDrive\data\GoogleFinanceDownloader_demo\GoogleFinanceDownloaderTest\GoogleFinanceDownloaderTest\bin\Debug\GoogleFinanceDownloaderTest.exe)
