2016-|る-18 11:01:14   task (4.fund3): executed (C:\Users\ivan6\OneDrive\data\newexecv3F\exeC\bin\Debug\exeC.exe)
2016-|る-19 09:50:28   task (2.fund1): executed (C:\Users\ivan6\OneDrive\data\newexecv3F\exeC\bin\Debug\exeC.exe)
2016-|る-19 09:50:44   task (2.fund1): executed (C:\Users\ivan6\OneDrive\data\newexecv3F\exeC\bin\Debug\exeC.exe)
2016-|る-19 10:11:27   task (2.fund1): executed (C:\Users\ivan6\OneDrive\data\newexecv3F\exeC\bin\Debug\exeC.exe)
2016-|る-19 10:14:56   task (3.fund2): executed (C:\Users\ivan6\OneDrive\data\newexecv3F\exeC\bin\Debug\exeC.exe)
2016-|る-19 10:15:39   task (4.fund3): executed (C:\Users\ivan6\OneDrive\data\newexecv3F\exeC\bin\Debug\exeC.exe)
2016-|る-19 10:17:37   task (5.getpic): executed (C:\Users\ivan6\OneDrive\data\getpic\getpic\bin\Debug\getpic.exe)
2016-|る-19 10:19:16   task (5.getpic): executed (C:\Users\ivan6\OneDrive\data\getpic\getpic\bin\Debug\getpic.exe)
2016-|る-19 10:28:56   task (5.getpic): executed (C:\Users\ivan6\OneDrive\data\getpic\getpic\bin\Debug\getpic.exe)
2016-|る-20 09:42:28   task (1.dawnSs): executed (C:\Users\ivan6\OneDrive\data\GoogleFinanceDownloader_demo\GoogleFinanceDownloaderTest\GoogleFinanceDownloaderTest\bin\Debug\GoogleFinanceDownloaderTest.exe)
2016-|る-20 10:09:52   task (2.fund1): executed (C:\Users\ivan6\OneDrive\data\newexecv3F\exeC\bin\Debug\exeC.exe)
2016-|る-20 10:10:30   task (3.fund2): executed (C:\Users\ivan6\OneDrive\data\newexecv3F\exeC\bin\Debug\exeC.exe)
2016-|る-20 10:11:05   task (4.fund3): executed (C:\Users\ivan6\OneDrive\data\newexecv3F\exeC\bin\Debug\exeC.exe)
2016-|る-20 10:11:58   task (5.getpic): executed (C:\Users\ivan6\OneDrive\data\getpic\getpic\bin\Debug\getpic.exe)
2016-|る-20 10:25:07   task (5.getpic): executed (C:\Users\ivan6\OneDrive\data\getpic\getpic\bin\Debug\getpic.exe)
2016-|る-21 09:04:06   task (2.fund1): executed (C:\Users\ivan6\OneDrive\data\newexecv3F\exeC\bin\Debug\exeC.exe)
2016-|る-21 09:47:51   task (3.fund2): executed (C:\Users\ivan6\OneDrive\data\newexecv3F\exeC\bin\Debug\exeC.exe)
2016-|る-21 09:49:39   task (4.fund3): executed (C:\Users\ivan6\OneDrive\data\newexecv3F\exeC\bin\Debug\exeC.exe)
2016-|る-21 09:53:42   task (5.getpic): executed (C:\Users\ivan6\OneDrive\data\getpic\getpic\bin\Debug\getpic.exe)
2016-|る-22 08:50:17   task (1.dawnSs): executed (C:\Users\ivan6\OneDrive\data\GoogleFinanceDownloader_demo\GoogleFinanceDownloaderTest\GoogleFinanceDownloaderTest\bin\Debug\GoogleFinanceDownloaderTest.exe)
2016-|る-22 09:10:05   task (2.fund1): executed (C:\Users\ivan6\OneDrive\data\newexecv3F\exeC\bin\Debug\exeC.exe)
2016-|る-22 10:21:35   task (4.fund3): executed (C:\Users\ivan6\OneDrive\data\newexecv3F\exeC\bin\Debug\exeC.exe)
2016-|る-22 10:22:01   task (5.getpic): executed (C:\Users\ivan6\OneDrive\data\getpic\getpic\bin\Debug\getpic.exe)
2016-|る-26 10:34:36   task (test): executed (C:\Users\ivan6\OneDrive\data\newexecv3F\exeC\bin\Debug\exeC.exe)
2016-|る-26 11:33:20   task (5.getpic): executed (C:\Users\ivan6\OneDrive\data\getpic\getpic\bin\Debug\getpic.exe)
2016-|る-26 11:33:45   task (5.getpic): executed (C:\Users\ivan6\OneDrive\data\getpic\getpic\bin\Debug\getpic.exe)
2016-|る-26 11:34:32   task (5.getpic): executed (C:\Users\ivan6\OneDrive\data\getpic\getpic\bin\Debug\getpic.exe)
2016-|る-26 11:44:47   task (5.getpic): executed (C:\Users\ivan6\OneDrive\data\getpic\getpic\bin\Debug\getpic.exe)
2016-4月-27 09:34:21   task (1.dawnSs): executed (C:\Users\ivan6\OneDrive\data\GoogleFinanceDownloader_demo\GoogleFinanceDownloaderTest\GoogleFinanceDownloaderTest\bin\Debug\GoogleFinanceDownloaderTest.exe)
2016-4月-27 09:36:15   task (test): executed (C:\Users\ivan6\OneDrive\data\newexecv3F\exeC\bin\Debug\exeC.exe)
2016-4月-27 09:44:18   task (3.fund2): executed (C:\Users\ivan6\OneDrive\data\newexecv3F\exeC\bin\Debug\exeC.exe)
2016-4月-27 09:48:36   task (4.fund3): executed (C:\Users\ivan6\OneDrive\data\newexecv3F\exeC\bin\Debug\exeC.exe)
2016-4月-27 09:53:19   task (5.getpic): executed (C:\Users\ivan6\OneDrive\data\getpic\getpic\bin\Debug\getpic.exe)
2016-4月-27 10:24:26   task (2.fund1): executed (C:\Users\ivan6\OneDrive\data\newexecv3F\exeC\bin\Debug\exeC.exe)
2016-|る-27 10:30:57   task (2.fund1): executed (C:\Users\ivan6\OneDrive\data\newexecv3F\exeC\bin\Debug\exeC.exe)
2016-|る-27 10:36:14   task (3.fund2): executed (C:\Users\ivan6\OneDrive\data\newexecv3F\exeC\bin\Debug\exeC.exe)
2016-|る-27 10:36:47   task (4.fund3): executed (C:\Users\ivan6\OneDrive\data\newexecv3F\exeC\bin\Debug\exeC.exe)
2016-|る-27 10:38:12   task (5.getpic): executed (C:\Users\ivan6\OneDrive\data\getpic\getpic\bin\Debug\getpic.exe)
2016-|る-27 10:45:38   task (5.getpic): executed (C:\Users\ivan6\OneDrive\data\getpic\getpic\bin\Debug\getpic.exe)
2016-|る-28 09:29:52   task (test): executed (C:\Users\ivan6\OneDrive\data\newexecv3F\exeC\bin\Debug\exeC.exe)
2016-|る-28 09:50:51   task (3.fund2): executed (C:\Users\ivan6\OneDrive\data\newexecv3F\exeC\bin\Debug\exeC.exe)
2016-|る-28 09:51:42   task (4.fund3): executed (C:\Users\ivan6\OneDrive\data\newexecv3F\exeC\bin\Debug\exeC.exe)
2016-|る-28 09:53:11   task (5.getpic): executed (C:\Users\ivan6\OneDrive\data\getpic\getpic\bin\Debug\getpic.exe)
2016-|る-28 09:53:56   task (5.getpic): executed (C:\Users\ivan6\OneDrive\data\getpic\getpic\bin\Debug\getpic.exe)
2016-|る-29 09:12:32   task (test): executed (C:\Users\ivan6\OneDrive\data\newexecv3F\exeC\bin\Debug\exeC.exe)
2016-|る-29 09:14:06   task (test): executed (C:\Users\ivan6\OneDrive\data\newexecv3F\exeC\bin\Debug\exeC.exe)
2016-|る-29 09:45:56   task (3.fund2): executed (C:\Users\ivan6\OneDrive\data\newexecv3F\exeC\bin\Debug\exeC.exe)
2016-|る-29 09:46:26   task (4.fund3): executed (C:\Users\ivan6\OneDrive\data\newexecv3F\exeC\bin\Debug\exeC.exe)
2016-|る-29 09:51:27   task (5.getpic): executed (C:\Users\ivan6\OneDrive\data\getpic\getpic\bin\Debug\getpic.exe)
2016-きる-03 09:45:44   task (1.dawnSs): executed (C:\Users\ivan6\OneDrive\data\GoogleFinanceDownloader_demo\GoogleFinanceDownloaderTest\GoogleFinanceDownloaderTest\bin\Debug\GoogleFinanceDownloaderTest.exe)
2016-きる-03 09:49:34   task (2.fund1): executed (C:\Users\ivan6\OneDrive\data\newexecv3F\exeC\bin\Debug\exeC.exe)
2016-きる-03 09:51:09   task (2.fund1): executed (C:\Users\ivan6\OneDrive\data\newexecv3F\exeC\bin\Debug\exeC.exe)
2016-きる-03 10:35:58   task (4.fund3): executed (C:\Users\ivan6\OneDrive\data\newexecv3F\exeC\bin\Debug\exeC.exe)
2016-きる-03 11:11:13   task (5.getpic): executed (C:\Users\ivan6\OneDrive\data\getpic\getpic\bin\Debug\getpic.exe)
2016-きる-03 11:20:35   task (5.getpic): executed (C:\Users\ivan6\OneDrive\data\getpic\getpic\bin\Debug\getpic.exe)
2016-きる-04 09:47:12   task (test): executed (C:\Users\ivan6\OneDrive\data\newexecv3F\exeC\bin\Debug\exeC.exe)
2016-きる-04 10:34:38   task (5.getpic): executed (C:\Users\ivan6\OneDrive\data\getpic\getpic\bin\Debug\getpic.exe)
2016-きる-04 10:51:12   task (5.getpic): executed (C:\Users\ivan6\OneDrive\data\getpic\getpic\bin\Debug\getpic.exe)
2016-きる-04 10:52:57   task (5.getpic): executed (C:\Users\ivan6\OneDrive\data\getpic\getpic\bin\Debug\getpic.exe)
2016-きる-05 09:29:09   task (2.fund1): executed (C:\Users\ivan6\OneDrive\data\newexecv3F\exeC\bin\Debug\exeC.exe)
2016-きる-05 09:36:05   task (1.dawnSs): executed (C:\Users\ivan6\OneDrive\data\GoogleFinanceDownloader_demo\GoogleFinanceDownloaderTest\GoogleFinanceDownloaderTest\bin\Debug\GoogleFinanceDownloaderTest.exe)
2016-きる-05 09:58:00   task (txt): executed (C:\Users\ivan6\OneDrive\data\newexecv3F\exeC\bin\Debug\exeC.exe)
2016-きる-05 10:04:45   task (3.fund2): executed (C:\Users\ivan6\OneDrive\data\newexecv3F\exeC\bin\Debug\exeC.exe)
2016-きる-05 10:05:27   task (4.fund3): executed (C:\Users\ivan6\OneDrive\data\newexecv3F\exeC\bin\Debug\exeC.exe)
2016-きる-05 10:09:15   task (5.getpic): executed (C:\Users\ivan6\OneDrive\data\getpic\getpic\bin\Debug\getpic.exe)
2016-きる-05 10:14:52   task (5.getpic): executed (C:\Users\ivan6\OneDrive\data\getpic\getpic\bin\Debug\getpic.exe)
2016-きる-06 10:10:05   task (1.dawnSs): executed (C:\Users\ivan\OneDrive\data\GoogleFinanceDownloader_demo\GoogleFinanceDownloaderTest\GoogleFinanceDownloaderTest\bin\Debug\GoogleFinanceDownloaderTest.exe)
2016-きる-06 10:20:09   task (1.dawnSs): executed (C:\Users\ivan6\OneDrive\data\GoogleFinanceDownloader_demo\GoogleFinanceDownloaderTest\GoogleFinanceDownloaderTest\bin\Debug\GoogleFinanceDownloaderTest.exe)
2016-きる-06 10:22:16   task (2.fund1): executed (C:\Users\ivan6\OneDrive\data\newexecv3F\exeC\bin\Debug\exeC.exe)
2016-きる-06 10:22:47   task (3.fund2): executed (C:\Users\ivan6\OneDrive\data\newexecv3F\exeC\bin\Debug\exeC.exe)
2016-きる-06 10:23:28   task (4.fund3): executed (C:\Users\ivan6\OneDrive\data\newexecv3F\exeC\bin\Debug\exeC.exe)
2016-きる-06 10:24:27   task (5.getpic): executed (C:\Users\ivan6\OneDrive\data\getpic\getpic\bin\Debug\getpic.exe)
2016-きる-06 10:31:25   task (2.fund1): executed (C:\Users\ivan6\OneDrive\data\newexecv3F\exeC\bin\Debug\exeC.exe)
2016-きる-06 10:44:28   task (3.fund2): executed (C:\Users\ivan6\OneDrive\data\newexecv3F\exeC\bin\Debug\exeC.exe)
2016-きる-06 10:45:20   task (4.fund3): executed (C:\Users\ivan6\OneDrive\data\newexecv3F\exeC\bin\Debug\exeC.exe)
2016-きる-06 10:50:54   task (4.fund3): executed (C:\Users\ivan6\OneDrive\data\newexecv3F\exeC\bin\Debug\exeC.exe)
2016-きる-06 10:51:29   task (5.getpic): executed (C:\Users\ivan6\OneDrive\data\getpic\getpic\bin\Debug\getpic.exe)
2016-きる-09 09:53:41   task (1.dawnSs): executed (C:\Users\ivan6\OneDrive\data\GoogleFinanceDownloader_demo\GoogleFinanceDownloaderTest\GoogleFinanceDownloaderTest\bin\Debug\GoogleFinanceDownloaderTest.exe)
2016-きる-09 09:54:16   task (2.fund1): executed (C:\Users\ivan6\OneDrive\data\newexecv3F\exeC\bin\Debug\exeC.exe)
2016-きる-09 09:54:40   task (3.fund2): executed (C:\Users\ivan6\OneDrive\data\newexecv3F\exeC\bin\Debug\exeC.exe)
2016-きる-09 09:55:12   task (4.fund3): executed (C:\Users\ivan6\OneDrive\data\newexecv3F\exeC\bin\Debug\exeC.exe)
2016-きる-09 09:56:59   task (5.getpic): executed (C:\Users\ivan6\OneDrive\data\getpic\getpic\bin\Debug\getpic.exe)
2016-きる-09 09:57:27   task (5.getpic): executed (C:\Users\ivan6\OneDrive\data\getpic\getpic\bin\Debug\getpic.exe)
2016-きる-09 09:59:07   task (5.getpic): executed (C:\Users\ivan6\OneDrive\data\getpic\getpic\bin\Debug\getpic.exe)
2016-きる-09 10:00:42   task (5.getpic): executed (C:\Users\ivan6\OneDrive\data\getpic\getpic\bin\Debug\getpic.exe)
2016-きる-09 10:51:49   task (5.getpic): executed (C:\Users\ivan6\OneDrive\data\getpic\getpic\bin\Debug\getpic.exe)
2016-きる-09 11:04:24   task (5.getpic): executed (C:\Users\ivan6\OneDrive\data\getpic\getpic\bin\Debug\getpic.exe)
2016-きる-09 21:56:14   task (2.fund1): executed (C:\Users\ivan\OneDrive\data\newexecv3F\exeC\bin\Debug\exeC.exe)
2016-きる-09 22:04:06   task (2.fund1): executed (C:\Users\ivan\OneDrive\data\newexecv3F\exeC\bin\Debug\exeC.exe)
2016-きる-09 22:05:14   task (2.fund1): executed (C:\Users\ivan\OneDrive\data\newexecv3F\exeC\bin\Debug\exeC.exe)
2016-きる-10 10:01:13   task (1.dawnSs): executed (C:\Users\ivan6\OneDrive\data\GoogleFinanceDownloader_demo\GoogleFinanceDownloaderTest\GoogleFinanceDownloaderTest\bin\Debug\GoogleFinanceDownloaderTest.exe)
2016-きる-10 10:11:52   task (1.dawnSs): file not found (C:\Users\ivan6\OneDrive\data\GoogleFinanceDownloader_demo\GoogleFinanceDownloaderTest\GoogleFinanceDownloaderTest\bin\Debug\GoogleFinanceDownloaderTest.exe)
2016-きる-10 10:12:46   task (1.dawnSs): file not found (C:\Users\ivan6\OneDrive\data\GoogleFinanceDownloader_demo\GoogleFinanceDownloaderTest\GoogleFinanceDownloaderTest\bin\Debug\GoogleFinanceDownloaderTest.exe)
2016-きる-10 10:13:51   task (1.dawnSs): file not found (C:\Users\ivan6\OneDrive\data\GoogleFinanceDownloader_demo\GoogleFinanceDownloaderTest\GoogleFinanceDownloaderTest\bin\Debug\GoogleFinanceDownloaderTest.exe)
2016-きる-10 10:14:32   task (1.dawnSs): file not found (C:\Users\ivan6\OneDrive\data\GoogleFinanceDownloader_demo\GoogleFinanceDownloaderTest\GoogleFinanceDownloaderTest\bin\Debug\GoogleFinanceDownloaderTest.exe)
2016-きる-10 10:15:09   task (2.fund1): file not found (C:\Users\ivan6\OneDrive\data\newexecv3F\exeC\bin\Debug\exeC.exe)
2016-きる-10 10:18:15   task (2.fund1): file not found (C:\Users\ivan6\OneDrive\data\newexecv3F\exeC\bin\Debug\exeC.exe)
2016-きる-10 10:21:11   task (2.fund1): file not found (C:\Users\ivan6\OneDrive\data\newexecv3F\exeC\bin\Debug\exeC.exe)
2016-きる-10 10:27:36   task (2.fund1): file not found (C:\Users\ivan6\OneDrive\data\newexecv3F\exeC\bin\Debug\exeC.exe)
2016-きる-10 10:33:27   task (3.fund2): file not found (C:\Users\ivan6\OneDrive\data\newexecv3F\exeC\bin\Debug\exeC.exe)
2016-きる-10 10:38:35   task (5.picdelete): executed (C:\auto\ConsoleDeleteFile\ConsoleDeleteFile\bin\Debug\ConsoleDeleteFile.exe)
2016-きる-10 10:40:18   task (3.fund2): file not found (C:\Users\ivan6\OneDrive\data\newexecv3F\exeC\bin\Debug\exeC.exe)
2016-きる-10 10:44:21   task (6.getpic): file not found (C:\Users\ivan6\OneDrive\data\getpic\getpic\bin\Debug\getpic.exe)
2016-きる-11 08:25:01   task (1.dawnSs): executed (C:\Users\ivan\OneDrive\data\GoogleFinanceDownloader_demo\GoogleFinanceDownloaderTest\GoogleFinanceDownloaderTest\bin\Debug\GoogleFinanceDownloaderTest.exe)
2016-きる-11 09:00:01   task (2.fund1): executed (C:\Users\ivan\OneDrive\data\newexecv3F\exeC\bin\Debug\exeC.exe)
2016-きる-11 20:07:42   task (2.fund1): executed (C:\Users\ivan\OneDrive\data\newexecv3F\exeC\bin\Debug\exeC.exe)
2016-きる-11 20:09:57   task (2.fund1): executed (C:\Users\ivan\OneDrive\data\newexecv3F\exeC\bin\Debug\exeC.exe)
2016-きる-11 20:14:18   task (3.fund2): executed (C:\Users\ivan\OneDrive\data\newexecv3F\exeC\bin\Debug\exeC.exe)
2016-きる-11 20:21:07   task (4.fund3): executed (C:\Users\ivan\OneDrive\data\newexecv3F\exeC\bin\Debug\exeC.exe)
2016-きる-12 22:06:39   task (1.dawnSs): executed (C:\Users\ivan\OneDrive\data\GoogleFinanceDownloader_demo\GoogleFinanceDownloaderTest\GoogleFinanceDownloaderTest\bin\Debug\GoogleFinanceDownloaderTest.exe)
2016-きる-12 22:06:59   task (2.fund1): executed (C:\Users\ivan\OneDrive\data\newexecv3F\exeC\bin\Debug\exeC.exe)
2016-きる-12 22:09:21   task (2.fund1): executed (C:\Users\ivan\OneDrive\data\newexecv3F\exeC\bin\Debug\exeC.exe)
2016-きる-13 10:07:47   task (1.dawnSs): executed (C:\Users\ivan\OneDrive\data\GoogleFinanceDownloader_demo\GoogleFinanceDownloaderTest\GoogleFinanceDownloaderTest\bin\Debug\GoogleFinanceDownloaderTest.exe)
2016-きる-13 10:08:45   task (2.fund1): executed (C:\Users\ivan\OneDrive\data\newexecv3F\exeC\bin\Debug\exeC.exe)
2016-きる-13 10:14:17   task (3.fund2): executed (C:\Users\ivan\OneDrive\data\newexecv3F\exeC\bin\Debug\exeC.exe)
2016-きる-13 10:15:37   task (4.fund3): executed (C:\Users\ivan\OneDrive\data\newexecv3F\exeC\bin\Debug\exeC.exe)
2016-きる-13 10:15:54   task (5.picdelete): executed (C:\auto\ConsoleDeleteFile\ConsoleDeleteFile\bin\Debug\ConsoleDeleteFile.exe)
2016-きる-13 10:16:18   task (6.getpic): executed (C:\Users\ivan\OneDrive\data\getpic\getpic\bin\Debug\getpic.exe)
2016-きる-13 10:18:06   task (6.getpic): executed (C:\Users\ivan\OneDrive\data\getpic\getpic\bin\Debug\getpic.exe)
2016-きる-16 09:28:38   task (1.dawnSs): executed (C:\Users\ivan\OneDrive\data\GoogleFinanceDownloader_demo\GoogleFinanceDownloaderTest\GoogleFinanceDownloaderTest\bin\Debug\GoogleFinanceDownloaderTest.exe)
2016-きる-16 09:29:01   task (2.fund1): executed (C:\Users\ivan\OneDrive\data\newexecv3F\exeC\bin\Debug\exeC.exe)
2016-きる-16 09:55:39   task (1.dawnSs): executed (C:\Users\ivan\OneDrive\data\GoogleFinanceDownloader_demo\GoogleFinanceDownloaderTest\GoogleFinanceDownloaderTest\bin\Debug\GoogleFinanceDownloaderTest.exe)
2016-きる-16 09:56:00   task (2.fund1): executed (C:\Users\ivan\OneDrive\data\newexecv3F\exeC\bin\Debug\exeC.exe)
2016-きる-16 09:56:51   task (2.fund1): executed (C:\Users\ivan\OneDrive\data\newexecv3F\exeC\bin\Debug\exeC.exe)
2016-きる-16 10:03:41   task (2.fund1): executed (C:\Users\ivan\OneDrive\data\newexecv3F\exeC\bin\Debug\exeC.exe)
2016-きる-16 10:05:21   task (2.fund1): executed (C:\Users\ivan\OneDrive\data\newexecv3F\exeC\bin\Debug\exeC.exe)
2016-きる-16 10:47:19   task (2.fund1): executed (C:\Users\ivan\OneDrive\data\newexecv3F\exeC\bin\Debug\exeC.exe)
2016-きる-16 10:47:55   task (3.fund2): executed (C:\Users\ivan\OneDrive\data\newexecv3F\exeC\bin\Debug\exeC.exe)
2016-きる-16 10:56:37   task (4.fund3): executed (C:\Users\ivan\OneDrive\data\newexecv3F\exeC\bin\Debug\exeC.exe)
2016-きる-16 11:02:37   task (5.picdelete): executed (C:\auto\ConsoleDeleteFile\ConsoleDeleteFile\bin\Debug\ConsoleDeleteFile.exe)
2016-きる-16 11:03:44   task (6.getpic): executed (C:\Users\ivan\OneDrive\data\getpic\getpic\bin\Debug\getpic.exe)
2016-きる-16 11:07:17   task (6.getpic): executed (C:\Users\ivan\OneDrive\data\getpic\getpic\bin\Debug\getpic.exe)
2016-きる-16 11:54:26   task (6.getpic): executed (C:\Users\ivan\OneDrive\data\getpic\getpic\bin\Debug\getpic.exe)
2016-きる-16 11:59:49   task (2.fund1): executed (C:\Users\ivan\OneDrive\data\newexecv3F\exeC\bin\Debug\exeC.exe)
2016-きる-16 12:01:24   task (3.fund2): executed (C:\Users\ivan\OneDrive\data\newexecv3F\exeC\bin\Debug\exeC.exe)
2016-きる-16 12:02:39   task (4.fund3): executed (C:\Users\ivan\OneDrive\data\newexecv3F\exeC\bin\Debug\exeC.exe)
2016-きる-16 12:03:16   task (6.getpic): executed (C:\Users\ivan\OneDrive\data\getpic\getpic\bin\Debug\getpic.exe)
2016-きる-16 23:11:03   task (7.robot): executed (C:\Users\ivan\Desktop\CSharp.Chatwork.Api-master\Chatwork.Service.ConsoleApp\bin\Debug\Chatwork.Service.ConsoleApp.exe)
2016-きる-17 09:16:59   task (1.dawnSs): executed (C:\Users\ivan\OneDrive\data\GoogleFinanceDownloader_demo\GoogleFinanceDownloaderTest\GoogleFinanceDownloaderTest\bin\Debug\GoogleFinanceDownloaderTest.exe)
2016-きる-17 09:21:50   task (2.fund1): executed (C:\Users\ivan\OneDrive\data\newexecv3F\exeC\bin\Debug\exeC.exe)
2016-きる-17 09:47:31   task (3.fund2): executed (C:\Users\ivan\OneDrive\data\newexecv3F\exeC\bin\Debug\exeC.exe)
2016-きる-17 09:50:55   task (4.fund3): executed (C:\Users\ivan\OneDrive\data\newexecv3F\exeC\bin\Debug\exeC.exe)
2016-きる-17 10:00:10   task (6.getpic): executed (C:\Users\ivan\OneDrive\data\getpic\getpic\bin\Debug\getpic.exe)
2016-きる-17 10:08:12   task (7.robot): executed (C:\Users\ivan\Desktop\CSharp.Chatwork.Api-master\Chatwork.Service.ConsoleApp\bin\Debug\Chatwork.Service.ConsoleApp.exe)
2016-きる-18 08:49:41   task (1.dawnSs): executed (C:\Users\ivan\OneDrive\data\GoogleFinanceDownloader_demo\GoogleFinanceDownloaderTest\GoogleFinanceDownloaderTest\bin\Debug\GoogleFinanceDownloaderTest.exe)
2016-きる-18 08:50:13   task (2.fund1): executed (C:\Users\ivan\OneDrive\data\newexecv3F\exeC\bin\Debug\exeC.exe)
2016-きる-18 09:47:36   task (3.fund2): executed (C:\Users\ivan\OneDrive\data\newexecv3F\exeC\bin\Debug\exeC.exe)
2016-きる-18 09:51:04   task (4.fund3): executed (C:\Users\ivan\OneDrive\data\newexecv3F\exeC\bin\Debug\exeC.exe)
2016-きる-18 09:51:32   task (5.picdelete): executed (C:\auto\ConsoleDeleteFile\ConsoleDeleteFile\bin\Debug\ConsoleDeleteFile.exe)
2016-きる-18 09:51:44   task (6.getpic): executed (C:\Users\ivan\OneDrive\data\getpic\getpic\bin\Debug\getpic.exe)
2016-きる-18 09:56:27   task (6.getpic): executed (C:\Users\ivan\OneDrive\data\getpic\getpic\bin\Debug\getpic.exe)
2016-きる-19 10:16:40   task (1.dawnSs): executed (C:\Users\ivan\OneDrive\data\GoogleFinanceDownloader_demo\GoogleFinanceDownloaderTest\GoogleFinanceDownloaderTest\bin\Debug\GoogleFinanceDownloaderTest.exe)
2016-きる-19 10:17:35   task (2.fund1): executed (C:\Users\ivan\OneDrive\data\newexecv3F\exeC\bin\Debug\exeC.exe)
2016-きる-19 10:20:21   task (3.fund2): executed (C:\Users\ivan\OneDrive\data\newexecv3F\exeC\bin\Debug\exeC.exe)
2016-きる-19 10:25:06   task (4.fund3): executed (C:\Users\ivan\OneDrive\data\newexecv3F\exeC\bin\Debug\exeC.exe)
2016-きる-19 10:25:46   task (5.picdelete): executed (C:\auto\ConsoleDeleteFile\ConsoleDeleteFile\bin\Debug\ConsoleDeleteFile.exe)
2016-きる-19 10:26:32   task (6.getpic): executed (C:\Users\ivan\OneDrive\data\getpic\getpic\bin\Debug\getpic.exe)
2016-きる-19 10:28:25   task (6.getpic): executed (C:\Users\ivan\OneDrive\data\getpic\getpic\bin\Debug\getpic.exe)
2016-きる-20 09:26:45   task (1.dawnSs): executed (C:\Users\ivan\OneDrive\data\GoogleFinanceDownloader_demo\GoogleFinanceDownloaderTest\GoogleFinanceDownloaderTest\bin\Debug\GoogleFinanceDownloaderTest.exe)
2016-きる-20 09:27:51   task (2.fund1): executed (C:\Users\ivan\OneDrive\data\newexecv3F\exeC\bin\Debug\exeC.exe)
2016-きる-20 10:37:24   task (3.fund2): executed (C:\Users\ivan\OneDrive\data\newexecv3F\exeC\bin\Debug\exeC.exe)
2016-きる-20 10:44:51   task (5.picdelete): executed (C:\auto\ConsoleDeleteFile\ConsoleDeleteFile\bin\Debug\ConsoleDeleteFile.exe)
2016-きる-20 10:45:43   task (6.getpic): executed (C:\Users\ivan\OneDrive\data\getpic\getpic\bin\Debug\getpic.exe)
2016-きる-20 11:00:07   task (4.fund3): executed (C:\Users\ivan\OneDrive\data\newexecv3F\exeC\bin\Debug\exeC.exe)
2016-きる-20 11:01:48   task (6.getpic): executed (C:\Users\ivan\OneDrive\data\getpic\getpic\bin\Debug\getpic.exe)
2016-きる-23 10:00:07   task (1.dawnSs): executed (C:\Users\ivan\OneDrive\data\GoogleFinanceDownloader_demo\GoogleFinanceDownloaderTest\GoogleFinanceDownloaderTest\bin\Debug\GoogleFinanceDownloaderTest.exe)
2016-きる-23 10:01:59   task (3.fund2): executed (C:\Users\ivan\OneDrive\data\newexecv3F\exeC\bin\Debug\exeC.exe)
2016-きる-23 10:03:07   task (2.fund1): executed (C:\Users\ivan\OneDrive\data\newexecv3F\exeC\bin\Debug\exeC.exe)
2016-きる-23 10:03:42   task (3.fund2): executed (C:\Users\ivan\OneDrive\data\newexecv3F\exeC\bin\Debug\exeC.exe)
2016-きる-23 10:05:46   task (4.fund3): executed (C:\Users\ivan\OneDrive\data\newexecv3F\exeC\bin\Debug\exeC.exe)
2016-きる-23 10:06:23   task (5.picdelete): executed (C:\auto\ConsoleDeleteFile\ConsoleDeleteFile\bin\Debug\ConsoleDeleteFile.exe)
2016-きる-23 10:06:43   task (6.getpic): executed (C:\Users\ivan\OneDrive\data\getpic\getpic\bin\Debug\getpic.exe)
2016-きる-23 10:07:19   task (6.getpic): executed (C:\Users\ivan\OneDrive\data\getpic\getpic\bin\Debug\getpic.exe)
2016-きる-23 10:17:36   task (7.robot): executed (C:\Users\ivan\Desktop\CSharp.Chatwork.Api-master\Chatwork.Service.ConsoleApp\bin\Debug\Chatwork.Service.ConsoleApp.exe)
2016-きる-23 10:45:51   task (2.fund1): executed (C:\Users\ivan\OneDrive\data\newexecv3F\exeC\bin\Debug\exeC.exe)
2016-きる-24 09:39:50   task (1.dawnSs): executed (C:\Users\ivan\OneDrive\data\GoogleFinanceDownloader_demo\GoogleFinanceDownloaderTest\GoogleFinanceDownloaderTest\bin\Debug\GoogleFinanceDownloaderTest.exe)
2016-きる-24 09:42:09   task (2.fund1): executed (C:\Users\ivan\OneDrive\data\newexecv3F\exeC\bin\Debug\exeC.exe)
2016-きる-24 09:50:29   task (2.fund1): executed (C:\Users\ivan\OneDrive\data\newexecv3F\exeC\bin\Debug\exeC.exe)
2016-きる-24 09:52:34   task (3.fund2): executed (C:\Users\ivan\OneDrive\data\newexecv3F\exeC\bin\Debug\exeC.exe)
2016-きる-24 09:54:47   task (4.fund3): executed (C:\Users\ivan\OneDrive\data\newexecv3F\exeC\bin\Debug\exeC.exe)
2016-きる-24 09:55:06   task (5.picdelete): executed (C:\auto\ConsoleDeleteFile\ConsoleDeleteFile\bin\Debug\ConsoleDeleteFile.exe)
2016-きる-24 09:58:09   task (6.getpic): executed (C:\Users\ivan\OneDrive\data\getpic\getpic\bin\Debug\getpic.exe)
2016-きる-25 09:21:09   task (1.dawnSs): executed (C:\Users\ivan6\OneDrive\data\GoogleFinanceDownloader_demo\GoogleFinanceDownloaderTest\GoogleFinanceDownloaderTest\bin\Debug\GoogleFinanceDownloaderTest.exe)
2016-きる-25 09:30:37   task (txt): executed (C:\Users\ivan6\OneDrive\data\newexecv3F\exeC\bin\Debug\exeC.exe)
2016-きる-25 09:38:06   task (2.fund1): executed (C:\Users\ivan6\OneDrive\data\newexecv3F\exeC\bin\Debug\exeC.exe)
2016-きる-25 09:38:21   task (txt): executed (C:\Users\ivan6\OneDrive\data\newexecv3F\exeC\bin\Debug\exeC.exe)
2016-きる-25 09:49:10   task (3.fund2): executed (C:\Users\ivan6\OneDrive\data\newexecv3F\exeC\bin\Debug\exeC.exe)
2016-きる-25 09:50:10   task (4.fund3): executed (C:\Users\ivan6\OneDrive\data\newexecv3F\exeC\bin\Debug\exeC.exe)
2016-きる-25 10:02:44   task (5.getpic): executed (C:\Users\ivan6\OneDrive\data\getpic\getpic\bin\Debug\getpic.exe)
2016-きる-26 10:03:51   task (1.dawnSs): executed (C:\Users\ivan\OneDrive\data\GoogleFinanceDownloader_demo\GoogleFinanceDownloaderTest\GoogleFinanceDownloaderTest\bin\Debug\GoogleFinanceDownloaderTest.exe)
2016-きる-26 10:04:36   task (2.fund1): executed (C:\Users\ivan\OneDrive\data\newexecv3F\exeC\bin\Debug\exeC.exe)
2016-きる-26 10:06:44   task (2.fund1): executed (C:\Users\ivan\OneDrive\data\newexecv3F\exeC\bin\Debug\exeC.exe)
2016-きる-26 10:07:27   task (3.fund2): executed (C:\Users\ivan\OneDrive\data\newexecv3F\exeC\bin\Debug\exeC.exe)
2016-きる-26 10:08:43   task (4.fund3): executed (C:\Users\ivan\OneDrive\data\newexecv3F\exeC\bin\Debug\exeC.exe)
2016-きる-26 10:09:17   task (5.picdelete): executed (C:\auto\ConsoleDeleteFile\ConsoleDeleteFile\bin\Debug\ConsoleDeleteFile.exe)
2016-きる-26 10:10:29   task (6.getpic): executed (C:\Users\ivan\OneDrive\data\getpic\getpic\bin\Debug\getpic.exe)
2016-きる-26 10:34:17   task (2.fund1): executed (C:\Users\ivan\OneDrive\data\newexecv3F\exeC\bin\Debug\exeC.exe)
2016-きる-26 10:44:49   task (2.fund1): executed (C:\Users\ivan\OneDrive\data\newexecv3F\exeC\bin\Debug\exeC.exe)
2016-きる-26 10:47:11   task (3.fund2): executed (C:\Users\ivan\OneDrive\data\newexecv3F\exeC\bin\Debug\exeC.exe)
2016-きる-26 10:48:19   task (4.fund3): executed (C:\Users\ivan\OneDrive\data\newexecv3F\exeC\bin\Debug\exeC.exe)
2016-きる-26 10:48:33   task (5.picdelete): executed (C:\auto\ConsoleDeleteFile\ConsoleDeleteFile\bin\Debug\ConsoleDeleteFile.exe)
2016-きる-26 10:48:49   task (6.getpic): executed (C:\Users\ivan\OneDrive\data\getpic\getpic\bin\Debug\getpic.exe)
2016-きる-27 10:32:25   task (1.dawnSs): executed (C:\Users\ivan\OneDrive\data\GoogleFinanceDownloader_demo\GoogleFinanceDownloaderTest\GoogleFinanceDownloaderTest\bin\Debug\GoogleFinanceDownloaderTest.exe)
2016-きる-27 10:37:40   task (2.fund1): executed (C:\Users\ivan\OneDrive\data\newexecv3F\exeC\bin\Debug\exeC.exe)
2016-きる-27 10:38:23   task (3.fund2): executed (C:\Users\ivan\OneDrive\data\newexecv3F\exeC\bin\Debug\exeC.exe)
2016-きる-27 10:40:02   task (4.fund3): executed (C:\Users\ivan\OneDrive\data\newexecv3F\exeC\bin\Debug\exeC.exe)
2016-きる-27 10:40:41   task (5.picdelete): executed (C:\auto\ConsoleDeleteFile\ConsoleDeleteFile\bin\Debug\ConsoleDeleteFile.exe)
2016-きる-27 10:41:27   task (6.getpic): executed (C:\Users\ivan\OneDrive\data\getpic\getpic\bin\Debug\getpic.exe)
2016-きる-30 08:21:09   task (1.dawnSs): executed (C:\Users\ivan\OneDrive\data\GoogleFinanceDownloader_demo\GoogleFinanceDownloaderTest\GoogleFinanceDownloaderTest\bin\Debug\GoogleFinanceDownloaderTest.exe)
2016-きる-30 08:21:27   task (2.fund1): executed (C:\Users\ivan\OneDrive\data\newexecv3F\exeC\bin\Debug\exeC.exe)
2016-きる-30 08:44:39   task (2fund1): executed (C:\Users\ivan\OneDrive\data\newexecv3F\exeC\bin\Debug\exeC.exe)
2016-きる-30 09:48:07   task (3.fund2): executed (C:\Users\ivan\OneDrive\data\newexecv3F\exeC\bin\Debug\exeC.exe)
2016-きる-30 09:50:10   task (4fund_3day): executed (C:\Users\ivan\OneDrive\data\newexecv3F\exeC\bin\Debug\exeC.exe)
2016-きる-30 09:50:47   task (5.picdelete): executed (C:\auto\ConsoleDeleteFile\ConsoleDeleteFile\bin\Debug\ConsoleDeleteFile.exe)
2016-きる-30 09:51:25   task (6.getpic): executed (C:\Users\ivan\OneDrive\data\getpic\getpic\bin\Debug\getpic.exe)
2016-きる-31 08:55:07   task (1.dawnSs): executed (C:\Users\ivan\OneDrive\data\GoogleFinanceDownloader_demo\GoogleFinanceDownloaderTest\GoogleFinanceDownloaderTest\bin\Debug\GoogleFinanceDownloaderTest.exe)
2016-きる-31 08:55:46   task (2.fund6): executed (C:\Users\ivan\OneDrive\data\newexecv3F\exeC\bin\Debug\exeC.exe)
2016-きる-31 09:52:19   task (3.fund2): executed (C:\Users\ivan\OneDrive\data\newexecv3F\exeC\bin\Debug\exeC.exe)
2016-きる-31 09:55:37   task (4.fund3): executed (C:\Users\ivan\OneDrive\data\newexecv3F\exeC\bin\Debug\exeC.exe)
2016-きる-31 09:55:54   task (5.picdelete): executed (C:\auto\ConsoleDeleteFile\ConsoleDeleteFile\bin\Debug\ConsoleDeleteFile.exe)
2016-きる-31 09:57:53   task (6.getpic): executed (C:\Users\ivan\OneDrive\data\getpic\getpic\bin\Debug\getpic.exe)
2016-せる-01 09:35:20   task (1.dawnSs): executed (C:\Users\ivan\OneDrive\data\GoogleFinanceDownloader_demo\GoogleFinanceDownloaderTest\GoogleFinanceDownloaderTest\bin\Debug\GoogleFinanceDownloaderTest.exe)
2016-せる-01 09:45:25   task (2.fund6): executed (C:\Users\ivan\OneDrive\data\newexecv3F\exeC\bin\Debug\exeC.exe)
2016-せる-01 09:48:28   task (3.fund2): executed (C:\Users\ivan\OneDrive\data\newexecv3F\exeC\bin\Debug\exeC.exe)
2016-せる-01 09:50:31   task (4.fund3): executed (C:\Users\ivan\OneDrive\data\newexecv3F\exeC\bin\Debug\exeC.exe)
2016-せる-01 09:51:20   task (5.picdelete): executed (C:\auto\ConsoleDeleteFile\ConsoleDeleteFile\bin\Debug\ConsoleDeleteFile.exe)
2016-せる-01 09:51:39   task (6.getpic): executed (C:\Users\ivan\OneDrive\data\getpic\getpic\bin\Debug\getpic.exe)
2016-せる-02 09:27:35   task (1.dawnSs): executed (C:\Users\ivan\OneDrive\data\GoogleFinanceDownloader_demo\GoogleFinanceDownloaderTest\GoogleFinanceDownloaderTest\bin\Debug\GoogleFinanceDownloaderTest.exe)
2016-せる-02 09:27:55   task (2.fund1_6): executed (C:\Users\ivan\OneDrive\data\newexecv3F\exeC\bin\Debug\exeC.exe)
2016-せる-02 09:51:18   task (3.fund2): executed (C:\Users\ivan\OneDrive\data\newexecv3F\exeC\bin\Debug\exeC.exe)
2016-せる-02 09:52:33   task (4.fund3): executed (C:\Users\ivan\OneDrive\data\newexecv3F\exeC\bin\Debug\exeC.exe)
2016-せる-02 09:53:34   task (5.picdelete): executed (C:\auto\ConsoleDeleteFile\ConsoleDeleteFile\bin\Debug\ConsoleDeleteFile.exe)
2016-せる-02 09:53:49   task (6.getpic): executed (C:\Users\ivan\OneDrive\data\getpic\getpic\bin\Debug\getpic.exe)
2016-せる-02 09:55:36   task (6.getpic): executed (C:\Users\ivan\OneDrive\data\getpic\getpic\bin\Debug\getpic.exe)
2016-せる-02 10:01:32   task (6.getpic): executed (C:\Users\ivan\OneDrive\data\getpic\getpic\bin\Debug\getpic.exe)
2016-せる-03 09:19:05   task (1.dawnSs): executed (C:\Users\ivan\OneDrive\data\GoogleFinanceDownloader_demo\GoogleFinanceDownloaderTest\GoogleFinanceDownloaderTest\bin\Debug\GoogleFinanceDownloaderTest.exe)
2016-せる-03 09:19:21   task (2.fund1_6): executed (C:\Users\ivan\OneDrive\data\newexecv3F\exeC\bin\Debug\exeC.exe)
2016-せる-03 09:52:24   task (3.fund2): executed (C:\Users\ivan\OneDrive\data\newexecv3F\exeC\bin\Debug\exeC.exe)
2016-せる-03 09:53:36   task (4.fund3): executed (C:\Users\ivan\OneDrive\data\newexecv3F\exeC\bin\Debug\exeC.exe)
2016-せる-03 09:54:08   task (5.picdelete): executed (C:\auto\ConsoleDeleteFile\ConsoleDeleteFile\bin\Debug\ConsoleDeleteFile.exe)
2016-せる-03 09:54:47   task (6.getpic): executed (C:\Users\ivan\OneDrive\data\getpic\getpic\bin\Debug\getpic.exe)
2016-せる-06 09:15:45   task (1.dawnSs): executed (C:\Users\ivan6\OneDrive\data\GoogleFinanceDownloader_demo\GoogleFinanceDownloaderTest\GoogleFinanceDownloaderTest\bin\Debug\GoogleFinanceDownloaderTest.exe)
2016-せる-06 09:18:32   task (txt): executed (C:\Users\ivan6\OneDrive\data\newexecv3F\exeC\bin\Debug\exeC.exe)
2016-せる-06 09:20:45   task (txt): executed (C:\Users\ivan6\OneDrive\data\newexecv3F\exeC\bin\Debug\exeC.exe)
2016-せる-06 09:25:30   task (txt): executed (C:\Users\ivan6\OneDrive\data\newexecv3F\exeC\bin\Debug\exeC.exe)
2016-せる-06 09:35:28   task (3.fund2): executed (C:\Users\ivan6\OneDrive\data\newexecv3F\exeC\bin\Debug\exeC.exe)
2016-せる-06 09:48:02   task (3.fund2): executed (C:\Users\ivan6\OneDrive\data\newexecv3F\exeC\bin\Debug\exeC.exe)
2016-せる-06 09:54:33   task (4.fund3): executed (C:\Users\ivan6\OneDrive\data\newexecv3F\exeC\bin\Debug\exeC.exe)
2016-せる-06 09:55:56   task (5.getpic): executed (C:\Users\ivan6\OneDrive\data\getpic\getpic\bin\Debug\getpic.exe)
2016-せる-06 10:10:57   task (6.robot): file not found (C:\Users\ivan6\Desktop\CSharp.Chatwork.Api-master\Chatwork.Service.ConsoleApp\bin\Debug\Chatwork.Service.ConsoleApp.exe)
2016-せる-06 10:11:04   task (6.robot): file not found (C:\Users\ivan6\Desktop\CSharp.Chatwork.Api-master\Chatwork.Service.ConsoleApp\bin\Debug\Chatwork.Service.ConsoleApp.exe)
2016-せる-06 10:14:54   task (6.robot): executed (C:\Users\ivan6\OneDrive\data\CSharp.Chatwork.Api-master\Chatwork.Service.ConsoleApp\bin\Debug\Chatwork.Service.ConsoleApp.exe)
2016-せる-06 10:19:11   task (6.robot): executed (C:\Users\ivan6\OneDrive\data\CSharp.Chatwork.Api-master\Chatwork.Service.ConsoleApp\bin\Debug\Chatwork.Service.ConsoleApp.exe)
2016-せる-07 10:00:12   task (1.dawnSs): executed (C:\Users\ivan\OneDrive\data\GoogleFinanceDownloader_demo\GoogleFinanceDownloaderTest\GoogleFinanceDownloaderTest\bin\Debug\GoogleFinanceDownloaderTest.exe)
2016-せる-07 10:00:28   task (2fund_3day): executed (C:\Users\ivan\OneDrive\data\newexecv3F\exeC\bin\Debug\exeC.exe)
2016-せる-07 10:03:54   task (2.fund1_6): executed (C:\Users\ivan\OneDrive\data\newexecv3F\exeC\bin\Debug\exeC.exe)
2016-せる-07 10:04:27   task (3.fund2): executed (C:\Users\ivan\OneDrive\data\newexecv3F\exeC\bin\Debug\exeC.exe)
2016-せる-07 10:05:56   task (4.fund3): executed (C:\Users\ivan\OneDrive\data\newexecv3F\exeC\bin\Debug\exeC.exe)
2016-せる-07 10:06:15   task (5.picdelete): executed (C:\auto\ConsoleDeleteFile\ConsoleDeleteFile\bin\Debug\ConsoleDeleteFile.exe)
2016-せる-07 10:07:21   task (6.getpic): executed (C:\Users\ivan\OneDrive\data\getpic\getpic\bin\Debug\getpic.exe)
2016-せる-08 09:26:05   task (1.dawnSs): executed (C:\Users\ivan\OneDrive\data\GoogleFinanceDownloader_demo\GoogleFinanceDownloaderTest\GoogleFinanceDownloaderTest\bin\Debug\GoogleFinanceDownloaderTest.exe)
2016-せる-08 09:26:34   task (2.fund1_6): executed (C:\Users\ivan\OneDrive\data\newexecv3F\exeC\bin\Debug\exeC.exe)
2016-せる-08 09:49:32   task (3.fund2): executed (C:\Users\ivan\OneDrive\data\newexecv3F\exeC\bin\Debug\exeC.exe)
2016-せる-08 09:50:48   task (4.fund3): executed (C:\Users\ivan\OneDrive\data\newexecv3F\exeC\bin\Debug\exeC.exe)
2016-せる-08 09:57:01   task (5.picdelete): executed (C:\auto\ConsoleDeleteFile\ConsoleDeleteFile\bin\Debug\ConsoleDeleteFile.exe)
2016-せる-08 09:57:10   task (6.getpic): executed (C:\Users\ivan\OneDrive\data\getpic\getpic\bin\Debug\getpic.exe)
2016-せる-13 08:55:32   task (txt): executed (C:\Users\ivan6\OneDrive\data\newexecv3F\exeC\bin\Debug\exeC.exe)
2016-せる-13 09:55:23   task (1.dawnSs): executed (C:\Users\ivan6\OneDrive\data\GoogleFinanceDownloader_demo\GoogleFinanceDownloaderTest\GoogleFinanceDownloaderTest\bin\Debug\GoogleFinanceDownloaderTest.exe)
2016-せる-13 09:56:28   task (3.fund2): executed (C:\Users\ivan6\OneDrive\data\newexecv3F\exeC\bin\Debug\exeC.exe)
2016-せる-13 09:57:26   task (4.fund3): executed (C:\Users\ivan6\OneDrive\data\newexecv3F\exeC\bin\Debug\exeC.exe)
2016-せる-13 09:59:23   task (5.getpic): executed (C:\Users\ivan6\OneDrive\data\getpic\getpic\bin\Debug\getpic.exe)
2016-せる-13 10:17:59   task (6.robot): file not found (C:\Users\ivan6\OneDrive\data\CSharp.Chatwork.Api-master\Chatwork.Service.ConsoleApp\bin\Debug\Chatwork.Service.ConsoleApp.exe)
2016-せる-13 10:20:26   task (6.robot): executed (C:\Users\ivan6\OneDrive\data\CSharp.Chatwork.Api-master\Chatwork.Service.ConsoleApp\bin\Debug\Chatwork.Service.ConsoleApp.exe)
2016-せる-13 10:21:59   task (6.robot): executed (C:\Users\ivan6\OneDrive\data\CSharp.Chatwork.Api-master\Chatwork.Service.ConsoleApp\bin\Debug\Chatwork.Service.ConsoleApp.exe)
2016-せる-14 09:21:07   task (1.dawnSs): executed (C:\Users\ivan6\OneDrive\data\GoogleFinanceDownloader_demo\GoogleFinanceDownloaderTest\GoogleFinanceDownloaderTest\bin\Debug\GoogleFinanceDownloaderTest.exe)
2016-せる-14 10:30:52   task (2.fund1): executed (C:\Users\ivan6\OneDrive\data\newexecv3F\exeC\bin\Debug\exeC.exe)
2016-せる-14 10:31:10   task (3.fund2): executed (C:\Users\ivan6\OneDrive\data\newexecv3F\exeC\bin\Debug\exeC.exe)
2016-せる-14 10:31:54   task (4.fund3): executed (C:\Users\ivan6\OneDrive\data\newexecv3F\exeC\bin\Debug\exeC.exe)
2016-せる-14 10:32:52   task (5.getpic): executed (C:\Users\ivan6\OneDrive\data\getpic\getpic\bin\Debug\getpic.exe)
2016-せる-14 10:45:29   task (6.robot): executed (C:\Users\ivan6\OneDrive\data\CSharp.Chatwork.Api-master\Chatwork.Service.ConsoleApp\bin\Debug\Chatwork.Service.ConsoleApp.exe)
2016-せる-14 10:47:01   task (6.robot): executed (C:\Users\ivan6\OneDrive\data\CSharp.Chatwork.Api-master\Chatwork.Service.ConsoleApp\bin\Debug\Chatwork.Service.ConsoleApp.exe)
2016-せる-15 09:40:22   task (1.dawnSs): executed (C:\Users\ivan6\OneDrive\data\GoogleFinanceDownloader_demo\GoogleFinanceDownloaderTest\GoogleFinanceDownloaderTest\bin\Debug\GoogleFinanceDownloaderTest.exe)
2016-せる-15 10:28:04   task (2.fund1): executed (C:\Users\ivan6\OneDrive\data\newexecv3F\exeC\bin\Debug\exeC.exe)
2016-せる-15 10:28:23   task (3.fund2): executed (C:\Users\ivan6\OneDrive\data\newexecv3F\exeC\bin\Debug\exeC.exe)
2016-せる-15 10:29:07   task (4.fund3): executed (C:\Users\ivan6\OneDrive\data\newexecv3F\exeC\bin\Debug\exeC.exe)
2016-せる-15 10:29:35   task (5.getpic): executed (C:\Users\ivan6\OneDrive\data\getpic\getpic\bin\Debug\getpic.exe)
2016-せる-15 10:42:09   task (6.robot): executed (C:\Users\ivan6\OneDrive\data\CSharp.Chatwork.Api-master\Chatwork.Service.ConsoleApp\bin\Debug\Chatwork.Service.ConsoleApp.exe)
2016-せる-16 09:59:50   task (1.dawnSs): executed (C:\Users\ivan6\OneDrive\data\GoogleFinanceDownloader_demo\GoogleFinanceDownloaderTest\GoogleFinanceDownloaderTest\bin\Debug\GoogleFinanceDownloaderTest.exe)
2016-せる-16 10:00:12   task (2.fund1): executed (C:\Users\ivan6\OneDrive\data\newexecv3F\exeC\bin\Debug\exeC.exe)
2016-せる-16 10:00:26   task (3.fund2): executed (C:\Users\ivan6\OneDrive\data\newexecv3F\exeC\bin\Debug\exeC.exe)
2016-せる-16 10:00:51   task (4.fund3): executed (C:\Users\ivan6\OneDrive\data\newexecv3F\exeC\bin\Debug\exeC.exe)
2016-せる-16 10:01:27   task (5.getpic): executed (C:\Users\ivan6\OneDrive\data\getpic\getpic\bin\Debug\getpic.exe)
2016-せる-16 10:06:18   task (6.robot): executed (C:\Users\ivan6\OneDrive\data\CSharp.Chatwork.Api-master\Chatwork.Service.ConsoleApp\bin\Debug\Chatwork.Service.ConsoleApp.exe)
2016-せる-16 10:53:07   task (1.dawnSs): executed (C:\Users\ivan6\OneDrive\data\GoogleFinanceDownloader_demo\GoogleFinanceDownloaderTest\GoogleFinanceDownloaderTest\bin\Debug\GoogleFinanceDownloaderTest.exe)
2016-せる-17 10:50:25   task (1.dawnSs): executed (C:\Users\ivan6\OneDrive\data\GoogleFinanceDownloader_demo\GoogleFinanceDownloaderTest\GoogleFinanceDownloaderTest\bin\Debug\GoogleFinanceDownloaderTest.exe)
2016-せる-17 10:51:24   task (2.fund1): executed (C:\Users\ivan6\OneDrive\data\newexecv3F\exeC\bin\Debug\exeC.exe)
2016-せる-17 10:52:47   task (3.fund2): executed (C:\Users\ivan6\OneDrive\data\newexecv3F\exeC\bin\Debug\exeC.exe)
2016-せる-17 10:55:41   task (4.fund3): executed (C:\Users\ivan6\OneDrive\data\newexecv3F\exeC\bin\Debug\exeC.exe)
2016-せる-17 10:56:10   task (5.getpic): executed (C:\Users\ivan6\OneDrive\data\getpic\getpic\bin\Debug\getpic.exe)
2016-せる-17 11:11:42   task (6.robot): executed (C:\Users\ivan6\OneDrive\data\CSharp.Chatwork.Api-master\Chatwork.Service.ConsoleApp\bin\Debug\Chatwork.Service.ConsoleApp.exe)
2016-せる-20 10:16:31   task (2fund_3day): executed (C:\Users\ivan\OneDrive\data\newexecv3F\exeC\bin\Debug\exeC.exe)
2016-せる-20 10:17:41   task (3.fund2): executed (C:\Users\ivan\OneDrive\data\newexecv3F\exeC\bin\Debug\exeC.exe)
2016-せる-20 10:18:54   task (4fund_3day): executed (C:\Users\ivan\OneDrive\data\newexecv3F\exeC\bin\Debug\exeC.exe)
2016-せる-20 10:21:15   task (5.picdelete): executed (C:\auto\ConsoleDeleteFile\ConsoleDeleteFile\bin\Debug\ConsoleDeleteFile.exe)
2016-せる-20 10:21:41   task (6.getpic): executed (C:\Users\ivan\OneDrive\data\getpic\getpic\bin\Debug\getpic.exe)
2016-せる-20 10:27:37   task (7.robot): executed (C:\Users\ivan\Desktop\CSharp.Chatwork.Api-master\Chatwork.Service.ConsoleApp\bin\Debug\Chatwork.Service.ConsoleApp.exe)
2016-せる-21 10:58:28   task (1.dawnSs): executed (C:\Users\ivan\OneDrive\data\GoogleFinanceDownloader_demo\GoogleFinanceDownloaderTest\GoogleFinanceDownloaderTest\bin\Debug\GoogleFinanceDownloaderTest.exe)
2016-せる-21 10:59:11   task (2.fund1_6): executed (C:\Users\ivan\OneDrive\data\newexecv3F\exeC\bin\Debug\exeC.exe)
2016-せる-21 10:59:37   task (3.fund2): executed (C:\Users\ivan\OneDrive\data\newexecv3F\exeC\bin\Debug\exeC.exe)
2016-せる-21 11:00:53   task (4.fund3): executed (C:\Users\ivan\OneDrive\data\newexecv3F\exeC\bin\Debug\exeC.exe)
2016-せる-21 11:01:41   task (5.picdelete): executed (C:\auto\ConsoleDeleteFile\ConsoleDeleteFile\bin\Debug\ConsoleDeleteFile.exe)
2016-せる-21 11:02:01   task (6.getpic): executed (C:\Users\ivan\OneDrive\data\getpic\getpic\bin\Debug\getpic.exe)
2016-せる-21 11:19:11   task (7.robot): executed (C:\Users\ivan\Desktop\CSharp.Chatwork.Api-master\Chatwork.Service.ConsoleApp\bin\Debug\Chatwork.Service.ConsoleApp.exe)
2016-せる-22 10:18:06   task (1.dawnSs): executed (C:\Users\ivan\OneDrive\data\GoogleFinanceDownloader_demo\GoogleFinanceDownloaderTest\GoogleFinanceDownloaderTest\bin\Debug\GoogleFinanceDownloaderTest.exe)
2016-せる-22 10:19:05   task (2.fund1_6): executed (C:\Users\ivan\OneDrive\data\newexecv3F\exeC\bin\Debug\exeC.exe)
2016-せる-22 10:20:00   task (3.fund2): executed (C:\Users\ivan\OneDrive\data\newexecv3F\exeC\bin\Debug\exeC.exe)
2016-せる-22 10:33:52   task (4.fund3): executed (C:\Users\ivan\OneDrive\data\newexecv3F\exeC\bin\Debug\exeC.exe)
2016-せる-22 10:34:18   task (5.picdelete): executed (C:\auto\ConsoleDeleteFile\ConsoleDeleteFile\bin\Debug\ConsoleDeleteFile.exe)
2016-せる-22 10:34:23   task (6.getpic): executed (C:\Users\ivan\OneDrive\data\getpic\getpic\bin\Debug\getpic.exe)
2016-せる-22 11:02:58   task (7.robot): executed (C:\Users\ivan\Desktop\CSharp.Chatwork.Api-master\Chatwork.Service.ConsoleApp\bin\Debug\Chatwork.Service.ConsoleApp.exe)
2016-せる-23 11:17:02   task (6.robot): executed (C:\Users\ivan6\OneDrive\data\CSharp.Chatwork.Api-master\Chatwork.Service.ConsoleApp\bin\Debug\Chatwork.Service.ConsoleApp.exe)
2016-せる-24 11:05:03   task (1.dawnSs): executed (C:\Users\ivan\OneDrive\data\GoogleFinanceDownloader_demo\GoogleFinanceDownloaderTest\GoogleFinanceDownloaderTest\bin\Debug\GoogleFinanceDownloaderTest.exe)
2016-せる-24 11:06:12   task (2.fund1_6): executed (C:\Users\ivan\OneDrive\data\newexecv3F\exeC\bin\Debug\exeC.exe)
2016-せる-24 11:12:45   task (2.fund1_6): executed (C:\Users\ivan\OneDrive\data\newexecv3F\exeC\bin\Debug\exeC.exe)
2016-せる-24 11:14:10   task (3.fund2): executed (C:\Users\ivan\OneDrive\data\newexecv3F\exeC\bin\Debug\exeC.exe)
2016-せる-24 11:16:06   task (4.fund3): executed (C:\Users\ivan\OneDrive\data\newexecv3F\exeC\bin\Debug\exeC.exe)
2016-せる-24 11:16:24   task (5.picdelete): executed (C:\auto\ConsoleDeleteFile\ConsoleDeleteFile\bin\Debug\ConsoleDeleteFile.exe)
2016-せる-24 11:16:54   task (6.getpic): executed (C:\Users\ivan\OneDrive\data\getpic\getpic\bin\Debug\getpic.exe)
2016-せる-24 11:23:15   task (7.robot): executed (C:\Users\ivan\Desktop\CSharp.Chatwork.Api-master\Chatwork.Service.ConsoleApp\bin\Debug\Chatwork.Service.ConsoleApp.exe)
2016-せる-27 10:34:50   task (1.dawnSs): executed (C:\Users\ivan\OneDrive\data\GoogleFinanceDownloader_demo\GoogleFinanceDownloaderTest\GoogleFinanceDownloaderTest\bin\Debug\GoogleFinanceDownloaderTest.exe)
2016-せる-27 10:35:26   task (2fund_3day): executed (C:\Users\ivan\OneDrive\data\newexecv3F\exeC\bin\Debug\exeC.exe)
2016-せる-27 10:38:05   task (3.fund2): executed (C:\Users\ivan\OneDrive\data\newexecv3F\exeC\bin\Debug\exeC.exe)
2016-せる-27 10:58:30   task (4fund_3day): executed (C:\Users\ivan\OneDrive\data\newexecv3F\exeC\bin\Debug\exeC.exe)
2016-せる-27 11:02:31   task (5.picdelete): executed (C:\auto\ConsoleDeleteFile\ConsoleDeleteFile\bin\Debug\ConsoleDeleteFile.exe)
2016-せる-27 11:02:42   task (6.getpic): executed (C:\Users\ivan\OneDrive\data\getpic\getpic\bin\Debug\getpic.exe)
2016-せる-27 11:12:24   task (7.robot): executed (C:\Users\ivan\Desktop\CSharp.Chatwork.Api-master\Chatwork.Service.ConsoleApp\bin\Debug\Chatwork.Service.ConsoleApp.exe)
2016-せる-30 10:27:19   task (1.dawnSs): executed (C:\Users\ivan\OneDrive\data\GoogleFinanceDownloader_demo\GoogleFinanceDownloaderTest\GoogleFinanceDownloaderTest\bin\Debug\GoogleFinanceDownloaderTest.exe)
2016-せる-30 11:02:13   task (2fund_3day): executed (C:\Users\ivan\OneDrive\data\newexecv3F\exeC\bin\Debug\exeC.exe)
2016-せる-30 11:14:51   task (2fund_3day): executed (C:\Users\ivan\OneDrive\data\newexecv3F\exeC\bin\Debug\exeC.exe)
2016-せる-30 11:22:34   task (2.fund1_6): executed (C:\Users\ivan\OneDrive\data\newexecv3F\exeC\bin\Debug\exeC.exe)
2016-せる-30 11:43:13   task (2.fund1_6): executed (C:\Users\ivan\OneDrive\data\newexecv3F\exeC\bin\Debug\exeC.exe)
2016-せる-30 11:55:28   task (3.fund2): executed (C:\Users\ivan\OneDrive\data\newexecv3F\exeC\bin\Debug\exeC.exe)
2016-せる-30 11:59:55   task (4.fund3): executed (C:\Users\ivan\OneDrive\data\newexecv3F\exeC\bin\Debug\exeC.exe)
2016-せる-30 12:00:44   task (5.picdelete): executed (C:\auto\ConsoleDeleteFile\ConsoleDeleteFile\bin\Debug\ConsoleDeleteFile.exe)
2016-せる-30 12:00:57   task (6.getpic): executed (C:\Users\ivan\OneDrive\data\getpic\getpic\bin\Debug\getpic.exe)
2016-せる-30 12:11:14   task (6.getpic): executed (C:\Users\ivan\OneDrive\data\getpic\getpic\bin\Debug\getpic.exe)
2016-せる-30 12:27:02   task (7.robot): executed (C:\Users\ivan\Desktop\CSharp.Chatwork.Api-master\Chatwork.Service.ConsoleApp\bin\Debug\Chatwork.Service.ConsoleApp.exe)
2016-Cる-01 12:10:12   task (txt): executed (C:\Users\ivan6\OneDrive\data\newexecv3F\exeC\bin\Debug\exeC.exe)
2016-Cる-01 12:11:09   task (1.dawnSs): executed (C:\Users\ivan6\OneDrive\data\GoogleFinanceDownloader_demo\GoogleFinanceDownloaderTest\GoogleFinanceDownloaderTest\bin\Debug\GoogleFinanceDownloaderTest.exe)
2016-Cる-01 12:27:18   task (3.fund2): executed (C:\Users\ivan6\OneDrive\data\newexecv3F\exeC\bin\Debug\exeC.exe)
2016-Cる-01 12:28:29   task (4.fund3): executed (C:\Users\ivan6\OneDrive\data\newexecv3F\exeC\bin\Debug\exeC.exe)
2016-Cる-01 12:29:48   task (5.getpic): executed (C:\Users\ivan6\OneDrive\data\getpic\getpic\bin\Debug\getpic.exe)
2016-Cる-04 10:19:50   task (1.dawnSs): executed (C:\Users\ivan\OneDrive\data\GoogleFinanceDownloader_demo\GoogleFinanceDownloaderTest\GoogleFinanceDownloaderTest\bin\Debug\GoogleFinanceDownloaderTest.exe)
2016-Cる-04 10:21:19   task (2fund_3day): executed (C:\Users\ivan\OneDrive\data\newexecv3F\exeC\bin\Debug\exeC.exe)
2016-Cる-04 10:33:54   task (2fund_3day): executed (C:\Users\ivan\OneDrive\data\newexecv3F\exeC\bin\Debug\exeC.exe)
2016-Cる-04 10:36:26   task (3.fund2): executed (C:\Users\ivan\OneDrive\data\newexecv3F\exeC\bin\Debug\exeC.exe)
2016-Cる-04 10:46:38   task (4fund_3day): executed (C:\Users\ivan\OneDrive\data\newexecv3F\exeC\bin\Debug\exeC.exe)
2016-Cる-04 10:48:11   task (5.picdelete): executed (C:\auto\ConsoleDeleteFile\ConsoleDeleteFile\bin\Debug\ConsoleDeleteFile.exe)
2016-Cる-04 10:48:18   task (6.getpic): executed (C:\Users\ivan\OneDrive\data\getpic\getpic\bin\Debug\getpic.exe)
2016-Cる-04 11:13:50   task (6.getpic): executed (C:\Users\ivan\OneDrive\data\getpic\getpic\bin\Debug\getpic.exe)
2016-Cる-04 11:46:14   task (7.robot): executed (C:\Users\ivan\Desktop\CSharp.Chatwork.Api-master\Chatwork.Service.ConsoleApp\bin\Debug\Chatwork.Service.ConsoleApp.exe)
2016-Cる-05 10:35:57   task (1.dawnSs): executed (C:\Users\ivan\OneDrive\data\GoogleFinanceDownloader_demo\GoogleFinanceDownloaderTest\GoogleFinanceDownloaderTest\bin\Debug\GoogleFinanceDownloaderTest.exe)
2016-Cる-05 10:42:43   task (2.fund1_6): executed (C:\Users\ivan\OneDrive\data\newexecv3F\exeC\bin\Debug\exeC.exe)
2016-Cる-05 10:45:00   task (3.fund2): executed (C:\Users\ivan\OneDrive\data\newexecv3F\exeC\bin\Debug\exeC.exe)
2016-Cる-05 10:49:51   task (4.fund3): executed (C:\Users\ivan\OneDrive\data\newexecv3F\exeC\bin\Debug\exeC.exe)
2016-Cる-05 10:50:48   task (5.picdelete): executed (C:\auto\ConsoleDeleteFile\ConsoleDeleteFile\bin\Debug\ConsoleDeleteFile.exe)
2016-Cる-05 10:51:06   task (6.getpic): executed (C:\Users\ivan\OneDrive\data\getpic\getpic\bin\Debug\getpic.exe)
2016-Cる-05 11:06:30   task (7.robot): executed (C:\Users\ivan\Desktop\CSharp.Chatwork.Api-master\Chatwork.Service.ConsoleApp\bin\Debug\Chatwork.Service.ConsoleApp.exe)
2016-Cる-06 11:13:55   task (1.dawnSs): executed (C:\Users\ivan\OneDrive\data\GoogleFinanceDownloader_demo\GoogleFinanceDownloaderTest\GoogleFinanceDownloaderTest\bin\Debug\GoogleFinanceDownloaderTest.exe)
2016-Cる-06 11:14:36   task (2.fund1_6): executed (C:\Users\ivan\OneDrive\data\newexecv3F\exeC\bin\Debug\exeC.exe)
2016-Cる-06 11:15:28   task (3.fund2): executed (C:\Users\ivan\OneDrive\data\newexecv3F\exeC\bin\Debug\exeC.exe)
2016-Cる-06 11:22:49   task (4.fund3): executed (C:\Users\ivan\OneDrive\data\newexecv3F\exeC\bin\Debug\exeC.exe)
2016-Cる-06 11:23:09   task (5.picdelete): executed (C:\auto\ConsoleDeleteFile\ConsoleDeleteFile\bin\Debug\ConsoleDeleteFile.exe)
2016-Cる-06 11:23:45   task (6.getpic): executed (C:\Users\ivan\OneDrive\data\getpic\getpic\bin\Debug\getpic.exe)
2016-Cる-06 11:33:21   task (4.fund3): executed (C:\Users\ivan\OneDrive\data\newexecv3F\exeC\bin\Debug\exeC.exe)
2016-Cる-06 11:33:56   task (6.getpic): executed (C:\Users\ivan\OneDrive\data\getpic\getpic\bin\Debug\getpic.exe)
2016-Cる-06 11:49:38   task (7.robot): executed (C:\Users\ivan\Desktop\CSharp.Chatwork.Api-master\Chatwork.Service.ConsoleApp\bin\Debug\Chatwork.Service.ConsoleApp.exe)
2016-Cる-07 10:38:22   task (1.dawnSs): executed (C:\Users\ivan\OneDrive\data\GoogleFinanceDownloader_demo\GoogleFinanceDownloaderTest\GoogleFinanceDownloaderTest\bin\Debug\GoogleFinanceDownloaderTest.exe)
2016-Cる-07 10:39:03   task (2.fund1_6): executed (C:\Users\ivan\OneDrive\data\newexecv3F\exeC\bin\Debug\exeC.exe)
2016-Cる-07 10:44:45   task (3.fund2): executed (C:\Users\ivan\OneDrive\data\newexecv3F\exeC\bin\Debug\exeC.exe)
2016-Cる-07 10:57:42   task (4.fund3): executed (C:\Users\ivan\OneDrive\data\newexecv3F\exeC\bin\Debug\exeC.exe)
2016-Cる-07 10:59:20   task (5.picdelete): executed (C:\auto\ConsoleDeleteFile\ConsoleDeleteFile\bin\Debug\ConsoleDeleteFile.exe)
2016-Cる-07 10:59:43   task (6.getpic): executed (C:\Users\ivan\OneDrive\data\getpic\getpic\bin\Debug\getpic.exe)
2016-Cる-07 11:02:44   task (6.getpic): executed (C:\Users\ivan\OneDrive\data\getpic\getpic\bin\Debug\getpic.exe)
2016-Cる-07 11:09:31   task (6.getpic): executed (C:\Users\ivan\OneDrive\data\getpic\getpic\bin\Debug\getpic.exe)
2016-Cる-07 11:10:42   task (6.getpic): executed (C:\Users\ivan\OneDrive\data\getpic\getpic\bin\Debug\getpic.exe)
2016-Cる-07 11:18:22   task (3.fund2): executed (C:\Users\ivan\OneDrive\data\newexecv3F\exeC\bin\Debug\exeC.exe)
2016-Cる-07 11:22:40   task (4.fund3): executed (C:\Users\ivan\OneDrive\data\newexecv3F\exeC\bin\Debug\exeC.exe)
2016-Cる-07 11:25:14   task (6.getpic): executed (C:\Users\ivan\OneDrive\data\getpic\getpic\bin\Debug\getpic.exe)
2016-Cる-07 11:30:10   task (6.getpic): executed (C:\Users\ivan\OneDrive\data\getpic\getpic\bin\Debug\getpic.exe)
2016-Cる-07 11:43:45   task (7.robot): executed (C:\Users\ivan\Desktop\CSharp.Chatwork.Api-master\Chatwork.Service.ConsoleApp\bin\Debug\Chatwork.Service.ConsoleApp.exe)
2016-Cる-11 11:02:50   task (1.dawnSs): executed (C:\Users\ivan\OneDrive\data\GoogleFinanceDownloader_demo\GoogleFinanceDownloaderTest\GoogleFinanceDownloaderTest\bin\Debug\GoogleFinanceDownloaderTest.exe)
2016-Cる-11 11:03:26   task (2.fund1_6): executed (C:\Users\ivan\OneDrive\data\newexecv3F\exeC\bin\Debug\exeC.exe)
2016-Cる-11 11:10:20   task (2fund_3day): executed (C:\Users\ivan\OneDrive\data\newexecv3F\exeC\bin\Debug\exeC.exe)
2016-Cる-11 11:11:39   task (3.fund2): executed (C:\Users\ivan\OneDrive\data\newexecv3F\exeC\bin\Debug\exeC.exe)
2016-Cる-11 11:15:07   task (4.fund3): executed (C:\Users\ivan\OneDrive\data\newexecv3F\exeC\bin\Debug\exeC.exe)
2016-Cる-11 11:15:36   task (4fund_3day): executed (C:\Users\ivan\OneDrive\data\newexecv3F\exeC\bin\Debug\exeC.exe)
2016-Cる-11 11:15:50   task (5.picdelete): executed (C:\auto\ConsoleDeleteFile\ConsoleDeleteFile\bin\Debug\ConsoleDeleteFile.exe)
2016-Cる-11 11:16:21   task (6.getpic): executed (C:\Users\ivan\OneDrive\data\getpic\getpic\bin\Debug\getpic.exe)
2016-Cる-11 11:25:35   task (7.robot): executed (C:\Users\ivan\Desktop\CSharp.Chatwork.Api-master\Chatwork.Service.ConsoleApp\bin\Debug\Chatwork.Service.ConsoleApp.exe)
2016-Cる-12 10:25:29   task (1.dawnSs): executed (C:\Users\ivan\OneDrive\data\GoogleFinanceDownloader_demo\GoogleFinanceDownloaderTest\GoogleFinanceDownloaderTest\bin\Debug\GoogleFinanceDownloaderTest.exe)
2016-Cる-12 10:29:48   task (2.fund1_6): executed (C:\Users\ivan\OneDrive\data\newexecv3F\exeC\bin\Debug\exeC.exe)
2016-Cる-12 10:39:50   task (3.fund2): executed (C:\Users\ivan\OneDrive\data\newexecv3F\exeC\bin\Debug\exeC.exe)
2016-Cる-12 10:43:29   task (4.fund3): executed (C:\Users\ivan\OneDrive\data\newexecv3F\exeC\bin\Debug\exeC.exe)
2016-Cる-12 11:16:13   task (5.picdelete): executed (C:\auto\ConsoleDeleteFile\ConsoleDeleteFile\bin\Debug\ConsoleDeleteFile.exe)
2016-Cる-12 11:16:20   task (6.getpic): executed (C:\Users\ivan\OneDrive\data\getpic\getpic\bin\Debug\getpic.exe)
2016-Cる-12 11:50:21   task (7.robot): executed (C:\Users\ivan\Desktop\CSharp.Chatwork.Api-master\Chatwork.Service.ConsoleApp\bin\Debug\Chatwork.Service.ConsoleApp.exe)
2016-Cる-13 11:07:16   task (1.dawnSs): executed (C:\Users\ivan\OneDrive\data\GoogleFinanceDownloader_demo\GoogleFinanceDownloaderTest\GoogleFinanceDownloaderTest\bin\Debug\GoogleFinanceDownloaderTest.exe)
2016-Cる-13 11:08:41   task (2.fund1_6): executed (C:\Users\ivan\OneDrive\data\newexecv3F\exeC\bin\Debug\exeC.exe)
2016-Cる-13 11:13:20   task (3.fund2): executed (C:\Users\ivan\OneDrive\data\newexecv3F\exeC\bin\Debug\exeC.exe)
2016-Cる-13 11:16:37   task (4.fund3): executed (C:\Users\ivan\OneDrive\data\newexecv3F\exeC\bin\Debug\exeC.exe)
2016-Cる-13 11:17:00   task (5.picdelete): executed (C:\auto\ConsoleDeleteFile\ConsoleDeleteFile\bin\Debug\ConsoleDeleteFile.exe)
2016-Cる-13 11:17:16   task (6.getpic): executed (C:\Users\ivan\OneDrive\data\getpic\getpic\bin\Debug\getpic.exe)
2016-Cる-13 11:34:14   task (7.robot): executed (C:\Users\ivan\Desktop\CSharp.Chatwork.Api-master\Chatwork.Service.ConsoleApp\bin\Debug\Chatwork.Service.ConsoleApp.exe)
2016-Cる-14 11:32:14   task (1.dawnSs): executed (C:\Users\ivan\OneDrive\data\GoogleFinanceDownloader_demo\GoogleFinanceDownloaderTest\GoogleFinanceDownloaderTest\bin\Debug\GoogleFinanceDownloaderTest.exe)
2016-Cる-14 11:32:42   task (2.fund1_6): executed (C:\Users\ivan\OneDrive\data\newexecv3F\exeC\bin\Debug\exeC.exe)
2016-Cる-14 11:38:58   task (3.fund2): executed (C:\Users\ivan\OneDrive\data\newexecv3F\exeC\bin\Debug\exeC.exe)
2016-Cる-14 11:45:25   task (4.fund3): executed (C:\Users\ivan\OneDrive\data\newexecv3F\exeC\bin\Debug\exeC.exe)
2016-Cる-14 11:49:18   task (5.picdelete): executed (C:\auto\ConsoleDeleteFile\ConsoleDeleteFile\bin\Debug\ConsoleDeleteFile.exe)
2016-Cる-14 11:49:29   task (6.getpic): executed (C:\Users\ivan\OneDrive\data\getpic\getpic\bin\Debug\getpic.exe)
2016-Cる-14 12:19:34   task (7.robot): executed (C:\Users\ivan\Desktop\CSharp.Chatwork.Api-master\Chatwork.Service.ConsoleApp\bin\Debug\Chatwork.Service.ConsoleApp.exe)
2016-Cる-15 10:43:20   task (1.dawnSs): executed (C:\Users\ivan\OneDrive\data\GoogleFinanceDownloader_demo\GoogleFinanceDownloaderTest\GoogleFinanceDownloaderTest\bin\Debug\GoogleFinanceDownloaderTest.exe)
2016-Cる-15 10:44:04   task (2.fund1_6): executed (C:\Users\ivan\OneDrive\data\newexecv3F\exeC\bin\Debug\exeC.exe)
2016-Cる-15 10:48:14   task (3.fund2): executed (C:\Users\ivan\OneDrive\data\newexecv3F\exeC\bin\Debug\exeC.exe)
2016-Cる-15 10:58:06   task (3.fund2): executed (C:\Users\ivan\OneDrive\data\newexecv3F\exeC\bin\Debug\exeC.exe)
2016-Cる-15 11:07:10   task (4.fund3): executed (C:\Users\ivan\OneDrive\data\newexecv3F\exeC\bin\Debug\exeC.exe)
2016-Cる-15 11:07:19   task (5.picdelete): executed (C:\auto\ConsoleDeleteFile\ConsoleDeleteFile\bin\Debug\ConsoleDeleteFile.exe)
2016-Cる-15 11:09:57   task (6.getpic): executed (C:\Users\ivan\OneDrive\data\getpic\getpic\bin\Debug\getpic.exe)
2016-Cる-15 11:22:37   task (6.getpic): executed (C:\Users\ivan\OneDrive\data\getpic\getpic\bin\Debug\getpic.exe)
2016-Cる-15 11:26:24   task (4.fund3): executed (C:\Users\ivan\OneDrive\data\newexecv3F\exeC\bin\Debug\exeC.exe)
2016-Cる-15 11:28:13   task (6.getpic): executed (C:\Users\ivan\OneDrive\data\getpic\getpic\bin\Debug\getpic.exe)
2016-Cる-15 12:04:08   task (6.getpic): executed (C:\Users\ivan\OneDrive\data\getpic\getpic\bin\Debug\getpic.exe)
2016-Cる-15 12:04:35   task (7.robot): executed (C:\Users\ivan\Desktop\CSharp.Chatwork.Api-master\Chatwork.Service.ConsoleApp\bin\Debug\Chatwork.Service.ConsoleApp.exe)
2016-Cる-18 10:06:16   task (1.dawnSs): executed (C:\Users\ivan6\OneDrive\data\GoogleFinanceDownloader_demo\GoogleFinanceDownloaderTest\GoogleFinanceDownloaderTest\bin\Debug\GoogleFinanceDownloaderTest.exe)
2016-Cる-18 10:15:23   task (2.fund1): executed (C:\Users\ivan6\OneDrive\data\newexecv3F\exeC\bin\Debug\exeC.exe)
2016-Cる-18 10:24:18   task (2.fund1): executed (C:\Users\ivan6\OneDrive\data\newexecv3F\exeC\bin\Debug\exeC.exe)
2016-Cる-18 10:31:40   task (3.fund2): executed (C:\Users\ivan6\OneDrive\data\newexecv3F\exeC\bin\Debug\exeC.exe)
2016-Cる-18 10:32:04   task (4.fund3): executed (C:\Users\ivan6\OneDrive\data\newexecv3F\exeC\bin\Debug\exeC.exe)
2016-Cる-18 10:32:59   task (5.getpic): executed (C:\Users\ivan6\OneDrive\data\getpic\getpic\bin\Debug\getpic.exe)
2016-Cる-18 10:34:45   task (5.getpic): executed (C:\Users\ivan6\OneDrive\data\getpic\getpic\bin\Debug\getpic.exe)
2016-Cる-18 10:36:43   task (5.getpic): executed (C:\Users\ivan6\OneDrive\data\getpic\getpic\bin\Debug\getpic.exe)
2016-Cる-18 10:46:09   task (6.robot): file not found (C:\Users\ivan6\Desktop\CSharp.Chatwork.Api-master\Chatwork.Service.ConsoleApp\bin\Debug\Chatwork.Service.ConsoleApp.exe)
2016-Cる-19 09:57:19   task (1.dawnSs): executed (C:\Users\ivan\OneDrive\data\GoogleFinanceDownloader_demo\GoogleFinanceDownloaderTest\GoogleFinanceDownloaderTest\bin\Debug\GoogleFinanceDownloaderTest.exe)
2016-Cる-19 10:00:30   task (2fund_3day): executed (C:\Users\ivan\OneDrive\data\newexecv3F\exeC\bin\Debug\exeC.exe)
2016-Cる-19 10:06:40   task (2.fund1_6): executed (C:\Users\ivan\OneDrive\data\newexecv3F\exeC\bin\Debug\exeC.exe)
2016-Cる-19 10:08:55   task (3.fund2): executed (C:\Users\ivan\OneDrive\data\newexecv3F\exeC\bin\Debug\exeC.exe)
2016-Cる-19 10:10:14   task (4.fund3): executed (C:\Users\ivan\OneDrive\data\newexecv3F\exeC\bin\Debug\exeC.exe)
2016-Cる-19 10:11:14   task (5.picdelete): executed (C:\auto\ConsoleDeleteFile\ConsoleDeleteFile\bin\Debug\ConsoleDeleteFile.exe)
2016-Cる-19 10:11:54   task (6.getpic): executed (C:\Users\ivan\OneDrive\data\getpic\getpic\bin\Debug\getpic.exe)
2016-Cる-19 10:27:26   task (7.robot): executed (C:\Users\ivan\Desktop\CSharp.Chatwork.Api-master\Chatwork.Service.ConsoleApp\bin\Debug\Chatwork.Service.ConsoleApp.exe)
2016-Cる-20 10:33:54   task (1.dawnSs): executed (C:\Users\ivan\OneDrive\data\GoogleFinanceDownloader_demo\GoogleFinanceDownloaderTest\GoogleFinanceDownloaderTest\bin\Debug\GoogleFinanceDownloaderTest.exe)
2016-Cる-20 10:34:33   task (2.fund1_6): executed (C:\Users\ivan\OneDrive\data\newexecv3F\exeC\bin\Debug\exeC.exe)
2016-Cる-20 10:37:18   task (3.fund2): executed (C:\Users\ivan\OneDrive\data\newexecv3F\exeC\bin\Debug\exeC.exe)
2016-Cる-20 10:42:32   task (4.fund3): executed (C:\Users\ivan\OneDrive\data\newexecv3F\exeC\bin\Debug\exeC.exe)
2016-Cる-20 10:45:16   task (5.picdelete): executed (C:\auto\ConsoleDeleteFile\ConsoleDeleteFile\bin\Debug\ConsoleDeleteFile.exe)
2016-Cる-20 10:45:26   task (6.getpic): executed (C:\Users\ivan\OneDrive\data\getpic\getpic\bin\Debug\getpic.exe)
2016-Cる-20 11:12:31   task (7.robot): executed (C:\Users\ivan\Desktop\CSharp.Chatwork.Api-master\Chatwork.Service.ConsoleApp\bin\Debug\Chatwork.Service.ConsoleApp.exe)
2016-Cる-21 09:32:54   task (1.dawnSs): executed (C:\Users\ivan\OneDrive\data\GoogleFinanceDownloader_demo\GoogleFinanceDownloaderTest\GoogleFinanceDownloaderTest\bin\Debug\GoogleFinanceDownloaderTest.exe)
2016-Cる-21 09:33:24   task (2.fund1_6): executed (C:\Users\ivan\OneDrive\data\newexecv3F\exeC\bin\Debug\exeC.exe)
2016-Cる-21 10:00:32   task (3.fund2): executed (C:\Users\ivan\OneDrive\data\newexecv3F\exeC\bin\Debug\exeC.exe)
2016-Cる-21 10:23:20   task (4.fund3): executed (C:\Users\ivan\OneDrive\data\newexecv3F\exeC\bin\Debug\exeC.exe)
2016-Cる-21 10:24:28   task (4.fund3): executed (C:\Users\ivan\OneDrive\data\newexecv3F\exeC\bin\Debug\exeC.exe)
2016-Cる-21 10:25:53   task (5.picdelete): executed (C:\auto\ConsoleDeleteFile\ConsoleDeleteFile\bin\Debug\ConsoleDeleteFile.exe)
2016-Cる-21 10:26:04   task (6.getpic): executed (C:\Users\ivan\OneDrive\data\getpic\getpic\bin\Debug\getpic.exe)
2016-Cる-21 10:40:09   task (7.robot): executed (C:\Users\ivan\Desktop\CSharp.Chatwork.Api-master\Chatwork.Service.ConsoleApp\bin\Debug\Chatwork.Service.ConsoleApp.exe)
2016-Cる-22 10:22:57   task (1.dawnSs): executed (C:\Users\ivan\OneDrive\data\GoogleFinanceDownloader_demo\GoogleFinanceDownloaderTest\GoogleFinanceDownloaderTest\bin\Debug\GoogleFinanceDownloaderTest.exe)
2016-Cる-22 10:23:37   task (2.fund1_6): executed (C:\Users\ivan\OneDrive\data\newexecv3F\exeC\bin\Debug\exeC.exe)
2016-Cる-22 10:24:13   task (3.fund2): executed (C:\Users\ivan\OneDrive\data\newexecv3F\exeC\bin\Debug\exeC.exe)
2016-Cる-22 10:25:31   task (4.fund3): executed (C:\Users\ivan\OneDrive\data\newexecv3F\exeC\bin\Debug\exeC.exe)
2016-Cる-22 10:26:30   task (5.picdelete): executed (C:\auto\ConsoleDeleteFile\ConsoleDeleteFile\bin\Debug\ConsoleDeleteFile.exe)
2016-Cる-22 10:26:49   task (6.getpic): executed (C:\Users\ivan\OneDrive\data\getpic\getpic\bin\Debug\getpic.exe)
2016-Cる-22 10:39:18   task (7.robot): executed (C:\Users\ivan\Desktop\CSharp.Chatwork.Api-master\Chatwork.Service.ConsoleApp\bin\Debug\Chatwork.Service.ConsoleApp.exe)
2016-Cる-25 09:58:05   task (1.dawnSs): executed (C:\Users\ivan\OneDrive\data\GoogleFinanceDownloader_demo\GoogleFinanceDownloaderTest\GoogleFinanceDownloaderTest\bin\Debug\GoogleFinanceDownloaderTest.exe)
2016-Cる-25 09:59:39   task (2fund_3day): executed (C:\Users\ivan\OneDrive\data\newexecv3F\exeC\bin\Debug\exeC.exe)
2016-Cる-25 10:00:16   task (3.fund2): executed (C:\Users\ivan\OneDrive\data\newexecv3F\exeC\bin\Debug\exeC.exe)
2016-Cる-25 10:02:08   task (4fund_3day): executed (C:\Users\ivan\OneDrive\data\newexecv3F\exeC\bin\Debug\exeC.exe)
2016-Cる-25 10:02:23   task (5.picdelete): executed (C:\auto\ConsoleDeleteFile\ConsoleDeleteFile\bin\Debug\ConsoleDeleteFile.exe)
2016-Cる-25 10:02:32   task (6.getpic): executed (C:\Users\ivan\OneDrive\data\getpic\getpic\bin\Debug\getpic.exe)
2016-Cる-25 10:38:49   task (7.robot): executed (C:\Users\ivan\Desktop\CSharp.Chatwork.Api-master\Chatwork.Service.ConsoleApp\bin\Debug\Chatwork.Service.ConsoleApp.exe)
2016-Cる-25 12:28:28   task (4.fund3): executed (C:\Users\ivan\OneDrive\data\newexecv3F\exeC\bin\Debug\exeC.exe)
2016-Cる-25 12:29:15   task (4fund_3day): executed (C:\Users\ivan\OneDrive\data\newexecv3F\exeC\bin\Debug\exeC.exe)
2016-Cる-25 12:56:21   task (3.fund2): executed (C:\Users\ivan\OneDrive\data\newexecv3F\exeC\bin\Debug\exeC.exe)
2016-Cる-25 12:57:52   task (4fund_3day): executed (C:\Users\ivan\OneDrive\data\newexecv3F\exeC\bin\Debug\exeC.exe)
2016-Cる-27 09:50:01   task (1.dawnSs): executed (C:\Users\ivan\OneDrive\data\GoogleFinanceDownloader_demo\GoogleFinanceDownloaderTest\GoogleFinanceDownloaderTest\bin\Debug\GoogleFinanceDownloaderTest.exe)
2016-Cる-27 09:51:47   task (2.fund1_6): executed (C:\Users\ivan\OneDrive\data\newexecv3F\exeC\bin\Debug\exeC.exe)
2016-Cる-27 09:57:41   task (2.fund1_6): executed (C:\Users\ivan\OneDrive\data\newexecv3F\exeC\bin\Debug\exeC.exe)
2016-Cる-27 09:58:15   task (3.fund2): executed (C:\Users\ivan\OneDrive\data\newexecv3F\exeC\bin\Debug\exeC.exe)
2016-Cる-27 10:00:25   task (4.fund3): executed (C:\Users\ivan\OneDrive\data\newexecv3F\exeC\bin\Debug\exeC.exe)
2016-Cる-27 10:01:32   task (5.picdelete): executed (C:\auto\ConsoleDeleteFile\ConsoleDeleteFile\bin\Debug\ConsoleDeleteFile.exe)
2016-Cる-27 10:01:52   task (6.getpic): executed (C:\Users\ivan\OneDrive\data\getpic\getpic\bin\Debug\getpic.exe)
2016-Cる-27 10:16:33   task (7.robot): executed (C:\Users\ivan\Desktop\CSharp.Chatwork.Api-master\Chatwork.Service.ConsoleApp\bin\Debug\Chatwork.Service.ConsoleApp.exe)
2016-Cる-28 09:48:07   task (1.dawnSs): executed (C:\Users\ivan\OneDrive\data\GoogleFinanceDownloader_demo\GoogleFinanceDownloaderTest\GoogleFinanceDownloaderTest\bin\Debug\GoogleFinanceDownloaderTest.exe)
2016-Cる-28 09:48:43   task (2.fund1_6): executed (C:\Users\ivan\OneDrive\data\newexecv3F\exeC\bin\Debug\exeC.exe)
2016-Cる-28 09:49:51   task (3.fund2): executed (C:\Users\ivan\OneDrive\data\newexecv3F\exeC\bin\Debug\exeC.exe)
2016-Cる-28 09:55:54   task (4.fund3): executed (C:\Users\ivan\OneDrive\data\newexecv3F\exeC\bin\Debug\exeC.exe)
2016-Cる-28 10:10:49   task (5.picdelete): executed (C:\auto\ConsoleDeleteFile\ConsoleDeleteFile\bin\Debug\ConsoleDeleteFile.exe)
2016-Cる-28 10:11:14   task (6.getpic): executed (C:\Users\ivan\OneDrive\data\getpic\getpic\bin\Debug\getpic.exe)
2016-Cる-29 10:01:21   task (1.dawnSs): executed (C:\Users\ivan\OneDrive\data\GoogleFinanceDownloader_demo\GoogleFinanceDownloaderTest\GoogleFinanceDownloaderTest\bin\Debug\GoogleFinanceDownloaderTest.exe)
2016-Cる-29 10:01:55   task (2.fund1_6): executed (C:\Users\ivan\OneDrive\data\newexecv3F\exeC\bin\Debug\exeC.exe)
2016-Cる-29 10:13:14   task (2.fund1_6): executed (C:\Users\ivan\OneDrive\data\newexecv3F\exeC\bin\Debug\exeC.exe)
2016-Cる-29 10:15:03   task (3.fund2): executed (C:\Users\ivan\OneDrive\data\newexecv3F\exeC\bin\Debug\exeC.exe)
2016-Cる-29 10:22:36   task (4.fund3): executed (C:\Users\ivan\OneDrive\data\newexecv3F\exeC\bin\Debug\exeC.exe)
2016-Cる-29 10:26:03   task (5.picdelete): executed (C:\auto\ConsoleDeleteFile\ConsoleDeleteFile\bin\Debug\ConsoleDeleteFile.exe)
2016-Cる-29 10:27:13   task (6.getpic): executed (C:\Users\ivan\OneDrive\data\getpic\getpic\bin\Debug\getpic.exe)
2016-Kる-01 10:09:19   task (1.dawnSs): executed (C:\Users\ivan\OneDrive\data\GoogleFinanceDownloader_demo\GoogleFinanceDownloaderTest\GoogleFinanceDownloaderTest\bin\Debug\GoogleFinanceDownloaderTest.exe)
2016-Kる-01 10:10:11   task (2fund_3day): executed (C:\Users\ivan\OneDrive\data\newexecv3F\exeC\bin\Debug\exeC.exe)
2016-Kる-01 10:16:19   task (3.fund2): executed (C:\Users\ivan\OneDrive\data\newexecv3F\exeC\bin\Debug\exeC.exe)
2016-Kる-01 10:18:22   task (4fund_3day): executed (C:\Users\ivan\OneDrive\data\newexecv3F\exeC\bin\Debug\exeC.exe)
2016-Kる-01 10:19:44   task (5.picdelete): executed (C:\auto\ConsoleDeleteFile\ConsoleDeleteFile\bin\Debug\ConsoleDeleteFile.exe)
2016-Kる-01 10:19:56   task (6.getpic): executed (C:\Users\ivan\OneDrive\data\getpic\getpic\bin\Debug\getpic.exe)
2016-Kる-02 10:54:45   task (1.dawnSs): executed (C:\Users\ivan\OneDrive\data\GoogleFinanceDownloader_demo\GoogleFinanceDownloaderTest\GoogleFinanceDownloaderTest\bin\Debug\GoogleFinanceDownloaderTest.exe)
2016-Kる-02 10:55:18   task (2.fund1_6): executed (C:\Users\ivan\OneDrive\data\newexecv3F\exeC\bin\Debug\exeC.exe)
2016-Kる-02 10:58:20   task (3.fund2): executed (C:\Users\ivan\OneDrive\data\newexecv3F\exeC\bin\Debug\exeC.exe)
2016-Kる-02 11:03:56   task (4.fund3): executed (C:\Users\ivan\OneDrive\data\newexecv3F\exeC\bin\Debug\exeC.exe)
2016-Kる-02 11:04:43   task (5.picdelete): executed (C:\auto\ConsoleDeleteFile\ConsoleDeleteFile\bin\Debug\ConsoleDeleteFile.exe)
2016-Kる-02 11:04:57   task (6.getpic): executed (C:\Users\ivan\OneDrive\data\getpic\getpic\bin\Debug\getpic.exe)
2016-Kる-03 10:32:57   task (1.dawnSs): executed (C:\Users\ivan\OneDrive\data\GoogleFinanceDownloader_demo\GoogleFinanceDownloaderTest\GoogleFinanceDownloaderTest\bin\Debug\GoogleFinanceDownloaderTest.exe)
2016-Kる-03 10:33:52   task (2.fund1_6): executed (C:\Users\ivan\OneDrive\data\newexecv3F\exeC\bin\Debug\exeC.exe)
2016-Kる-03 10:42:55   task (3.fund2): executed (C:\Users\ivan\OneDrive\data\newexecv3F\exeC\bin\Debug\exeC.exe)
2016-Kる-03 10:54:57   task (4.fund3): executed (C:\Users\ivan\OneDrive\data\newexecv3F\exeC\bin\Debug\exeC.exe)
2016-Kる-03 10:55:23   task (5.picdelete): executed (C:\auto\ConsoleDeleteFile\ConsoleDeleteFile\bin\Debug\ConsoleDeleteFile.exe)
2016-Kる-03 10:55:35   task (6.getpic): executed (C:\Users\ivan\OneDrive\data\getpic\getpic\bin\Debug\getpic.exe)
2016-Kる-04 10:46:13   task (1.dawnSs): executed (C:\Users\ivan\OneDrive\data\GoogleFinanceDownloader_demo\GoogleFinanceDownloaderTest\GoogleFinanceDownloaderTest\bin\Debug\GoogleFinanceDownloaderTest.exe)
2016-Kる-04 10:49:45   task (2.fund1_6): executed (C:\Users\ivan\OneDrive\data\newexecv3F\exeC\bin\Debug\exeC.exe)
2016-Kる-04 10:51:11   task (3.fund2): executed (C:\Users\ivan\OneDrive\data\newexecv3F\exeC\bin\Debug\exeC.exe)
2016-Kる-04 11:26:40   task (4.fund3): executed (C:\Users\ivan\OneDrive\data\newexecv3F\exeC\bin\Debug\exeC.exe)
2016-Kる-04 11:28:06   task (5.picdelete): executed (C:\auto\ConsoleDeleteFile\ConsoleDeleteFile\bin\Debug\ConsoleDeleteFile.exe)
2016-Kる-04 11:28:21   task (6.getpic): executed (C:\Users\ivan\OneDrive\data\getpic\getpic\bin\Debug\getpic.exe)
2016-Kる-05 10:16:59   task (1.dawnSs): executed (C:\Users\ivan\OneDrive\data\GoogleFinanceDownloader_demo\GoogleFinanceDownloaderTest\GoogleFinanceDownloaderTest\bin\Debug\GoogleFinanceDownloaderTest.exe)
2016-Kる-05 10:18:02   task (2.fund1_6): executed (C:\Users\ivan\OneDrive\data\newexecv3F\exeC\bin\Debug\exeC.exe)
2016-Kる-05 10:26:33   task (3.fund2): executed (C:\Users\ivan\OneDrive\data\newexecv3F\exeC\bin\Debug\exeC.exe)
2016-Kる-05 10:45:52   task (4.fund3): executed (C:\Users\ivan\OneDrive\data\newexecv3F\exeC\bin\Debug\exeC.exe)
2016-Kる-05 10:50:35   task (5.picdelete): executed (C:\auto\ConsoleDeleteFile\ConsoleDeleteFile\bin\Debug\ConsoleDeleteFile.exe)
2016-Kる-05 10:50:49   task (6.getpic): executed (C:\Users\ivan\OneDrive\data\getpic\getpic\bin\Debug\getpic.exe)
2016-Kる-08 10:39:08   task (1.dawnSs): file not found (C:\Users\ivan\OneDrive\data\GoogleFinanceDownloader_demo\GoogleFinanceDownloaderTest\GoogleFinanceDownloaderTest\bin\Debug\GoogleFinanceDownloaderTest.exe)
2016-Kる-08 10:40:20   task (1.dawnSs): executed (C:\Users\ivan\OneDrive\data\GoogleFinanceDownloader_demo\GoogleFinanceDownloaderTest\GoogleFinanceDownloaderTest\bin\Debug\GoogleFinanceDownloaderTest.exe)
2016-Kる-08 10:46:01   task (2fund_3day): executed (C:\Users\ivan\OneDrive\data\newexecv3F\exeC\bin\Debug\exeC.exe)
2016-Kる-08 10:46:55   task (3.fund2): executed (C:\Users\ivan\OneDrive\data\newexecv3F\exeC\bin\Debug\exeC.exe)
2016-Kる-08 10:48:34   task (4fund_3day): executed (C:\Users\ivan\OneDrive\data\newexecv3F\exeC\bin\Debug\exeC.exe)
2016-Kる-08 10:54:43   task (5.picdelete): executed (C:\auto\ConsoleDeleteFile\ConsoleDeleteFile\bin\Debug\ConsoleDeleteFile.exe)
2016-Kる-08 10:55:25   task (6.getpic): executed (C:\Users\ivan\OneDrive\data\getpic\getpic\bin\Debug\getpic.exe)
2016-Kる-09 10:27:43   task (1.dawnSs): executed (C:\Users\ivan\OneDrive\data\GoogleFinanceDownloader_demo\GoogleFinanceDownloaderTest\GoogleFinanceDownloaderTest\bin\Debug\GoogleFinanceDownloaderTest.exe)
2016-Kる-09 10:28:18   task (2.fund1_6): executed (C:\Users\ivan\OneDrive\data\newexecv3F\exeC\bin\Debug\exeC.exe)
2016-Kる-09 10:31:08   task (3.fund2): executed (C:\Users\ivan\OneDrive\data\newexecv3F\exeC\bin\Debug\exeC.exe)
2016-Kる-09 10:38:59   task (4.fund3): executed (C:\Users\ivan\OneDrive\data\newexecv3F\exeC\bin\Debug\exeC.exe)
2016-Kる-09 10:39:30   task (5.picdelete): executed (C:\auto\ConsoleDeleteFile\ConsoleDeleteFile\bin\Debug\ConsoleDeleteFile.exe)
2016-Kる-09 10:39:51   task (6.getpic): executed (C:\Users\ivan\OneDrive\data\getpic\getpic\bin\Debug\getpic.exe)
2016-Kる-10 10:37:58   task (1.dawnSs): executed (C:\Users\ivan\OneDrive\data\GoogleFinanceDownloader_demo\GoogleFinanceDownloaderTest\GoogleFinanceDownloaderTest\bin\Debug\GoogleFinanceDownloaderTest.exe)
2016-Kる-10 10:39:54   task (2.fund1_6): executed (C:\Users\ivan\OneDrive\data\newexecv3F\exeC\bin\Debug\exeC.exe)
2016-Kる-10 10:42:38   task (3.fund2): executed (C:\Users\ivan\OneDrive\data\newexecv3F\exeC\bin\Debug\exeC.exe)
2016-Kる-10 10:46:18   task (4.fund3): executed (C:\Users\ivan\OneDrive\data\newexecv3F\exeC\bin\Debug\exeC.exe)
2016-Kる-10 10:46:56   task (5.picdelete): executed (C:\auto\ConsoleDeleteFile\ConsoleDeleteFile\bin\Debug\ConsoleDeleteFile.exe)
2016-Kる-10 10:47:03   task (6.getpic): executed (C:\Users\ivan\OneDrive\data\getpic\getpic\bin\Debug\getpic.exe)
2016-Kる-11 10:19:13   task (1.dawnSs): executed (C:\Users\ivan\OneDrive\data\GoogleFinanceDownloader_demo\GoogleFinanceDownloaderTest\GoogleFinanceDownloaderTest\bin\Debug\GoogleFinanceDownloaderTest.exe)
2016-Kる-11 10:22:14   task (2.fund1_6): executed (C:\Users\ivan\OneDrive\data\newexecv3F\exeC\bin\Debug\exeC.exe)
2016-Kる-11 10:22:47   task (3.fund2): executed (C:\Users\ivan\OneDrive\data\newexecv3F\exeC\bin\Debug\exeC.exe)
2016-Kる-11 10:54:22   task (4.fund3): executed (C:\Users\ivan\OneDrive\data\newexecv3F\exeC\bin\Debug\exeC.exe)
2016-Kる-11 10:55:05   task (5.picdelete): executed (C:\auto\ConsoleDeleteFile\ConsoleDeleteFile\bin\Debug\ConsoleDeleteFile.exe)
2016-Kる-11 10:59:12   task (6.getpic): executed (C:\Users\ivan\OneDrive\data\getpic\getpic\bin\Debug\getpic.exe)
2016-Kる-12 09:49:10   task (1.dawnSs): executed (C:\Users\ivan\OneDrive\data\GoogleFinanceDownloader_demo\GoogleFinanceDownloaderTest\GoogleFinanceDownloaderTest\bin\Debug\GoogleFinanceDownloaderTest.exe)
2016-Kる-12 09:50:19   task (1.dawnSs): executed (C:\Users\ivan\OneDrive\data\GoogleFinanceDownloader_demo\GoogleFinanceDownloaderTest\GoogleFinanceDownloaderTest\bin\Debug\GoogleFinanceDownloaderTest.exe)
2016-Kる-12 09:51:21   task (2.fund1_6): executed (C:\Users\ivan\OneDrive\data\newexecv3F\exeC\bin\Debug\exeC.exe)
2016-Kる-12 09:52:36   task (3.fund2): executed (C:\Users\ivan\OneDrive\data\newexecv3F\exeC\bin\Debug\exeC.exe)
2016-Kる-12 09:54:12   task (4.fund3): executed (C:\Users\ivan\OneDrive\data\newexecv3F\exeC\bin\Debug\exeC.exe)
2016-Kる-12 09:54:29   task (5.picdelete): executed (C:\auto\ConsoleDeleteFile\ConsoleDeleteFile\bin\Debug\ConsoleDeleteFile.exe)
2016-Kる-12 09:55:06   task (6.getpic): executed (C:\Users\ivan\OneDrive\data\getpic\getpic\bin\Debug\getpic.exe)
2016-Kる-15 10:35:58   task (1.dawnSs): executed (C:\Users\ivan\OneDrive\data\GoogleFinanceDownloader_demo\GoogleFinanceDownloaderTest\GoogleFinanceDownloaderTest\bin\Debug\GoogleFinanceDownloaderTest.exe)
2016-Kる-15 10:38:16   task (2fund_3day): executed (C:\Users\ivan\OneDrive\data\newexecv3F\exeC\bin\Debug\exeC.exe)
2016-Kる-15 10:43:44   task (3.fund2): executed (C:\Users\ivan\OneDrive\data\newexecv3F\exeC\bin\Debug\exeC.exe)
2016-Kる-15 10:50:43   task (4fund_3day): executed (C:\Users\ivan\OneDrive\data\newexecv3F\exeC\bin\Debug\exeC.exe)
2016-Kる-15 10:52:10   task (5.picdelete): executed (C:\auto\ConsoleDeleteFile\ConsoleDeleteFile\bin\Debug\ConsoleDeleteFile.exe)
2016-Kる-15 10:52:23   task (6.getpic): executed (C:\Users\ivan\OneDrive\data\getpic\getpic\bin\Debug\getpic.exe)
2016-Kる-16 10:10:27   task (1.dawnSs): executed (C:\Users\ivan\OneDrive\data\GoogleFinanceDownloader_demo\GoogleFinanceDownloaderTest\GoogleFinanceDownloaderTest\bin\Debug\GoogleFinanceDownloaderTest.exe)
2016-Kる-16 10:11:06   task (2.fund1_6): executed (C:\Users\ivan\OneDrive\data\newexecv3F\exeC\bin\Debug\exeC.exe)
2016-Kる-16 10:27:48   task (3.fund2): executed (C:\Users\ivan\OneDrive\data\newexecv3F\exeC\bin\Debug\exeC.exe)
2016-Kる-16 10:30:14   task (4.fund3): executed (C:\Users\ivan\OneDrive\data\newexecv3F\exeC\bin\Debug\exeC.exe)
2016-Kる-16 10:31:28   task (5.picdelete): executed (C:\auto\ConsoleDeleteFile\ConsoleDeleteFile\bin\Debug\ConsoleDeleteFile.exe)
2016-Kる-16 10:31:36   task (6.getpic): executed (C:\Users\ivan\OneDrive\data\getpic\getpic\bin\Debug\getpic.exe)
2016-Kる-17 10:41:24   task (1.dawnSs): executed (C:\Users\ivan\OneDrive\data\GoogleFinanceDownloader_demo\GoogleFinanceDownloaderTest\GoogleFinanceDownloaderTest\bin\Debug\GoogleFinanceDownloaderTest.exe)
2016-Kる-17 10:42:08   task (2.fund1_6): executed (C:\Users\ivan\OneDrive\data\newexecv3F\exeC\bin\Debug\exeC.exe)
2016-Kる-17 10:43:42   task (3.fund2): executed (C:\Users\ivan\OneDrive\data\newexecv3F\exeC\bin\Debug\exeC.exe)
2016-Kる-17 10:49:09   task (4.fund3): executed (C:\Users\ivan\OneDrive\data\newexecv3F\exeC\bin\Debug\exeC.exe)
2016-Kる-17 10:49:25   task (5.picdelete): executed (C:\auto\ConsoleDeleteFile\ConsoleDeleteFile\bin\Debug\ConsoleDeleteFile.exe)
2016-Kる-17 10:49:33   task (6.getpic): executed (C:\Users\ivan\OneDrive\data\getpic\getpic\bin\Debug\getpic.exe)
2016-Kる-18 10:26:12   task (1.dawnSs): executed (C:\Users\ivan\OneDrive\data\GoogleFinanceDownloader_demo\GoogleFinanceDownloaderTest\GoogleFinanceDownloaderTest\bin\Debug\GoogleFinanceDownloaderTest.exe)
2016-Kる-18 10:48:22   task (2.fund1_6): executed (C:\Users\ivan\OneDrive\data\newexecv3F\exeC\bin\Debug\exeC.exe)
2016-Kる-18 10:49:25   task (3.fund2): executed (C:\Users\ivan\OneDrive\data\newexecv3F\exeC\bin\Debug\exeC.exe)
2016-Kる-18 10:54:44   task (3.fund2): executed (C:\Users\ivan\OneDrive\data\newexecv3F\exeC\bin\Debug\exeC.exe)
2016-Kる-18 10:58:07   task (4.fund3): executed (C:\Users\ivan\OneDrive\data\newexecv3F\exeC\bin\Debug\exeC.exe)
2016-Kる-18 10:59:13   task (5.picdelete): executed (C:\auto\ConsoleDeleteFile\ConsoleDeleteFile\bin\Debug\ConsoleDeleteFile.exe)
2016-Kる-18 10:59:56   task (6.getpic): executed (C:\Users\ivan\OneDrive\data\getpic\getpic\bin\Debug\getpic.exe)
2016-Kる-19 10:30:53   task (1.dawnSs): executed (C:\Users\ivan\OneDrive\data\GoogleFinanceDownloader_demo\GoogleFinanceDownloaderTest\GoogleFinanceDownloaderTest\bin\Debug\GoogleFinanceDownloaderTest.exe)
2016-Kる-19 10:31:45   task (2.fund1_6): executed (C:\Users\ivan\OneDrive\data\newexecv3F\exeC\bin\Debug\exeC.exe)
2016-Kる-19 10:35:50   task (3.fund2): executed (C:\Users\ivan\OneDrive\data\newexecv3F\exeC\bin\Debug\exeC.exe)
2016-Kる-19 10:54:28   task (4.fund3): executed (C:\Users\ivan\OneDrive\data\newexecv3F\exeC\bin\Debug\exeC.exe)
2016-Kる-19 10:56:02   task (5.picdelete): executed (C:\auto\ConsoleDeleteFile\ConsoleDeleteFile\bin\Debug\ConsoleDeleteFile.exe)
2016-Kる-19 10:56:10   task (6.getpic): executed (C:\Users\ivan\OneDrive\data\getpic\getpic\bin\Debug\getpic.exe)
2016-Kる-19 10:58:08   task (6.getpic): executed (C:\Users\ivan\OneDrive\data\getpic\getpic\bin\Debug\getpic.exe)
2016-Kる-22 10:27:52   task (1.dawnSs): executed (C:\Users\ivan\OneDrive\data\GoogleFinanceDownloader_demo\GoogleFinanceDownloaderTest\GoogleFinanceDownloaderTest\bin\Debug\GoogleFinanceDownloaderTest.exe)
2016-Kる-22 10:34:31   task (2fund_3day): executed (C:\Users\ivan\OneDrive\data\newexecv3F\exeC\bin\Debug\exeC.exe)
2016-Kる-22 10:36:22   task (2fund_3day): executed (C:\Users\ivan\OneDrive\data\newexecv3F\exeC\bin\Debug\exeC.exe)
2016-Kる-22 10:38:41   task (3.fund2): executed (C:\Users\ivan\OneDrive\data\newexecv3F\exeC\bin\Debug\exeC.exe)
2016-Kる-22 10:55:06   task (4fund_3day): executed (C:\Users\ivan\OneDrive\data\newexecv3F\exeC\bin\Debug\exeC.exe)
2016-Kる-22 10:58:14   task (5.picdelete): executed (C:\auto\ConsoleDeleteFile\ConsoleDeleteFile\bin\Debug\ConsoleDeleteFile.exe)
2016-Kる-22 10:58:25   task (6.getpic): executed (C:\Users\ivan\OneDrive\data\getpic\getpic\bin\Debug\getpic.exe)
2016-Kる-22 11:00:36   task (6.getpic): executed (C:\Users\ivan\OneDrive\data\getpic\getpic\bin\Debug\getpic.exe)
2016-Kる-22 11:04:33   task (6.getpic): executed (C:\Users\ivan\OneDrive\data\getpic\getpic\bin\Debug\getpic.exe)
2016-Kる-22 11:07:23   task (6.getpic): executed (C:\Users\ivan\OneDrive\data\getpic\getpic\bin\Debug\getpic.exe)
2016-Kる-22 11:20:42   task (6.getpic): executed (C:\Users\ivan\OneDrive\data\getpic\getpic\bin\Debug\getpic.exe)
2016-Kる-22 11:26:04   task (6.getpic): executed (C:\Users\ivan\OneDrive\data\getpic\getpic\bin\Debug\getpic.exe)
2016-Kる-22 11:28:50   task (6.getpic): executed (C:\Users\ivan\OneDrive\data\getpic\getpic\bin\Debug\getpic.exe)
2016-Kる-22 11:40:37   task (6.getpic): executed (C:\Users\ivan\OneDrive\data\getpic\getpic\bin\Debug\getpic.exe)
2016-Kる-22 11:57:44   task (6.getpic): executed (C:\Users\ivan\OneDrive\data\getpic\getpic\bin\Debug\getpic.exe)
2016-Kる-22 12:10:34   task (6.getpic): executed (C:\Users\ivan\OneDrive\data\getpic\getpic\bin\Debug\getpic.exe)
2016-Kる-22 13:12:00   task (6.getpic): executed (C:\Users\ivan\OneDrive\data\getpic\getpic\bin\Debug\getpic.exe)
2016-Kる-22 13:13:21   task (6.getpic): executed (C:\Users\ivan\OneDrive\data\getpic\getpic\bin\Debug\getpic.exe)
2016-Kる-23 11:28:39   task (1.dawnSs): executed (C:\Users\ivan\OneDrive\data\GoogleFinanceDownloader_demo\GoogleFinanceDownloaderTest\GoogleFinanceDownloaderTest\bin\Debug\GoogleFinanceDownloaderTest.exe)
2016-Kる-23 11:29:31   task (2.fund1_6): executed (C:\Users\ivan\OneDrive\data\newexecv3F\exeC\bin\Debug\exeC.exe)
2016-Kる-23 11:31:42   task (3.fund2): executed (C:\Users\ivan\OneDrive\data\newexecv3F\exeC\bin\Debug\exeC.exe)
2016-Kる-23 11:44:18   task (3.fund2): executed (C:\Users\ivan\OneDrive\data\newexecv3F\exeC\bin\Debug\exeC.exe)
2016-Kる-23 11:47:29   task (4.fund3): executed (C:\Users\ivan\OneDrive\data\newexecv3F\exeC\bin\Debug\exeC.exe)
2016-Kる-23 11:48:09   task (5.picdelete): executed (C:\auto\ConsoleDeleteFile\ConsoleDeleteFile\bin\Debug\ConsoleDeleteFile.exe)
2016-Kる-23 11:48:37   task (5.picdelete): executed (C:\auto\ConsoleDeleteFile\ConsoleDeleteFile\bin\Debug\ConsoleDeleteFile.exe)
2016-Kる-23 11:48:43   task (6.getpic): executed (C:\Users\ivan\OneDrive\data\getpic\getpic\bin\Debug\getpic.exe)
2016-Kる-23 11:51:26   task (6.getpic): executed (C:\Users\ivan\OneDrive\data\getpic\getpic\bin\Debug\getpic.exe)
2016-Kる-24 11:08:19   task (1.dawnSs): executed (C:\Users\ivan\OneDrive\data\GoogleFinanceDownloader_demo\GoogleFinanceDownloaderTest\GoogleFinanceDownloaderTest\bin\Debug\GoogleFinanceDownloaderTest.exe)
2016-Kる-24 11:10:26   task (2.fund1_6): executed (C:\Users\ivan\OneDrive\data\newexecv3F\exeC\bin\Debug\exeC.exe)
2016-Kる-24 11:21:34   task (3.fund2): executed (C:\Users\ivan\OneDrive\data\newexecv3F\exeC\bin\Debug\exeC.exe)
2016-Kる-24 11:31:56   task (4.fund3): executed (C:\Users\ivan\OneDrive\data\newexecv3F\exeC\bin\Debug\exeC.exe)
2016-Kる-24 11:33:46   task (5.picdelete): executed (C:\auto\ConsoleDeleteFile\ConsoleDeleteFile\bin\Debug\ConsoleDeleteFile.exe)
2016-Kる-24 11:33:55   task (6.getpic): executed (C:\Users\ivan\OneDrive\data\getpic\getpic\bin\Debug\getpic.exe)
2016-Kる-24 11:40:57   task (6.getpic): executed (C:\Users\ivan\OneDrive\data\getpic\getpic\bin\Debug\getpic.exe)
2016-Kる-24 11:46:19   task (6.getpic): executed (C:\Users\ivan\OneDrive\data\getpic\getpic\bin\Debug\getpic.exe)
2016-Kる-24 11:51:33   task (6.getpic): executed (C:\Users\ivan\OneDrive\data\getpic\getpic\bin\Debug\getpic.exe)
2016-Kる-24 11:53:41   task (6.getpic): executed (C:\Users\ivan\OneDrive\data\getpic\getpic\bin\Debug\getpic.exe)
2016-Kる-24 12:04:26   task (1.dawnSs): executed (C:\Users\ivan\OneDrive\data\GoogleFinanceDownloader_demo\GoogleFinanceDownloaderTest\GoogleFinanceDownloaderTest\bin\Debug\GoogleFinanceDownloaderTest.exe)
2016-Kる-24 12:05:02   task (4.fund3): executed (C:\Users\ivan\OneDrive\data\newexecv3F\exeC\bin\Debug\exeC.exe)
2016-Kる-24 12:07:40   task (4.fund3): executed (C:\Users\ivan\OneDrive\data\newexecv3F\exeC\bin\Debug\exeC.exe)
2016-Kる-24 14:02:23   task (4.fund3): executed (C:\Users\ivan\OneDrive\data\newexecv3F\exeC\bin\Debug\exeC.exe)
2016-Kる-25 09:54:44   task (1.dawnSs): executed (C:\Users\ivan\OneDrive\data\GoogleFinanceDownloader_demo\GoogleFinanceDownloaderTest\GoogleFinanceDownloaderTest\bin\Debug\GoogleFinanceDownloaderTest.exe)
2016-Kる-25 09:55:41   task (2.fund1_6): executed (C:\Users\ivan\OneDrive\data\newexecv3F\exeC\bin\Debug\exeC.exe)
2016-Kる-25 10:09:07   task (3.fund2): executed (C:\Users\ivan\OneDrive\data\newexecv3F\exeC\bin\Debug\exeC.exe)
2016-Kる-25 10:11:20   task (4.fund3): executed (C:\Users\ivan\OneDrive\data\newexecv3F\exeC\bin\Debug\exeC.exe)
2016-Kる-25 10:14:02   task (5.picdelete): executed (C:\auto\ConsoleDeleteFile\ConsoleDeleteFile\bin\Debug\ConsoleDeleteFile.exe)
2016-Kる-25 10:14:09   task (6.getpic): executed (C:\Users\ivan\OneDrive\data\getpic\getpic\bin\Debug\getpic.exe)
2016-Kる-25 10:15:01   task (6.getpic): executed (C:\Users\ivan\OneDrive\data\getpic\getpic\bin\Debug\getpic.exe)
2016-Kる-25 10:27:31   task (6.getpic): executed (C:\Users\ivan\OneDrive\data\getpic\getpic\bin\Debug\getpic.exe)
2016-Kる-26 10:47:21   task (1.dawnSs): executed (C:\Users\ivan\OneDrive\data\GoogleFinanceDownloader_demo\GoogleFinanceDownloaderTest\GoogleFinanceDownloaderTest\bin\Debug\GoogleFinanceDownloaderTest.exe)
2016-Kる-26 10:47:56   task (2.fund1_6): executed (C:\Users\ivan\OneDrive\data\newexecv3F\exeC\bin\Debug\exeC.exe)
2016-Kる-26 10:49:25   task (3.fund2): executed (C:\Users\ivan\OneDrive\data\newexecv3F\exeC\bin\Debug\exeC.exe)
2016-Kる-26 10:51:59   task (4.fund3): executed (C:\Users\ivan\OneDrive\data\newexecv3F\exeC\bin\Debug\exeC.exe)
2016-Kる-26 10:52:46   task (5.picdelete): executed (C:\auto\ConsoleDeleteFile\ConsoleDeleteFile\bin\Debug\ConsoleDeleteFile.exe)
2016-Kる-26 10:52:57   task (6.getpic): executed (C:\Users\ivan\OneDrive\data\getpic\getpic\bin\Debug\getpic.exe)
2016-Kる-29 09:07:03   task (1.dawnSs): executed (C:\Users\ivan\OneDrive\data\GoogleFinanceDownloader_demo\GoogleFinanceDownloaderTest\GoogleFinanceDownloaderTest\bin\Debug\GoogleFinanceDownloaderTest.exe)
2016-Kる-29 09:09:44   task (2fund_3day): executed (C:\Users\ivan\OneDrive\data\newexecv3F\exeC\bin\Debug\exeC.exe)
2016-Kる-29 09:54:59   task (3.fund2): executed (C:\Users\ivan\OneDrive\data\newexecv3F\exeC\bin\Debug\exeC.exe)
2016-Kる-29 09:56:55   task (4fund_3day): executed (C:\Users\ivan\OneDrive\data\newexecv3F\exeC\bin\Debug\exeC.exe)
2016-Kる-29 10:13:14   task (5.picdelete): executed (C:\auto\ConsoleDeleteFile\ConsoleDeleteFile\bin\Debug\ConsoleDeleteFile.exe)
2016-Kる-29 10:13:30   task (6.getpic): executed (C:\Users\ivan\OneDrive\data\getpic\getpic\bin\Debug\getpic.exe)
2016-Kる-30 09:35:29   task (1.dawnSs): executed (C:\Users\ivan\OneDrive\data\GoogleFinanceDownloader_demo\GoogleFinanceDownloaderTest\GoogleFinanceDownloaderTest\bin\Debug\GoogleFinanceDownloaderTest.exe)
2016-Kる-30 09:36:38   task (2.fund1_6): executed (C:\Users\ivan\OneDrive\data\newexecv3F\exeC\bin\Debug\exeC.exe)
2016-Kる-30 09:38:34   task (3.fund2): executed (C:\Users\ivan\OneDrive\data\newexecv3F\exeC\bin\Debug\exeC.exe)
2016-Kる-30 09:48:41   task (3.fund2): executed (C:\Users\ivan\OneDrive\data\newexecv3F\exeC\bin\Debug\exeC.exe)
2016-Kる-30 09:55:53   task (4.fund3): executed (C:\Users\ivan\OneDrive\data\newexecv3F\exeC\bin\Debug\exeC.exe)
2016-Kる-30 09:56:59   task (5.picdelete): executed (C:\auto\ConsoleDeleteFile\ConsoleDeleteFile\bin\Debug\ConsoleDeleteFile.exe)
2016-Kる-30 09:57:07   task (6.getpic): executed (C:\Users\ivan\OneDrive\data\getpic\getpic\bin\Debug\getpic.exe)
2016-Kる-31 09:09:42   task (1.dawnSs): executed (C:\Users\ivan\OneDrive\data\GoogleFinanceDownloader_demo\GoogleFinanceDownloaderTest\GoogleFinanceDownloaderTest\bin\Debug\GoogleFinanceDownloaderTest.exe)
2016-Kる-31 09:13:50   task (2.fund1_6): executed (C:\Users\ivan\OneDrive\data\newexecv3F\exeC\bin\Debug\exeC.exe)
2016-Kる-31 09:53:15   task (3.fund2): executed (C:\Users\ivan\OneDrive\data\newexecv3F\exeC\bin\Debug\exeC.exe)
2016-Kる-31 10:02:00   task (4.fund3): executed (C:\Users\ivan\OneDrive\data\newexecv3F\exeC\bin\Debug\exeC.exe)
2016-Kる-31 10:05:03   task (5.picdelete): executed (C:\auto\ConsoleDeleteFile\ConsoleDeleteFile\bin\Debug\ConsoleDeleteFile.exe)
2016-Kる-31 10:47:05   task (6.getpic): executed (C:\Users\ivan\OneDrive\data\getpic\getpic\bin\Debug\getpic.exe)
2016-Eる-01 09:57:55   task (1.dawnSs): executed (C:\Users\ivan\OneDrive\data\GoogleFinanceDownloader_demo\GoogleFinanceDownloaderTest\GoogleFinanceDownloaderTest\bin\Debug\GoogleFinanceDownloaderTest.exe)
2016-Eる-01 10:03:31   task (2.fund1_6): executed (C:\Users\ivan\OneDrive\data\newexecv3F\exeC\bin\Debug\exeC.exe)
2016-Eる-01 10:06:02   task (2.fund1_6): executed (C:\Users\ivan\OneDrive\data\newexecv3F\exeC\bin\Debug\exeC.exe)
2016-Eる-01 10:06:26   task (3.fund2): executed (C:\Users\ivan\OneDrive\data\newexecv3F\exeC\bin\Debug\exeC.exe)
2016-Eる-01 10:08:00   task (4.fund3): executed (C:\Users\ivan\OneDrive\data\newexecv3F\exeC\bin\Debug\exeC.exe)
2016-Eる-01 10:11:16   task (2.fund1_6): executed (C:\Users\ivan\OneDrive\data\newexecv3F\exeC\bin\Debug\exeC.exe)
2016-Eる-01 10:16:14   task (5.picdelete): executed (C:\auto\ConsoleDeleteFile\ConsoleDeleteFile\bin\Debug\ConsoleDeleteFile.exe)
2016-Eる-01 10:20:28   task (6.getpic): executed (C:\Users\ivan\OneDrive\data\getpic\getpic\bin\Debug\getpic.exe)
2016-Eる-01 10:36:59   task (3.fund2): executed (C:\Users\ivan\OneDrive\data\newexecv3F\exeC\bin\Debug\exeC.exe)
2016-Eる-01 11:12:12   task (4.fund3): executed (C:\Users\ivan\OneDrive\data\newexecv3F\exeC\bin\Debug\exeC.exe)
2016-Eる-01 11:13:45   task (6.getpic): executed (C:\Users\ivan\OneDrive\data\getpic\getpic\bin\Debug\getpic.exe)
2016-Eる-01 11:15:44   task (6.getpic): executed (C:\Users\ivan\OneDrive\data\getpic\getpic\bin\Debug\getpic.exe)
2016-Eる-02 10:37:22   task (1.dawnSs): executed (C:\Users\ivan\OneDrive\data\GoogleFinanceDownloader_demo\GoogleFinanceDownloaderTest\GoogleFinanceDownloaderTest\bin\Debug\GoogleFinanceDownloaderTest.exe)
2016-Eる-02 10:41:10   task (2.fund1_6): executed (C:\Users\ivan\OneDrive\data\newexecv3F\exeC\bin\Debug\exeC.exe)
2016-Eる-02 10:42:12   task (3.fund2): executed (C:\Users\ivan\OneDrive\data\newexecv3F\exeC\bin\Debug\exeC.exe)
2016-Eる-02 10:51:27   task (4.fund3): executed (C:\Users\ivan\OneDrive\data\newexecv3F\exeC\bin\Debug\exeC.exe)
2016-Eる-02 10:56:27   task (4.fund3): executed (C:\Users\ivan\OneDrive\data\newexecv3F\exeC\bin\Debug\exeC.exe)
2016-Eる-02 10:56:41   task (5.picdelete): executed (C:\auto\ConsoleDeleteFile\ConsoleDeleteFile\bin\Debug\ConsoleDeleteFile.exe)
2016-Eる-02 10:57:13   task (6.getpic): executed (C:\Users\ivan\OneDrive\data\getpic\getpic\bin\Debug\getpic.exe)
2016-Eる-05 10:38:17   task (1.dawnSs): executed (C:\Users\ivan\OneDrive\data\GoogleFinanceDownloader_demo\GoogleFinanceDownloaderTest\GoogleFinanceDownloaderTest\bin\Debug\GoogleFinanceDownloaderTest.exe)
2016-Eる-05 10:38:45   task (2fund_3day): executed (C:\Users\ivan\OneDrive\data\newexecv3F\exeC\bin\Debug\exeC.exe)
2016-Eる-05 10:42:29   task (3.fund2): executed (C:\Users\ivan\OneDrive\data\newexecv3F\exeC\bin\Debug\exeC.exe)
2016-Eる-05 10:44:50   task (4fund_3day): executed (C:\Users\ivan\OneDrive\data\newexecv3F\exeC\bin\Debug\exeC.exe)
2016-Eる-05 10:48:46   task (5.picdelete): executed (C:\auto\ConsoleDeleteFile\ConsoleDeleteFile\bin\Debug\ConsoleDeleteFile.exe)
2016-Eる-05 10:48:53   task (6.getpic): executed (C:\Users\ivan\OneDrive\data\getpic\getpic\bin\Debug\getpic.exe)
2016-Eる-06 09:25:26   task (1.dawnSs): executed (C:\Users\ivan\OneDrive\data\GoogleFinanceDownloader_demo\GoogleFinanceDownloaderTest\GoogleFinanceDownloaderTest\bin\Debug\GoogleFinanceDownloaderTest.exe)
2016-Eる-06 10:08:33   task (2.fund1_6): executed (C:\Users\ivan\OneDrive\data\newexecv3F\exeC\bin\Debug\exeC.exe)
2016-Eる-06 10:09:46   task (3.fund2): executed (C:\Users\ivan\OneDrive\data\newexecv3F\exeC\bin\Debug\exeC.exe)
2016-Eる-06 10:16:48   task (4.fund3): executed (C:\Users\ivan\OneDrive\data\newexecv3F\exeC\bin\Debug\exeC.exe)
2016-Eる-06 10:23:31   task (5.picdelete): executed (C:\auto\ConsoleDeleteFile\ConsoleDeleteFile\bin\Debug\ConsoleDeleteFile.exe)
2016-Eる-06 10:23:54   task (6.getpic): executed (C:\Users\ivan\OneDrive\data\getpic\getpic\bin\Debug\getpic.exe)
2016-Eる-07 10:03:41   task (1.dawnSs): executed (C:\Users\ivan\OneDrive\data\GoogleFinanceDownloader_demo\GoogleFinanceDownloaderTest\GoogleFinanceDownloaderTest\bin\Debug\GoogleFinanceDownloaderTest.exe)
2016-Eる-07 10:05:35   task (2.fund1_6): executed (C:\Users\ivan\OneDrive\data\newexecv3F\exeC\bin\Debug\exeC.exe)
2016-Eる-07 10:11:09   task (3.fund2): executed (C:\Users\ivan\OneDrive\data\newexecv3F\exeC\bin\Debug\exeC.exe)
2016-Eる-07 10:18:35   task (4.fund3): executed (C:\Users\ivan\OneDrive\data\newexecv3F\exeC\bin\Debug\exeC.exe)
2016-Eる-07 10:19:40   task (3.fund2): executed (C:\Users\ivan\OneDrive\data\newexecv3F\exeC\bin\Debug\exeC.exe)
2016-Eる-07 10:32:36   task (5.picdelete): executed (C:\auto\ConsoleDeleteFile\ConsoleDeleteFile\bin\Debug\ConsoleDeleteFile.exe)
2016-Eる-07 10:32:46   task (6.getpic): executed (C:\Users\ivan\OneDrive\data\getpic\getpic\bin\Debug\getpic.exe)
